<!DOCTYPE html PUBLIC "-//W3C//DTD XHTML 1.1//EN" "http://www.w3.org/TR/xhtml11/DTD/xhtml11.dtd">
<html xmlns="http://www.w3.org/1999/xhtml">
<head>
<meta http-equiv="content-type" content="text/html; charset=UTF-8"/>
<title>TestNG Report</title>
<style type="text/css">table {margin-bottom:10px;border-collapse:collapse;empty-cells:show}th,td {border:1px solid #009;padding:.25em .5em}th {vertical-align:bottom}td {vertical-align:top}table a {font-weight:bold}.stripe td {background-color: #E6EBF9}.num {text-align:right}.passedodd td {background-color: #3F3}.passedeven td {background-color: #0A0}.skippedodd td {background-color: #DDD}.skippedeven td {background-color: #CCC}.failedodd td,.attn {background-color: #F33}.failedeven td,.stripe .attn {background-color: #D00}.stacktrace {white-space:pre;font-family:monospace}.totop {font-size:85%;text-align:center;border-bottom:2px solid #000}.invisible {display:none}</style>
</head>
<body>
<table>
<tr><th>Test</th><th># Passed</th><th># Skipped</th><th># Failed</th><th>Time (ms)</th><th>Included Groups</th><th>Excluded Groups</th></tr>
<tr><th colspan="7">AutomatedTestingFrameworkOfLibrary</th></tr>
<tr><td><a href="#t0">AccountRelatedTest</a></td><td class="num">2</td><td class="num">0</td><td class="num">0</td><td class="num">55,759</td><td></td><td></td></tr>
<tr class="stripe"><td><a href="#t1">ActivityTest</a></td><td class="num">5</td><td class="num">0</td><td class="num attn">1</td><td class="num">120,349</td><td></td><td></td></tr>
<tr><td><a href="#t2">InfoTest</a></td><td class="num">3</td><td class="num">0</td><td class="num">0</td><td class="num">39,896</td><td></td><td></td></tr>
<tr class="stripe"><td><a href="#t3">LearningCenterTest</a></td><td class="num">7</td><td class="num">0</td><td class="num attn">1</td><td class="num">108,268</td><td></td><td></td></tr>
<tr><td><a href="#t4">RecommendationTest</a></td><td class="num">2</td><td class="num">0</td><td class="num">0</td><td class="num">21,431</td><td></td><td></td></tr>
<tr class="stripe"><td><a href="#t5">ResourceTest</a></td><td class="num">9</td><td class="num">0</td><td class="num attn">4</td><td class="num">249,036</td><td></td><td></td></tr>
<tr><td><a href="#t6">ServiceTest</a></td><td class="num">6</td><td class="num">0</td><td class="num attn">4</td><td class="num">319,217</td><td></td><td></td></tr>
<tr><th>Total</th><th class="num">34</th><th class="num">0</th><th class="num attn">10</th><th class="num">913,956</th><th colspan="2"></th></tr>
</table>
<table id='summary'><thead><tr><th>Class</th><th>Method</th><th>Start</th><th>Time (ms)</th></tr></thead><tbody><tr><th colspan="4">AutomatedTestingFrameworkOfLibrary</th></tr></tbody><tbody id="t0"><tr><th colspan="4">AccountRelatedTest &#8212; passed</th></tr><tr class="passedeven"><td rowspan="1">TestCase.AccountRelatedTest.AccountInfo</td><td><a href="#m0">accountInfoTest</a></td><td rowspan="1">1526991213860</td><td rowspan="1">23012</td></tr><tr class="passedodd"><td rowspan="1">TestCase.AccountRelatedTest.Login</td><td><a href="#m1">loginTest</a></td><td rowspan="1">1526991247315</td><td rowspan="1">8374</td></tr></tbody>
<tbody id="t1"><tr><th colspan="4">ActivityTest &#8212; failed</th></tr><tr class="failedeven"><td rowspan="1">TestCase.ActivityTest.Other</td><td><a href="#m2">otherTest</a></td><td rowspan="1">1526991324575</td><td rowspan="1">20105</td></tr><tr><th colspan="4">ActivityTest &#8212; passed</th></tr><tr class="passedeven"><td rowspan="1">TestCase.ActivityTest.Activity</td><td><a href="#m3">activityTest</a></td><td rowspan="1">1526991276171</td><td rowspan="1">5549</td></tr><tr class="passedodd"><td rowspan="1">TestCase.ActivityTest.Appreciate</td><td><a href="#m4">appreciateTest</a></td><td rowspan="1">1526991292841</td><td rowspan="1">3746</td></tr><tr class="passedeven"><td rowspan="1">TestCase.ActivityTest.Lecture</td><td><a href="#m5">lectureTest</a></td><td rowspan="1">1526991302874</td><td rowspan="1">12636</td></tr><tr class="passedodd"><td rowspan="1">TestCase.ActivityTest.Read</td><td><a href="#m6">readTest</a></td><td rowspan="1">1526991353285</td><td rowspan="1">3911</td></tr><tr class="passedeven"><td rowspan="1">TestCase.ActivityTest.Salon</td><td><a href="#m7">salonTest</a></td><td rowspan="1">1526991371233</td><td rowspan="1">4834</td></tr></tbody>
<tbody id="t2"><tr><th colspan="4">InfoTest &#8212; passed</th></tr><tr class="passedeven"><td rowspan="1">TestCase.InfoTest.Notice</td><td><a href="#m8">noticeTest</a></td><td rowspan="1">1526991384641</td><td rowspan="1">4747</td></tr><tr class="passedodd"><td rowspan="1">TestCase.InfoTest.RealTimeInfo</td><td><a href="#m9">realTimeInfoTest</a></td><td rowspan="1">1526991394175</td><td rowspan="1">8464</td></tr><tr class="passedeven"><td rowspan="1">TestCase.InfoTest.ResourceDynamics</td><td><a href="#m10">resourceDynamicsTest</a></td><td rowspan="1">1526991409695</td><td rowspan="1">6319</td></tr></tbody>
<tbody id="t3"><tr><th colspan="4">LearningCenterTest &#8212; failed</th></tr><tr class="failedeven"><td rowspan="1">TestCase.LearningCenterTest.EddieCorsonReportingHall</td><td><a href="#m11">eddieCorsonReportingHallTest</a></td><td rowspan="1">1526991443483</td><td rowspan="1">4422</td></tr><tr><th colspan="4">LearningCenterTest &#8212; passed</th></tr><tr class="passedeven"><td rowspan="1">TestCase.LearningCenterTest.Credit</td><td><a href="#m12">creditTest</a></td><td rowspan="1">1526991425941</td><td rowspan="1">2253</td></tr><tr class="passedodd"><td rowspan="1">TestCase.LearningCenterTest.EddieCorsonMedia</td><td><a href="#m13">eddieCorsonMediaTest</a></td><td rowspan="1">1526991433246</td><td rowspan="1">4268</td></tr><tr class="passedeven"><td rowspan="1">TestCase.LearningCenterTest.LearningCenterOL</td><td><a href="#m14">learningCenterOLTest</a></td><td rowspan="1">1526991457985</td><td rowspan="1">20714</td></tr><tr class="passedodd"><td rowspan="1">TestCase.LearningCenterTest.Mooc</td><td><a href="#m15">moocTest</a></td><td rowspan="1">1526991484824</td><td rowspan="1">2977</td></tr><tr class="passedeven"><td rowspan="1">TestCase.LearningCenterTest.MultimediaAccountingVideo</td><td><a href="#m16">multimediaAccountingVideoTest</a></td><td rowspan="1">1526991493995</td><td rowspan="1">4144</td></tr><tr class="passedodd"><td rowspan="1">TestCase.LearningCenterTest.PublicAwareness</td><td><a href="#m17">publicAwarenessTest</a></td><td rowspan="1">1526991504686</td><td rowspan="1">4489</td></tr><tr class="passedeven"><td rowspan="1">TestCase.LearningCenterTest.StartPoint</td><td><a href="#m18">startPointTest</a></td><td rowspan="1">1526991515063</td><td rowspan="1">9163</td></tr></tbody>
<tbody id="t4"><tr><th colspan="4">RecommendationTest &#8212; passed</th></tr><tr class="passedeven"><td rowspan="1">TestCase.RecommendationTest.NewArrivals</td><td><a href="#m19">newArrivalsTest</a></td><td rowspan="1">1526991530113</td><td rowspan="1">1866</td></tr><tr class="passedodd"><td rowspan="1">TestCase.RecommendationTest.ThemeRecommendation</td><td><a href="#m20">themeRecommendationTest</a></td><td rowspan="1">1526991538001</td><td rowspan="1">7678</td></tr></tbody>
<tbody id="t5"><tr><th colspan="4">ResourceTest &#8212; failed</th></tr><tr class="failedeven"><td rowspan="1">TestCase.ResourceTest.CharacteristicResources</td><td><a href="#m21">characteristicResourcesTest</a></td><td rowspan="1">1526991555970</td><td rowspan="1">25013</td></tr><tr class="failedodd"><td rowspan="1">TestCase.ResourceTest.ChinesePatentAndStandard</td><td><a href="#m22">chinesePatentAndStandardTest</a></td><td rowspan="1">1526991629000</td><td rowspan="1">26313</td></tr><tr class="failedeven"><td rowspan="1">TestCase.ResourceTest.ChineseYearbook</td><td><a href="#m23">chineseYearbookTest</a></td><td rowspan="1">1526991676093</td><td rowspan="1">16382</td></tr><tr class="failedodd"><td rowspan="1">TestCase.ResourceTest.GlobalOpenCurriculumResources</td><td><a href="#m24">globalOpenCurriculumResourcesTest</a></td><td rowspan="1">1526991753037</td><td rowspan="1">21314</td></tr><tr><th colspan="4">ResourceTest &#8212; passed</th></tr><tr class="passedeven"><td rowspan="1">TestCase.ResourceTest.ChineseIndexOrLiterature</td><td><a href="#m25">chineseIndexOrLiteratureTest</a></td><td rowspan="1">1526991591160</td><td rowspan="1">8842</td></tr><tr class="passedodd"><td rowspan="1">TestCase.ResourceTest.ChineseNumericValueOrFact</td><td><a href="#m26">chineseNumericValueOrFactTest</a></td><td rowspan="1">1526991610212</td><td rowspan="1">14052</td></tr><tr class="passedeven"><td rowspan="1">TestCase.ResourceTest.ChinesePeriodicalNewspaper</td><td><a href="#m27">chinesePeriodicalNewspaperTest</a></td><td rowspan="1">1526991667333</td><td rowspan="1">2240</td></tr><tr class="passedodd"><td rowspan="1">TestCase.ResourceTest.DissertationsAndTheses</td><td><a href="#m28">dissertationsAndThesesTest</a></td><td rowspan="1">1526991702997</td><td rowspan="1">11684</td></tr><tr class="passedeven"><td rowspan="1">TestCase.ResourceTest.ElectronicBooks</td><td><a href="#m29">electronicBooksTest</a></td><td rowspan="1">1526991719432</td><td rowspan="1">2124</td></tr><tr class="passedodd"><td rowspan="1">TestCase.ResourceTest.ForeignElectronicPeriodicals</td><td><a href="#m30">foreignElectronicPeriodicalsTest</a></td><td rowspan="1">1526991727538</td><td rowspan="1">3273</td></tr><tr class="passedeven"><td rowspan="1">TestCase.ResourceTest.FreeResources</td><td><a href="#m31">freeResourcesTest</a></td><td rowspan="1">1526991736784</td><td rowspan="1">5466</td></tr><tr class="passedodd"><td rowspan="1">TestCase.ResourceTest.MultimediaLearningLibrary</td><td><a href="#m32">multimediaLearningLibraryTest</a></td><td rowspan="1">1526991780210</td><td rowspan="1">3692</td></tr><tr class="passedeven"><td rowspan="1">TestCase.ResourceTest.OffcampusAccess</td><td><a href="#m33">offcampusAccessTest</a></td><td rowspan="1">1526991790146</td><td rowspan="1">4630</td></tr></tbody>
<tbody id="t6"><tr><th colspan="4">ServiceTest &#8212; failed</th></tr><tr class="failedeven"><td rowspan="1">TestCase.ServiceTest.QuestionAnswer</td><td><a href="#m34">questionAnswerTest</a></td><td rowspan="1">1526991897448</td><td rowspan="1">18145</td></tr><tr class="failedodd"><td rowspan="1">TestCase.ServiceTest.ReaderService</td><td><a href="#m35">readerServiceTest</a></td><td rowspan="1">1526991920213</td><td rowspan="1">10152</td></tr><tr class="failedeven"><td rowspan="1">TestCase.ServiceTest.SubjectService</td><td><a href="#m36">subjectServiceTest</a></td><td rowspan="1">1526992006230</td><td rowspan="1">72299</td></tr><tr class="failedodd"><td rowspan="1">TestCase.ServiceTest.TeachingAndTraining</td><td><a href="#m37">teachingAndTrainingTest</a></td><td rowspan="1">1526992103949</td><td rowspan="1">10102</td></tr><tr><th colspan="4">ServiceTest &#8212; passed</th></tr><tr class="passedeven"><td rowspan="1">TestCase.ServiceTest.CheckAndCheck</td><td><a href="#m38">checkAndCheckTest</a></td><td rowspan="1">1526991808355</td><td rowspan="1">2454</td></tr><tr class="passedodd"><td rowspan="1">TestCase.ServiceTest.DocumentDelivery</td><td><a href="#m39">documentDeliveryTest</a></td><td rowspan="1">1526991817749</td><td rowspan="1">1763</td></tr><tr class="passedeven"><td rowspan="1">TestCase.ServiceTest.InformationService</td><td><a href="#m40">informationServiceTest</a></td><td rowspan="1">1526991830286</td><td rowspan="1">8412</td></tr><tr class="passedodd"><td rowspan="1">TestCase.ServiceTest.NoveltySearch</td><td><a href="#m41">noveltySearchTest</a></td><td rowspan="1">1526991857670</td><td rowspan="1">3768</td></tr><tr class="passedeven"><td rowspan="1">TestCase.ServiceTest.PatentService</td><td><a href="#m42">patentServicekTest</a></td><td rowspan="1">1526991878022</td><td rowspan="1">6535</td></tr><tr class="passedodd"><td rowspan="1">TestCase.ServiceTest.ReservationService</td><td><a href="#m43">reservationServiceTest</a></td><td rowspan="1">1526991951308</td><td rowspan="1">12784</td></tr></tbody>
</table>
<h2>AccountRelatedTest</h2><h3 id="m0">TestCase.AccountRelatedTest.AccountInfo#accountInfoTest</h3><table class="result"><tr><th class="invisible"/></tr></table><p class="totop"><a href="#summary">back to summary</a></p>
<h3 id="m1">TestCase.AccountRelatedTest.Login#loginTest</h3><table class="result"><tr><th class="invisible"/></tr></table><p class="totop"><a href="#summary">back to summary</a></p>
<h2>ActivityTest</h2><h3 id="m2">TestCase.ActivityTest.Other#otherTest</h3><table class="result"><tr><th>Exception</th></tr><tr><td><div class="stacktrace">org.openqa.selenium.TimeoutException: timeout
  (Session info: chrome=66.0.3359.181)
  (Driver info: chromedriver=2.38.552522 (437e6fbedfa8762dec75e2c5b3ddb86763dc9dcb),platform=Windows NT 10.0.16299 x86_64) (WARNING: The server did not provide any stacktrace information)
Command duration or timeout: 0 milliseconds
Build info: version: &apos;3.12.0&apos;, revision: &apos;7c6e0b3&apos;, time: &apos;2018-05-08T14:04:26.12Z&apos;
System info: host: &apos;DESKTOP-9K58VOG&apos;, ip: &apos;10.184.5.128&apos;, os.name: &apos;Windows 10&apos;, os.arch: &apos;amd64&apos;, os.version: &apos;10.0&apos;, java.version: &apos;1.8.0_73&apos;
Driver info: org.openqa.selenium.chrome.ChromeDriver
Capabilities {acceptInsecureCerts: false, acceptSslCerts: false, applicationCacheEnabled: false, browserConnectionEnabled: false, browserName: chrome, chrome: {chromedriverVersion: 2.38.552522 (437e6fbedfa876..., userDataDir: C:\Users\GoldOil\AppData\Lo...}, cssSelectorsEnabled: true, databaseEnabled: false, handlesAlerts: true, hasTouchScreen: false, javascriptEnabled: true, locationContextEnabled: true, mobileEmulationEnabled: false, nativeEvents: true, networkConnectionEnabled: false, pageLoadStrategy: normal, platform: XP, platformName: XP, rotatable: false, setWindowRect: true, takesHeapSnapshot: true, takesScreenshot: true, unexpectedAlertBehaviour: , unhandledPromptBehavior: , version: 66.0.3359.181, webStorageEnabled: true}
Session ID: e0a8443afe3646b85da9e88022908142
	at org.openqa.selenium.remote.ErrorHandler.createThrowable(ErrorHandler.java:214)
	at org.openqa.selenium.remote.ErrorHandler.throwIfResponseFailed(ErrorHandler.java:166)
	at org.openqa.selenium.remote.http.JsonHttpResponseCodec.reconstructValue(JsonHttpResponseCodec.java:40)
	at org.openqa.selenium.remote.http.AbstractHttpResponseCodec.decode(AbstractHttpResponseCodec.java:80)
	at org.openqa.selenium.remote.http.AbstractHttpResponseCodec.decode(AbstractHttpResponseCodec.java:44)
	at org.openqa.selenium.remote.HttpCommandExecutor.execute(HttpCommandExecutor.java:158)
	at org.openqa.selenium.remote.service.DriverCommandExecutor.execute(DriverCommandExecutor.java:83)
	at org.openqa.selenium.remote.RemoteWebDriver.execute(RemoteWebDriver.java:543)
	at org.openqa.selenium.remote.RemoteWebElement.execute(RemoteWebElement.java:276)
	at org.openqa.selenium.remote.RemoteWebElement.click(RemoteWebElement.java:83)
	at Utils.ActionBot.clickByXpath(ActionBot.java:118)
	at PageObject.HomePage.goActivity(HomePage.java:97)
	at TestCase.ActivityTest.Other.otherTest(Other.java:22)
... Removed 33 stack frames</div></td></tr></table><p class="totop"><a href="#summary">back to summary</a></p>
<h3 id="m3">TestCase.ActivityTest.Activity#activityTest</h3><table class="result"><tr><th class="invisible"/></tr></table><p class="totop"><a href="#summary">back to summary</a></p>
<h3 id="m4">TestCase.ActivityTest.Appreciate#appreciateTest</h3><table class="result"><tr><th class="invisible"/></tr></table><p class="totop"><a href="#summary">back to summary</a></p>
<h3 id="m5">TestCase.ActivityTest.Lecture#lectureTest</h3><table class="result"><tr><th class="invisible"/></tr></table><p class="totop"><a href="#summary">back to summary</a></p>
<h3 id="m6">TestCase.ActivityTest.Read#readTest</h3><table class="result"><tr><th class="invisible"/></tr></table><p class="totop"><a href="#summary">back to summary</a></p>
<h3 id="m7">TestCase.ActivityTest.Salon#salonTest</h3><table class="result"><tr><th class="invisible"/></tr></table><p class="totop"><a href="#summary">back to summary</a></p>
<h2>InfoTest</h2><h3 id="m8">TestCase.InfoTest.Notice#noticeTest</h3><table class="result"><tr><th class="invisible"/></tr></table><p class="totop"><a href="#summary">back to summary</a></p>
<h3 id="m9">TestCase.InfoTest.RealTimeInfo#realTimeInfoTest</h3><table class="result"><tr><th class="invisible"/></tr></table><p class="totop"><a href="#summary">back to summary</a></p>
<h3 id="m10">TestCase.InfoTest.ResourceDynamics#resourceDynamicsTest</h3><table class="result"><tr><th class="invisible"/></tr></table><p class="totop"><a href="#summary">back to summary</a></p>
<h2>LearningCenterTest</h2><h3 id="m11">TestCase.LearningCenterTest.EddieCorsonReportingHall#eddieCorsonReportingHallTest</h3><table class="result"><tr><th>Exception</th></tr><tr><td><div class="stacktrace">java.lang.AssertionError: 网页标题与预期不符合 expected [爱迪科森网上报告厅] but found [无法找到资源。]
	at Utils.ActionBot.titleAssert(ActionBot.java:294)
	at TestCase.LearningCenterTest.EddieCorsonReportingHall.eddieCorsonReportingHallTest(EddieCorsonReportingHall.java:25)
... Removed 34 stack frames</div></td></tr></table><p class="totop"><a href="#summary">back to summary</a></p>
<h3 id="m12">TestCase.LearningCenterTest.Credit#creditTest</h3><table class="result"><tr><th class="invisible"/></tr></table><p class="totop"><a href="#summary">back to summary</a></p>
<h3 id="m13">TestCase.LearningCenterTest.EddieCorsonMedia#eddieCorsonMediaTest</h3><table class="result"><tr><th class="invisible"/></tr></table><p class="totop"><a href="#summary">back to summary</a></p>
<h3 id="m14">TestCase.LearningCenterTest.LearningCenterOL#learningCenterOLTest</h3><table class="result"><tr><th class="invisible"/></tr></table><p class="totop"><a href="#summary">back to summary</a></p>
<h3 id="m15">TestCase.LearningCenterTest.Mooc#moocTest</h3><table class="result"><tr><th class="invisible"/></tr></table><p class="totop"><a href="#summary">back to summary</a></p>
<h3 id="m16">TestCase.LearningCenterTest.MultimediaAccountingVideo#multimediaAccountingVideoTest</h3><table class="result"><tr><th class="invisible"/></tr></table><p class="totop"><a href="#summary">back to summary</a></p>
<h3 id="m17">TestCase.LearningCenterTest.PublicAwareness#publicAwarenessTest</h3><table class="result"><tr><th class="invisible"/></tr></table><p class="totop"><a href="#summary">back to summary</a></p>
<h3 id="m18">TestCase.LearningCenterTest.StartPoint#startPointTest</h3><table class="result"><tr><th class="invisible"/></tr></table><p class="totop"><a href="#summary">back to summary</a></p>
<h2>RecommendationTest</h2><h3 id="m19">TestCase.RecommendationTest.NewArrivals#newArrivalsTest</h3><table class="result"><tr><th class="invisible"/></tr></table><p class="totop"><a href="#summary">back to summary</a></p>
<h3 id="m20">TestCase.RecommendationTest.ThemeRecommendation#themeRecommendationTest</h3><table class="result"><tr><th class="invisible"/></tr></table><p class="totop"><a href="#summary">back to summary</a></p>
<h2>ResourceTest</h2><h3 id="m21">TestCase.ResourceTest.CharacteristicResources#characteristicResourcesTest</h3><table class="result"><tr><th>Exception</th></tr><tr><td><div class="stacktrace">org.openqa.selenium.TimeoutException: timeout
  (Session info: chrome=66.0.3359.181)
  (Driver info: chromedriver=2.38.552522 (437e6fbedfa8762dec75e2c5b3ddb86763dc9dcb),platform=Windows NT 10.0.16299 x86_64) (WARNING: The server did not provide any stacktrace information)
Command duration or timeout: 0 milliseconds
Build info: version: &apos;3.12.0&apos;, revision: &apos;7c6e0b3&apos;, time: &apos;2018-05-08T14:04:26.12Z&apos;
System info: host: &apos;DESKTOP-9K58VOG&apos;, ip: &apos;10.184.5.128&apos;, os.name: &apos;Windows 10&apos;, os.arch: &apos;amd64&apos;, os.version: &apos;10.0&apos;, java.version: &apos;1.8.0_73&apos;
Driver info: org.openqa.selenium.chrome.ChromeDriver
Capabilities {acceptInsecureCerts: false, acceptSslCerts: false, applicationCacheEnabled: false, browserConnectionEnabled: false, browserName: chrome, chrome: {chromedriverVersion: 2.38.552522 (437e6fbedfa876..., userDataDir: C:\Users\GoldOil\AppData\Lo...}, cssSelectorsEnabled: true, databaseEnabled: false, handlesAlerts: true, hasTouchScreen: false, javascriptEnabled: true, locationContextEnabled: true, mobileEmulationEnabled: false, nativeEvents: true, networkConnectionEnabled: false, pageLoadStrategy: normal, platform: XP, platformName: XP, rotatable: false, setWindowRect: true, takesHeapSnapshot: true, takesScreenshot: true, unexpectedAlertBehaviour: , unhandledPromptBehavior: , version: 66.0.3359.181, webStorageEnabled: true}
Session ID: 69c1098312aec90a5d0fc4253b6b00cd
	at org.openqa.selenium.remote.ErrorHandler.createThrowable(ErrorHandler.java:214)
	at org.openqa.selenium.remote.ErrorHandler.throwIfResponseFailed(ErrorHandler.java:166)
	at org.openqa.selenium.remote.http.JsonHttpResponseCodec.reconstructValue(JsonHttpResponseCodec.java:40)
	at org.openqa.selenium.remote.http.AbstractHttpResponseCodec.decode(AbstractHttpResponseCodec.java:80)
	at org.openqa.selenium.remote.http.AbstractHttpResponseCodec.decode(AbstractHttpResponseCodec.java:44)
	at org.openqa.selenium.remote.HttpCommandExecutor.execute(HttpCommandExecutor.java:158)
	at org.openqa.selenium.remote.service.DriverCommandExecutor.execute(DriverCommandExecutor.java:83)
	at org.openqa.selenium.remote.RemoteWebDriver.execute(RemoteWebDriver.java:543)
	at org.openqa.selenium.remote.RemoteWebDriver.execute(RemoteWebDriver.java:600)
	at org.openqa.selenium.remote.RemoteWebDriver.getTitle(RemoteWebDriver.java:275)
	at Utils.ActionBot.getTitle(ActionBot.java:209)
	at Utils.ActionBot.titleAssert(ActionBot.java:294)
	at TestCase.ResourceTest.CharacteristicResources.characteristicResourcesTest(CharacteristicResources.java:25)
... Removed 33 stack frames</div></td></tr></table><p class="totop"><a href="#summary">back to summary</a></p>
<h3 id="m22">TestCase.ResourceTest.ChinesePatentAndStandard#chinesePatentAndStandardTest</h3><table class="result"><tr><th>Exception</th></tr><tr><td><div class="stacktrace">org.openqa.selenium.TimeoutException: timeout
  (Session info: chrome=66.0.3359.181)
  (Driver info: chromedriver=2.38.552522 (437e6fbedfa8762dec75e2c5b3ddb86763dc9dcb),platform=Windows NT 10.0.16299 x86_64) (WARNING: The server did not provide any stacktrace information)
Command duration or timeout: 0 milliseconds
Build info: version: &apos;3.12.0&apos;, revision: &apos;7c6e0b3&apos;, time: &apos;2018-05-08T14:04:26.12Z&apos;
System info: host: &apos;DESKTOP-9K58VOG&apos;, ip: &apos;10.184.5.128&apos;, os.name: &apos;Windows 10&apos;, os.arch: &apos;amd64&apos;, os.version: &apos;10.0&apos;, java.version: &apos;1.8.0_73&apos;
Driver info: org.openqa.selenium.chrome.ChromeDriver
Capabilities {acceptInsecureCerts: false, acceptSslCerts: false, applicationCacheEnabled: false, browserConnectionEnabled: false, browserName: chrome, chrome: {chromedriverVersion: 2.38.552522 (437e6fbedfa876..., userDataDir: C:\Users\GoldOil\AppData\Lo...}, cssSelectorsEnabled: true, databaseEnabled: false, handlesAlerts: true, hasTouchScreen: false, javascriptEnabled: true, locationContextEnabled: true, mobileEmulationEnabled: false, nativeEvents: true, networkConnectionEnabled: false, pageLoadStrategy: normal, platform: XP, platformName: XP, rotatable: false, setWindowRect: true, takesHeapSnapshot: true, takesScreenshot: true, unexpectedAlertBehaviour: , unhandledPromptBehavior: , version: 66.0.3359.181, webStorageEnabled: true}
Session ID: bcdea528ad9308c2c03fffdcc8711d78
	at org.openqa.selenium.remote.ErrorHandler.createThrowable(ErrorHandler.java:214)
	at org.openqa.selenium.remote.ErrorHandler.throwIfResponseFailed(ErrorHandler.java:166)
	at org.openqa.selenium.remote.http.JsonHttpResponseCodec.reconstructValue(JsonHttpResponseCodec.java:40)
	at org.openqa.selenium.remote.http.AbstractHttpResponseCodec.decode(AbstractHttpResponseCodec.java:80)
	at org.openqa.selenium.remote.http.AbstractHttpResponseCodec.decode(AbstractHttpResponseCodec.java:44)
	at org.openqa.selenium.remote.HttpCommandExecutor.execute(HttpCommandExecutor.java:158)
	at org.openqa.selenium.remote.service.DriverCommandExecutor.execute(DriverCommandExecutor.java:83)
	at org.openqa.selenium.remote.RemoteWebDriver.execute(RemoteWebDriver.java:543)
	at org.openqa.selenium.remote.RemoteWebDriver.execute(RemoteWebDriver.java:600)
	at org.openqa.selenium.remote.RemoteWebDriver.getTitle(RemoteWebDriver.java:275)
	at Utils.ActionBot.getTitle(ActionBot.java:209)
	at Utils.ActionBot.titleAssert(ActionBot.java:294)
	at TestCase.ResourceTest.ChinesePatentAndStandard.chinesePatentAndStandardTest(ChinesePatentAndStandard.java:25)
... Removed 33 stack frames</div></td></tr></table><p class="totop"><a href="#summary">back to summary</a></p>
<h3 id="m23">TestCase.ResourceTest.ChineseYearbook#chineseYearbookTest</h3><table class="result"><tr><th>Exception</th></tr><tr><td><div class="stacktrace">java.lang.AssertionError: 网页标题与预期不符合 expected [中国年鉴网络出版总库] but found [欢迎使用 KNS5.5 数据库平台]
	at Utils.ActionBot.titleAssert(ActionBot.java:294)
	at TestCase.ResourceTest.ChineseYearbook.chineseYearbookTest(ChineseYearbook.java:25)
... Removed 34 stack frames</div></td></tr></table><p class="totop"><a href="#summary">back to summary</a></p>
<h3 id="m24">TestCase.ResourceTest.GlobalOpenCurriculumResources#globalOpenCurriculumResourcesTest</h3><table class="result"><tr><th>Exception</th></tr><tr><td><div class="stacktrace">org.openqa.selenium.TimeoutException: timeout
  (Session info: chrome=66.0.3359.181)
  (Driver info: chromedriver=2.38.552522 (437e6fbedfa8762dec75e2c5b3ddb86763dc9dcb),platform=Windows NT 10.0.16299 x86_64) (WARNING: The server did not provide any stacktrace information)
Command duration or timeout: 0 milliseconds
Build info: version: &apos;3.12.0&apos;, revision: &apos;7c6e0b3&apos;, time: &apos;2018-05-08T14:04:26.12Z&apos;
System info: host: &apos;DESKTOP-9K58VOG&apos;, ip: &apos;10.184.5.128&apos;, os.name: &apos;Windows 10&apos;, os.arch: &apos;amd64&apos;, os.version: &apos;10.0&apos;, java.version: &apos;1.8.0_73&apos;
Driver info: org.openqa.selenium.chrome.ChromeDriver
Capabilities {acceptInsecureCerts: false, acceptSslCerts: false, applicationCacheEnabled: false, browserConnectionEnabled: false, browserName: chrome, chrome: {chromedriverVersion: 2.38.552522 (437e6fbedfa876..., userDataDir: C:\Users\GoldOil\AppData\Lo...}, cssSelectorsEnabled: true, databaseEnabled: false, handlesAlerts: true, hasTouchScreen: false, javascriptEnabled: true, locationContextEnabled: true, mobileEmulationEnabled: false, nativeEvents: true, networkConnectionEnabled: false, pageLoadStrategy: normal, platform: XP, platformName: XP, rotatable: false, setWindowRect: true, takesHeapSnapshot: true, takesScreenshot: true, unexpectedAlertBehaviour: , unhandledPromptBehavior: , version: 66.0.3359.181, webStorageEnabled: true}
Session ID: 78d2e0f157f3aaadbc710144f761e40b
	at org.openqa.selenium.remote.ErrorHandler.createThrowable(ErrorHandler.java:214)
	at org.openqa.selenium.remote.ErrorHandler.throwIfResponseFailed(ErrorHandler.java:166)
	at org.openqa.selenium.remote.http.JsonHttpResponseCodec.reconstructValue(JsonHttpResponseCodec.java:40)
	at org.openqa.selenium.remote.http.AbstractHttpResponseCodec.decode(AbstractHttpResponseCodec.java:80)
	at org.openqa.selenium.remote.http.AbstractHttpResponseCodec.decode(AbstractHttpResponseCodec.java:44)
	at org.openqa.selenium.remote.HttpCommandExecutor.execute(HttpCommandExecutor.java:158)
	at org.openqa.selenium.remote.service.DriverCommandExecutor.execute(DriverCommandExecutor.java:83)
	at org.openqa.selenium.remote.RemoteWebDriver.execute(RemoteWebDriver.java:543)
	at org.openqa.selenium.remote.RemoteWebDriver.execute(RemoteWebDriver.java:600)
	at org.openqa.selenium.remote.RemoteWebDriver.getTitle(RemoteWebDriver.java:275)
	at Utils.ActionBot.getTitle(ActionBot.java:209)
	at Utils.ActionBot.titleAssert(ActionBot.java:294)
	at TestCase.ResourceTest.GlobalOpenCurriculumResources.globalOpenCurriculumResourcesTest(GlobalOpenCurriculumResources.java:25)
... Removed 33 stack frames</div></td></tr></table><p class="totop"><a href="#summary">back to summary</a></p>
<h3 id="m25">TestCase.ResourceTest.ChineseIndexOrLiterature#chineseIndexOrLiteratureTest</h3><table class="result"><tr><th class="invisible"/></tr></table><p class="totop"><a href="#summary">back to summary</a></p>
<h3 id="m26">TestCase.ResourceTest.ChineseNumericValueOrFact#chineseNumericValueOrFactTest</h3><table class="result"><tr><th class="invisible"/></tr></table><p class="totop"><a href="#summary">back to summary</a></p>
<h3 id="m27">TestCase.ResourceTest.ChinesePeriodicalNewspaper#chinesePeriodicalNewspaperTest</h3><table class="result"><tr><th class="invisible"/></tr></table><p class="totop"><a href="#summary">back to summary</a></p>
<h3 id="m28">TestCase.ResourceTest.DissertationsAndTheses#dissertationsAndThesesTest</h3><table class="result"><tr><th class="invisible"/></tr></table><p class="totop"><a href="#summary">back to summary</a></p>
<h3 id="m29">TestCase.ResourceTest.ElectronicBooks#electronicBooksTest</h3><table class="result"><tr><th class="invisible"/></tr></table><p class="totop"><a href="#summary">back to summary</a></p>
<h3 id="m30">TestCase.ResourceTest.ForeignElectronicPeriodicals#foreignElectronicPeriodicalsTest</h3><table class="result"><tr><th class="invisible"/></tr></table><p class="totop"><a href="#summary">back to summary</a></p>
<h3 id="m31">TestCase.ResourceTest.FreeResources#freeResourcesTest</h3><table class="result"><tr><th class="invisible"/></tr></table><p class="totop"><a href="#summary">back to summary</a></p>
<h3 id="m32">TestCase.ResourceTest.MultimediaLearningLibrary#multimediaLearningLibraryTest</h3><table class="result"><tr><th class="invisible"/></tr></table><p class="totop"><a href="#summary">back to summary</a></p>
<h3 id="m33">TestCase.ResourceTest.OffcampusAccess#offcampusAccessTest</h3><table class="result"><tr><th class="invisible"/></tr></table><p class="totop"><a href="#summary">back to summary</a></p>
<h2>ServiceTest</h2><h3 id="m34">TestCase.ServiceTest.QuestionAnswer#questionAnswerTest</h3><table class="result"><tr><th>Exception</th></tr><tr><td><div class="stacktrace">org.openqa.selenium.NoSuchElementException: no such element: Unable to locate element: {&quot;method&quot;:&quot;name&quot;,&quot;selector&quot;:&quot;keyword&quot;}
  (Session info: chrome=66.0.3359.181)
  (Driver info: chromedriver=2.38.552522 (437e6fbedfa8762dec75e2c5b3ddb86763dc9dcb),platform=Windows NT 10.0.16299 x86_64) (WARNING: The server did not provide any stacktrace information)
Command duration or timeout: 0 milliseconds
For documentation on this error, please visit: http://seleniumhq.org/exceptions/no_such_element.html
Build info: version: &apos;3.12.0&apos;, revision: &apos;7c6e0b3&apos;, time: &apos;2018-05-08T14:04:26.12Z&apos;
System info: host: &apos;DESKTOP-9K58VOG&apos;, ip: &apos;10.184.5.128&apos;, os.name: &apos;Windows 10&apos;, os.arch: &apos;amd64&apos;, os.version: &apos;10.0&apos;, java.version: &apos;1.8.0_73&apos;
Driver info: org.openqa.selenium.chrome.ChromeDriver
Capabilities {acceptInsecureCerts: false, acceptSslCerts: false, applicationCacheEnabled: false, browserConnectionEnabled: false, browserName: chrome, chrome: {chromedriverVersion: 2.38.552522 (437e6fbedfa876..., userDataDir: C:\Users\GoldOil\AppData\Lo...}, cssSelectorsEnabled: true, databaseEnabled: false, handlesAlerts: true, hasTouchScreen: false, javascriptEnabled: true, locationContextEnabled: true, mobileEmulationEnabled: false, nativeEvents: true, networkConnectionEnabled: false, pageLoadStrategy: normal, platform: XP, platformName: XP, rotatable: false, setWindowRect: true, takesHeapSnapshot: true, takesScreenshot: true, unexpectedAlertBehaviour: , unhandledPromptBehavior: , version: 66.0.3359.181, webStorageEnabled: true}
Session ID: 4153ff41db77c8f703435b862e7c9bc0
*** Element info: {Using=name, value=keyword}
	at org.openqa.selenium.remote.ErrorHandler.createThrowable(ErrorHandler.java:214)
	at org.openqa.selenium.remote.ErrorHandler.throwIfResponseFailed(ErrorHandler.java:166)
	at org.openqa.selenium.remote.http.JsonHttpResponseCodec.reconstructValue(JsonHttpResponseCodec.java:40)
	at org.openqa.selenium.remote.http.AbstractHttpResponseCodec.decode(AbstractHttpResponseCodec.java:80)
	at org.openqa.selenium.remote.http.AbstractHttpResponseCodec.decode(AbstractHttpResponseCodec.java:44)
	at org.openqa.selenium.remote.HttpCommandExecutor.execute(HttpCommandExecutor.java:158)
	at org.openqa.selenium.remote.service.DriverCommandExecutor.execute(DriverCommandExecutor.java:83)
	at org.openqa.selenium.remote.RemoteWebDriver.execute(RemoteWebDriver.java:543)
	at org.openqa.selenium.remote.RemoteWebDriver.findElement(RemoteWebDriver.java:317)
	at org.openqa.selenium.remote.RemoteWebDriver.findElementByName(RemoteWebDriver.java:395)
	at org.openqa.selenium.By$ByName.findElement(By.java:284)
	at org.openqa.selenium.remote.RemoteWebDriver.findElement(RemoteWebDriver.java:309)
	at Utils.ActionBot.findElementByName(ActionBot.java:33)
	at Utils.ActionBot.sendkeysByName(ActionBot.java:134)
	at PageObject.JointReferencePage.setKeyword(JointReferencePage.java:99)
	at TestCase.ServiceTest.QuestionAnswer.questionAnswerTest(QuestionAnswer.java:26)
... Removed 33 stack frames</div></td></tr></table><p class="totop"><a href="#summary">back to summary</a></p>
<h3 id="m35">TestCase.ServiceTest.ReaderService#readerServiceTest</h3><table class="result"><tr><th>Exception</th></tr><tr><td><div class="stacktrace">org.openqa.selenium.NoSuchElementException: no such element: Unable to locate element: {&quot;method&quot;:&quot;xpath&quot;,&quot;selector&quot;:&quot;/html/body/div[3]/div[5]/div[2]/a[1]/img&quot;}
  (Session info: chrome=66.0.3359.181)
  (Driver info: chromedriver=2.38.552522 (437e6fbedfa8762dec75e2c5b3ddb86763dc9dcb),platform=Windows NT 10.0.16299 x86_64) (WARNING: The server did not provide any stacktrace information)
Command duration or timeout: 0 milliseconds
For documentation on this error, please visit: http://seleniumhq.org/exceptions/no_such_element.html
Build info: version: &apos;3.12.0&apos;, revision: &apos;7c6e0b3&apos;, time: &apos;2018-05-08T14:04:26.12Z&apos;
System info: host: &apos;DESKTOP-9K58VOG&apos;, ip: &apos;10.184.5.128&apos;, os.name: &apos;Windows 10&apos;, os.arch: &apos;amd64&apos;, os.version: &apos;10.0&apos;, java.version: &apos;1.8.0_73&apos;
Driver info: org.openqa.selenium.chrome.ChromeDriver
Capabilities {acceptInsecureCerts: false, acceptSslCerts: false, applicationCacheEnabled: false, browserConnectionEnabled: false, browserName: chrome, chrome: {chromedriverVersion: 2.38.552522 (437e6fbedfa876..., userDataDir: C:\Users\GoldOil\AppData\Lo...}, cssSelectorsEnabled: true, databaseEnabled: false, handlesAlerts: true, hasTouchScreen: false, javascriptEnabled: true, locationContextEnabled: true, mobileEmulationEnabled: false, nativeEvents: true, networkConnectionEnabled: false, pageLoadStrategy: normal, platform: XP, platformName: XP, rotatable: false, setWindowRect: true, takesHeapSnapshot: true, takesScreenshot: true, unexpectedAlertBehaviour: , unhandledPromptBehavior: , version: 66.0.3359.181, webStorageEnabled: true}
Session ID: ef5980ba73538fbb4423a2d63c09ff12
*** Element info: {Using=xpath, value=/html/body/div[3]/div[5]/div[2]/a[1]/img}
	at org.openqa.selenium.remote.ErrorHandler.createThrowable(ErrorHandler.java:214)
	at org.openqa.selenium.remote.ErrorHandler.throwIfResponseFailed(ErrorHandler.java:166)
	at org.openqa.selenium.remote.http.JsonHttpResponseCodec.reconstructValue(JsonHttpResponseCodec.java:40)
	at org.openqa.selenium.remote.http.AbstractHttpResponseCodec.decode(AbstractHttpResponseCodec.java:80)
	at org.openqa.selenium.remote.http.AbstractHttpResponseCodec.decode(AbstractHttpResponseCodec.java:44)
	at org.openqa.selenium.remote.HttpCommandExecutor.execute(HttpCommandExecutor.java:158)
	at org.openqa.selenium.remote.service.DriverCommandExecutor.execute(DriverCommandExecutor.java:83)
	at org.openqa.selenium.remote.RemoteWebDriver.execute(RemoteWebDriver.java:543)
	at org.openqa.selenium.remote.RemoteWebDriver.findElement(RemoteWebDriver.java:317)
	at org.openqa.selenium.remote.RemoteWebDriver.findElementByXPath(RemoteWebDriver.java:419)
	at org.openqa.selenium.By$ByXPath.findElement(By.java:353)
	at org.openqa.selenium.remote.RemoteWebDriver.findElement(RemoteWebDriver.java:309)
	at Utils.ActionBot.findElemetnByXpath(ActionBot.java:58)
	at Utils.ActionBot.clickByXpath(ActionBot.java:118)
	at PageObject.ServicePage.goCollectionDistribution(ServicePage.java:80)
	at TestCase.ServiceTest.ReaderService.readerServiceTest(ReaderService.java:24)
... Removed 33 stack frames</div></td></tr></table><p class="totop"><a href="#summary">back to summary</a></p>
<h3 id="m36">TestCase.ServiceTest.SubjectService#subjectServiceTest</h3><table class="result"><tr><th>Exception</th></tr><tr><td><div class="stacktrace">org.openqa.selenium.TimeoutException: timeout
  (Session info: chrome=66.0.3359.181)
  (Driver info: chromedriver=2.38.552522 (437e6fbedfa8762dec75e2c5b3ddb86763dc9dcb),platform=Windows NT 10.0.16299 x86_64) (WARNING: The server did not provide any stacktrace information)
Command duration or timeout: 0 milliseconds
Build info: version: &apos;3.12.0&apos;, revision: &apos;7c6e0b3&apos;, time: &apos;2018-05-08T14:04:26.12Z&apos;
System info: host: &apos;DESKTOP-9K58VOG&apos;, ip: &apos;10.184.5.128&apos;, os.name: &apos;Windows 10&apos;, os.arch: &apos;amd64&apos;, os.version: &apos;10.0&apos;, java.version: &apos;1.8.0_73&apos;
Driver info: org.openqa.selenium.chrome.ChromeDriver
Capabilities {acceptInsecureCerts: false, acceptSslCerts: false, applicationCacheEnabled: false, browserConnectionEnabled: false, browserName: chrome, chrome: {chromedriverVersion: 2.38.552522 (437e6fbedfa876..., userDataDir: C:\Users\GoldOil\AppData\Lo...}, cssSelectorsEnabled: true, databaseEnabled: false, handlesAlerts: true, hasTouchScreen: false, javascriptEnabled: true, locationContextEnabled: true, mobileEmulationEnabled: false, nativeEvents: true, networkConnectionEnabled: false, pageLoadStrategy: normal, platform: XP, platformName: XP, rotatable: false, setWindowRect: true, takesHeapSnapshot: true, takesScreenshot: true, unexpectedAlertBehaviour: , unhandledPromptBehavior: , version: 66.0.3359.181, webStorageEnabled: true}
Session ID: 1ad742ba292195914c6df29837ca23a2
	at org.openqa.selenium.remote.ErrorHandler.createThrowable(ErrorHandler.java:214)
	at org.openqa.selenium.remote.ErrorHandler.throwIfResponseFailed(ErrorHandler.java:166)
	at org.openqa.selenium.remote.http.JsonHttpResponseCodec.reconstructValue(JsonHttpResponseCodec.java:40)
	at org.openqa.selenium.remote.http.AbstractHttpResponseCodec.decode(AbstractHttpResponseCodec.java:80)
	at org.openqa.selenium.remote.http.AbstractHttpResponseCodec.decode(AbstractHttpResponseCodec.java:44)
	at org.openqa.selenium.remote.HttpCommandExecutor.execute(HttpCommandExecutor.java:158)
	at org.openqa.selenium.remote.service.DriverCommandExecutor.execute(DriverCommandExecutor.java:83)
	at org.openqa.selenium.remote.RemoteWebDriver.execute(RemoteWebDriver.java:543)
	at org.openqa.selenium.remote.RemoteWebElement.execute(RemoteWebElement.java:276)
	at org.openqa.selenium.remote.RemoteWebElement.click(RemoteWebElement.java:83)
	at Utils.ActionBot.clickByXpath(ActionBot.java:118)
	at PageObject.ServicePage.goSubjectService(ServicePage.java:32)
	at TestCase.ServiceTest.SubjectService.subjectServiceTest(SubjectService.java:23)
... Removed 33 stack frames</div></td></tr></table><p class="totop"><a href="#summary">back to summary</a></p>
<h3 id="m37">TestCase.ServiceTest.TeachingAndTraining#teachingAndTrainingTest</h3><table class="result"><tr><th>Exception</th></tr><tr><td><div class="stacktrace">org.openqa.selenium.NoSuchElementException: no such element: Unable to locate element: {&quot;method&quot;:&quot;xpath&quot;,&quot;selector&quot;:&quot;/html/body/div[3]/div[3]/div[2]/a[8]/img&quot;}
  (Session info: chrome=66.0.3359.181)
  (Driver info: chromedriver=2.38.552522 (437e6fbedfa8762dec75e2c5b3ddb86763dc9dcb),platform=Windows NT 10.0.16299 x86_64) (WARNING: The server did not provide any stacktrace information)
Command duration or timeout: 0 milliseconds
For documentation on this error, please visit: http://seleniumhq.org/exceptions/no_such_element.html
Build info: version: &apos;3.12.0&apos;, revision: &apos;7c6e0b3&apos;, time: &apos;2018-05-08T14:04:26.12Z&apos;
System info: host: &apos;DESKTOP-9K58VOG&apos;, ip: &apos;10.184.5.128&apos;, os.name: &apos;Windows 10&apos;, os.arch: &apos;amd64&apos;, os.version: &apos;10.0&apos;, java.version: &apos;1.8.0_73&apos;
Driver info: org.openqa.selenium.chrome.ChromeDriver
Capabilities {acceptInsecureCerts: false, acceptSslCerts: false, applicationCacheEnabled: false, browserConnectionEnabled: false, browserName: chrome, chrome: {chromedriverVersion: 2.38.552522 (437e6fbedfa876..., userDataDir: C:\Users\GoldOil\AppData\Lo...}, cssSelectorsEnabled: true, databaseEnabled: false, handlesAlerts: true, hasTouchScreen: false, javascriptEnabled: true, locationContextEnabled: true, mobileEmulationEnabled: false, nativeEvents: true, networkConnectionEnabled: false, pageLoadStrategy: normal, platform: XP, platformName: XP, rotatable: false, setWindowRect: true, takesHeapSnapshot: true, takesScreenshot: true, unexpectedAlertBehaviour: , unhandledPromptBehavior: , version: 66.0.3359.181, webStorageEnabled: true}
Session ID: af926b5adf2999cfd64950b04ce7365d
*** Element info: {Using=xpath, value=/html/body/div[3]/div[3]/div[2]/a[8]/img}
	at org.openqa.selenium.remote.ErrorHandler.createThrowable(ErrorHandler.java:214)
	at org.openqa.selenium.remote.ErrorHandler.throwIfResponseFailed(ErrorHandler.java:166)
	at org.openqa.selenium.remote.http.JsonHttpResponseCodec.reconstructValue(JsonHttpResponseCodec.java:40)
	at org.openqa.selenium.remote.http.AbstractHttpResponseCodec.decode(AbstractHttpResponseCodec.java:80)
	at org.openqa.selenium.remote.http.AbstractHttpResponseCodec.decode(AbstractHttpResponseCodec.java:44)
	at org.openqa.selenium.remote.HttpCommandExecutor.execute(HttpCommandExecutor.java:158)
	at org.openqa.selenium.remote.service.DriverCommandExecutor.execute(DriverCommandExecutor.java:83)
	at org.openqa.selenium.remote.RemoteWebDriver.execute(RemoteWebDriver.java:543)
	at org.openqa.selenium.remote.RemoteWebDriver.findElement(RemoteWebDriver.java:317)
	at org.openqa.selenium.remote.RemoteWebDriver.findElementByXPath(RemoteWebDriver.java:419)
	at org.openqa.selenium.By$ByXPath.findElement(By.java:353)
	at org.openqa.selenium.remote.RemoteWebDriver.findElement(RemoteWebDriver.java:309)
	at Utils.ActionBot.findElemetnByXpath(ActionBot.java:58)
	at Utils.ActionBot.clickByXpath(ActionBot.java:118)
	at PageObject.ServicePage.goTeachingAndTraining(ServicePage.java:60)
	at TestCase.ServiceTest.TeachingAndTraining.teachingAndTrainingTest(TeachingAndTraining.java:23)
... Removed 33 stack frames</div></td></tr></table><p class="totop"><a href="#summary">back to summary</a></p>
<h3 id="m38">TestCase.ServiceTest.CheckAndCheck#checkAndCheckTest</h3><table class="result"><tr><th class="invisible"/></tr></table><p class="totop"><a href="#summary">back to summary</a></p>
<h3 id="m39">TestCase.ServiceTest.DocumentDelivery#documentDeliveryTest</h3><table class="result"><tr><th class="invisible"/></tr></table><p class="totop"><a href="#summary">back to summary</a></p>
<h3 id="m40">TestCase.ServiceTest.InformationService#informationServiceTest</h3><table class="result"><tr><th class="invisible"/></tr></table><p class="totop"><a href="#summary">back to summary</a></p>
<h3 id="m41">TestCase.ServiceTest.NoveltySearch#noveltySearchTest</h3><table class="result"><tr><th class="invisible"/></tr></table><p class="totop"><a href="#summary">back to summary</a></p>
<h3 id="m42">TestCase.ServiceTest.PatentService#patentServicekTest</h3><table class="result"><tr><th class="invisible"/></tr></table><p class="totop"><a href="#summary">back to summary</a></p>
<h3 id="m43">TestCase.ServiceTest.ReservationService#reservationServiceTest</h3><table class="result"><tr><th class="invisible"/></tr></table><p class="totop"><a href="#summary">back to summary</a></p>
</body>
</html>
