<!DOCTYPE html>

<html>
  <head>
  <meta charset='utf-8'>
  <title>TestNG reports</title>

    <link type="text/css" href="testng-reports.css" rel="stylesheet" />
    <script type="text/javascript" src="jquery-1.7.1.min.js"></script>
    <script type="text/javascript" src="testng-reports.js"></script>
    <script type="text/javascript" src="https://www.google.com/jsapi"></script>
    <script type='text/javascript'>
      google.load('visualization', '1', {packages:['table']});
      google.setOnLoadCallback(drawTable);
      var suiteTableInitFunctions = new Array();
      var suiteTableData = new Array();
    </script>
    <!--
      <script type="text/javascript" src="jquery-ui/js/jquery-ui-1.8.16.custom.min.js"></script>
     -->
  </head>

  <body>
    <div class="top-banner-root">
      <span class="top-banner-title-font">Test results</span>
      <br/>
      <span class="top-banner-font-1">1 suite, 5 failed tests</span>
    </div> <!-- top-banner-root -->
    <div class="navigator-root">
      <div class="navigator-suite-header">
        <span>All suites</span>
        <a href="#" class="collapse-all-link" title="Collapse/expand all the suites">
          <img class="collapse-all-icon" src="collapseall.gif">
          </img> <!-- collapse-all-icon -->
        </a> <!-- collapse-all-link -->
      </div> <!-- navigator-suite-header -->
      <div class="suite">
        <div class="rounded-window">
          <div class="suite-header light-rounded-window-top">
            <a href="#" class="navigator-link" panel-name="suite-AutomatedTestingFrameworkOfLibrary">
              <span class="suite-name border-failed">AutomatedTestingFrameworkOfLibrary</span>
            </a> <!-- navigator-link -->
          </div> <!-- suite-header light-rounded-window-top -->
          <div class="navigator-suite-content">
            <div class="suite-section-title">
              <span>Info</span>
            </div> <!-- suite-section-title -->
            <div class="suite-section-content">
              <ul>
                <li>
                  <a href="#" class="navigator-link " panel-name="test-xml-AutomatedTestingFrameworkOfLibrary">
                    <span>C:\idea\IdeaProjects\AutomatedTestingFrameworkOfLibrary\testng.xml</span>
                  </a> <!-- navigator-link  -->
                </li>
                <li>
                  <a href="#" class="navigator-link " panel-name="testlist-AutomatedTestingFrameworkOfLibrary">
                    <span class="test-stats">7 tests</span>
                  </a> <!-- navigator-link  -->
                </li>
                <li>
                  <a href="#" class="navigator-link " panel-name="group-AutomatedTestingFrameworkOfLibrary">
                    <span>0 groups</span>
                  </a> <!-- navigator-link  -->
                </li>
                <li>
                  <a href="#" class="navigator-link " panel-name="times-AutomatedTestingFrameworkOfLibrary">
                    <span>Times</span>
                  </a> <!-- navigator-link  -->
                </li>
                <li>
                  <a href="#" class="navigator-link " panel-name="reporter-AutomatedTestingFrameworkOfLibrary">
                    <span>Reporter output</span>
                  </a> <!-- navigator-link  -->
                </li>
                <li>
                  <a href="#" class="navigator-link " panel-name="ignored-methods-AutomatedTestingFrameworkOfLibrary">
                    <span>Ignored methods</span>
                  </a> <!-- navigator-link  -->
                </li>
                <li>
                  <a href="#" class="navigator-link " panel-name="chronological-AutomatedTestingFrameworkOfLibrary">
                    <span>Chronological view</span>
                  </a> <!-- navigator-link  -->
                </li>
              </ul>
            </div> <!-- suite-section-content -->
            <div class="result-section">
              <div class="suite-section-title">
                <span>Results</span>
              </div> <!-- suite-section-title -->
              <div class="suite-section-content">
                <ul>
                  <li>
                    <span class="method-stats">44 methods, 5 failed,  4 skipped,  35 passed</span>
                  </li>
                  <li>
                    <span class="method-list-title failed">Failed methods</span>
                    <span class="show-or-hide-methods failed">
                      <a href="#" panel-name="suite-AutomatedTestingFrameworkOfLibrary" class="hide-methods failed suite-AutomatedTestingFrameworkOfLibrary"> (hide)</a> <!-- hide-methods failed suite-AutomatedTestingFrameworkOfLibrary -->
                      <a href="#" panel-name="suite-AutomatedTestingFrameworkOfLibrary" class="show-methods failed suite-AutomatedTestingFrameworkOfLibrary"> (show)</a> <!-- show-methods failed suite-AutomatedTestingFrameworkOfLibrary -->
                    </span>
                    <div class="method-list-content failed suite-AutomatedTestingFrameworkOfLibrary">
                      <span>
                        <img width="3%" src="failed.png"/>
                        <a href="#" class="method navigator-link" panel-name="suite-AutomatedTestingFrameworkOfLibrary" title="TestCase.ResourceTest.CharacteristicResources" hash-for-method="characteristicResourcesTest">characteristicResourcesTest</a> <!-- method navigator-link -->
                      </span>
                      <br/>
                      <span>
                        <img width="3%" src="failed.png"/>
                        <a href="#" class="method navigator-link" panel-name="suite-AutomatedTestingFrameworkOfLibrary" title="TestCase.ResourceTest.ChineseYearbook" hash-for-method="chineseYearbookTest">chineseYearbookTest</a> <!-- method navigator-link -->
                      </span>
                      <br/>
                      <span>
                        <img width="3%" src="failed.png"/>
                        <a href="#" class="method navigator-link" panel-name="suite-AutomatedTestingFrameworkOfLibrary" title="TestCase.ServiceTest.DocumentDelivery" hash-for-method="documentDeliveryTest">documentDeliveryTest</a> <!-- method navigator-link -->
                      </span>
                      <br/>
                      <span>
                        <img width="3%" src="failed.png"/>
                        <a href="#" class="method navigator-link" panel-name="suite-AutomatedTestingFrameworkOfLibrary" title="TestCase.LearningCenterTest.EddieCorsonReportingHall" hash-for-method="eddieCorsonReportingHallTest">eddieCorsonReportingHallTest</a> <!-- method navigator-link -->
                      </span>
                      <br/>
                      <span>
                        <img width="3%" src="failed.png"/>
                        <a href="#" class="method navigator-link" panel-name="suite-AutomatedTestingFrameworkOfLibrary" title="TestCase.ServiceTest.InformationService" hash-for-method="informationServiceTest">informationServiceTest</a> <!-- method navigator-link -->
                      </span>
                      <br/>
                    </div> <!-- method-list-content failed suite-AutomatedTestingFrameworkOfLibrary -->
                  </li>
                  <li>
                    <span class="method-list-title skipped">Skipped methods</span>
                    <span class="show-or-hide-methods skipped">
                      <a href="#" panel-name="suite-AutomatedTestingFrameworkOfLibrary" class="hide-methods skipped suite-AutomatedTestingFrameworkOfLibrary"> (hide)</a> <!-- hide-methods skipped suite-AutomatedTestingFrameworkOfLibrary -->
                      <a href="#" panel-name="suite-AutomatedTestingFrameworkOfLibrary" class="show-methods skipped suite-AutomatedTestingFrameworkOfLibrary"> (show)</a> <!-- show-methods skipped suite-AutomatedTestingFrameworkOfLibrary -->
                    </span>
                    <div class="method-list-content skipped suite-AutomatedTestingFrameworkOfLibrary">
                      <span>
                        <img width="3%" src="skipped.png"/>
                        <a href="#" class="method navigator-link" panel-name="suite-AutomatedTestingFrameworkOfLibrary" title="TestCase.ResourceTest.ForeignElectronicPeriodicals" hash-for-method="foreignElectronicPeriodicalsTest">foreignElectronicPeriodicalsTest</a> <!-- method navigator-link -->
                      </span>
                      <br/>
                      <span>
                        <img width="3%" src="skipped.png"/>
                        <a href="#" class="method navigator-link" panel-name="suite-AutomatedTestingFrameworkOfLibrary" title="TestCase.ResourceTest.FreeResources" hash-for-method="freeResourcesTest">freeResourcesTest</a> <!-- method navigator-link -->
                      </span>
                      <br/>
                      <span>
                        <img width="3%" src="skipped.png"/>
                        <a href="#" class="method navigator-link" panel-name="suite-AutomatedTestingFrameworkOfLibrary" title="TestCase.ResourceTest.GlobalOpenCurriculumResources" hash-for-method="globalOpenCurriculumResourcesTest">globalOpenCurriculumResourcesTest</a> <!-- method navigator-link -->
                      </span>
                      <br/>
                      <span>
                        <img width="3%" src="skipped.png"/>
                        <a href="#" class="method navigator-link" panel-name="suite-AutomatedTestingFrameworkOfLibrary" title="TestCase.LearningCenterTest.MultimediaAccountingVideo" hash-for-method="multimediaAccountingVideoTest">multimediaAccountingVideoTest</a> <!-- method navigator-link -->
                      </span>
                      <br/>
                    </div> <!-- method-list-content skipped suite-AutomatedTestingFrameworkOfLibrary -->
                  </li>
                  <li>
                    <span class="method-list-title passed">Passed methods</span>
                    <span class="show-or-hide-methods passed">
                      <a href="#" panel-name="suite-AutomatedTestingFrameworkOfLibrary" class="hide-methods passed suite-AutomatedTestingFrameworkOfLibrary"> (hide)</a> <!-- hide-methods passed suite-AutomatedTestingFrameworkOfLibrary -->
                      <a href="#" panel-name="suite-AutomatedTestingFrameworkOfLibrary" class="show-methods passed suite-AutomatedTestingFrameworkOfLibrary"> (show)</a> <!-- show-methods passed suite-AutomatedTestingFrameworkOfLibrary -->
                    </span>
                    <div class="method-list-content passed suite-AutomatedTestingFrameworkOfLibrary">
                      <span>
                        <img width="3%" src="passed.png"/>
                        <a href="#" class="method navigator-link" panel-name="suite-AutomatedTestingFrameworkOfLibrary" title="TestCase.AccountRelatedTest.AccountInfo" hash-for-method="accountInfoTest">accountInfoTest</a> <!-- method navigator-link -->
                      </span>
                      <br/>
                      <span>
                        <img width="3%" src="passed.png"/>
                        <a href="#" class="method navigator-link" panel-name="suite-AutomatedTestingFrameworkOfLibrary" title="TestCase.ActivityTest.Activity" hash-for-method="activityTest">activityTest</a> <!-- method navigator-link -->
                      </span>
                      <br/>
                      <span>
                        <img width="3%" src="passed.png"/>
                        <a href="#" class="method navigator-link" panel-name="suite-AutomatedTestingFrameworkOfLibrary" title="TestCase.ActivityTest.Appreciate" hash-for-method="appreciateTest">appreciateTest</a> <!-- method navigator-link -->
                      </span>
                      <br/>
                      <span>
                        <img width="3%" src="passed.png"/>
                        <a href="#" class="method navigator-link" panel-name="suite-AutomatedTestingFrameworkOfLibrary" title="TestCase.ServiceTest.CheckAndCheck" hash-for-method="checkAndCheckTest">checkAndCheckTest</a> <!-- method navigator-link -->
                      </span>
                      <br/>
                      <span>
                        <img width="3%" src="passed.png"/>
                        <a href="#" class="method navigator-link" panel-name="suite-AutomatedTestingFrameworkOfLibrary" title="TestCase.ResourceTest.ChineseIndexOrLiterature" hash-for-method="chineseIndexOrLiteratureTest">chineseIndexOrLiteratureTest</a> <!-- method navigator-link -->
                      </span>
                      <br/>
                      <span>
                        <img width="3%" src="passed.png"/>
                        <a href="#" class="method navigator-link" panel-name="suite-AutomatedTestingFrameworkOfLibrary" title="TestCase.ResourceTest.ChineseNumericValueOrFact" hash-for-method="chineseNumericValueOrFactTest">chineseNumericValueOrFactTest</a> <!-- method navigator-link -->
                      </span>
                      <br/>
                      <span>
                        <img width="3%" src="passed.png"/>
                        <a href="#" class="method navigator-link" panel-name="suite-AutomatedTestingFrameworkOfLibrary" title="TestCase.ResourceTest.ChinesePatentAndStandard" hash-for-method="chinesePatentAndStandardTest">chinesePatentAndStandardTest</a> <!-- method navigator-link -->
                      </span>
                      <br/>
                      <span>
                        <img width="3%" src="passed.png"/>
                        <a href="#" class="method navigator-link" panel-name="suite-AutomatedTestingFrameworkOfLibrary" title="TestCase.ResourceTest.ChinesePeriodicalNewspaper" hash-for-method="chinesePeriodicalNewspaperTest">chinesePeriodicalNewspaperTest</a> <!-- method navigator-link -->
                      </span>
                      <br/>
                      <span>
                        <img width="3%" src="passed.png"/>
                        <a href="#" class="method navigator-link" panel-name="suite-AutomatedTestingFrameworkOfLibrary" title="TestCase.LearningCenterTest.Credit" hash-for-method="creditTest">creditTest</a> <!-- method navigator-link -->
                      </span>
                      <br/>
                      <span>
                        <img width="3%" src="passed.png"/>
                        <a href="#" class="method navigator-link" panel-name="suite-AutomatedTestingFrameworkOfLibrary" title="TestCase.ResourceTest.DissertationsAndTheses" hash-for-method="dissertationsAndThesesTest">dissertationsAndThesesTest</a> <!-- method navigator-link -->
                      </span>
                      <br/>
                      <span>
                        <img width="3%" src="passed.png"/>
                        <a href="#" class="method navigator-link" panel-name="suite-AutomatedTestingFrameworkOfLibrary" title="TestCase.LearningCenterTest.EddieCorsonMedia" hash-for-method="eddieCorsonMediaTest">eddieCorsonMediaTest</a> <!-- method navigator-link -->
                      </span>
                      <br/>
                      <span>
                        <img width="3%" src="passed.png"/>
                        <a href="#" class="method navigator-link" panel-name="suite-AutomatedTestingFrameworkOfLibrary" title="TestCase.ResourceTest.ElectronicBooks" hash-for-method="electronicBooksTest">electronicBooksTest</a> <!-- method navigator-link -->
                      </span>
                      <br/>
                      <span>
                        <img width="3%" src="passed.png"/>
                        <a href="#" class="method navigator-link" panel-name="suite-AutomatedTestingFrameworkOfLibrary" title="TestCase.LearningCenterTest.LearningCenterOL" hash-for-method="learningCenterOLTest">learningCenterOLTest</a> <!-- method navigator-link -->
                      </span>
                      <br/>
                      <span>
                        <img width="3%" src="passed.png"/>
                        <a href="#" class="method navigator-link" panel-name="suite-AutomatedTestingFrameworkOfLibrary" title="TestCase.ActivityTest.Lecture" hash-for-method="lectureTest">lectureTest</a> <!-- method navigator-link -->
                      </span>
                      <br/>
                      <span>
                        <img width="3%" src="passed.png"/>
                        <a href="#" class="method navigator-link" panel-name="suite-AutomatedTestingFrameworkOfLibrary" title="TestCase.AccountRelatedTest.Login" hash-for-method="loginTest">loginTest</a> <!-- method navigator-link -->
                      </span>
                      <br/>
                      <span>
                        <img width="3%" src="passed.png"/>
                        <a href="#" class="method navigator-link" panel-name="suite-AutomatedTestingFrameworkOfLibrary" title="TestCase.LearningCenterTest.Mooc" hash-for-method="moocTest">moocTest</a> <!-- method navigator-link -->
                      </span>
                      <br/>
                      <span>
                        <img width="3%" src="passed.png"/>
                        <a href="#" class="method navigator-link" panel-name="suite-AutomatedTestingFrameworkOfLibrary" title="TestCase.ResourceTest.MultimediaLearningLibrary" hash-for-method="multimediaLearningLibraryTest">multimediaLearningLibraryTest</a> <!-- method navigator-link -->
                      </span>
                      <br/>
                      <span>
                        <img width="3%" src="passed.png"/>
                        <a href="#" class="method navigator-link" panel-name="suite-AutomatedTestingFrameworkOfLibrary" title="TestCase.RecommendationTest.NewArrivals" hash-for-method="newArrivalsTest">newArrivalsTest</a> <!-- method navigator-link -->
                      </span>
                      <br/>
                      <span>
                        <img width="3%" src="passed.png"/>
                        <a href="#" class="method navigator-link" panel-name="suite-AutomatedTestingFrameworkOfLibrary" title="TestCase.InfoTest.Notice" hash-for-method="noticeTest">noticeTest</a> <!-- method navigator-link -->
                      </span>
                      <br/>
                      <span>
                        <img width="3%" src="passed.png"/>
                        <a href="#" class="method navigator-link" panel-name="suite-AutomatedTestingFrameworkOfLibrary" title="TestCase.ServiceTest.NoveltySearch" hash-for-method="noveltySearchTest">noveltySearchTest</a> <!-- method navigator-link -->
                      </span>
                      <br/>
                      <span>
                        <img width="3%" src="passed.png"/>
                        <a href="#" class="method navigator-link" panel-name="suite-AutomatedTestingFrameworkOfLibrary" title="TestCase.ResourceTest.OffcampusAccess" hash-for-method="offcampusAccessTest">offcampusAccessTest</a> <!-- method navigator-link -->
                      </span>
                      <br/>
                      <span>
                        <img width="3%" src="passed.png"/>
                        <a href="#" class="method navigator-link" panel-name="suite-AutomatedTestingFrameworkOfLibrary" title="TestCase.ActivityTest.Other" hash-for-method="otherTest">otherTest</a> <!-- method navigator-link -->
                      </span>
                      <br/>
                      <span>
                        <img width="3%" src="passed.png"/>
                        <a href="#" class="method navigator-link" panel-name="suite-AutomatedTestingFrameworkOfLibrary" title="TestCase.ServiceTest.PatentService" hash-for-method="patentServicekTest">patentServicekTest</a> <!-- method navigator-link -->
                      </span>
                      <br/>
                      <span>
                        <img width="3%" src="passed.png"/>
                        <a href="#" class="method navigator-link" panel-name="suite-AutomatedTestingFrameworkOfLibrary" title="TestCase.LearningCenterTest.PublicAwareness" hash-for-method="publicAwarenessTest">publicAwarenessTest</a> <!-- method navigator-link -->
                      </span>
                      <br/>
                      <span>
                        <img width="3%" src="passed.png"/>
                        <a href="#" class="method navigator-link" panel-name="suite-AutomatedTestingFrameworkOfLibrary" title="TestCase.ServiceTest.QuestionAnswer" hash-for-method="questionAnswerTest">questionAnswerTest</a> <!-- method navigator-link -->
                      </span>
                      <br/>
                      <span>
                        <img width="3%" src="passed.png"/>
                        <a href="#" class="method navigator-link" panel-name="suite-AutomatedTestingFrameworkOfLibrary" title="TestCase.ActivityTest.Read" hash-for-method="readTest">readTest</a> <!-- method navigator-link -->
                      </span>
                      <br/>
                      <span>
                        <img width="3%" src="passed.png"/>
                        <a href="#" class="method navigator-link" panel-name="suite-AutomatedTestingFrameworkOfLibrary" title="TestCase.ServiceTest.ReaderService" hash-for-method="readerServiceTest">readerServiceTest</a> <!-- method navigator-link -->
                      </span>
                      <br/>
                      <span>
                        <img width="3%" src="passed.png"/>
                        <a href="#" class="method navigator-link" panel-name="suite-AutomatedTestingFrameworkOfLibrary" title="TestCase.InfoTest.RealTimeInfo" hash-for-method="realTimeInfoTest">realTimeInfoTest</a> <!-- method navigator-link -->
                      </span>
                      <br/>
                      <span>
                        <img width="3%" src="passed.png"/>
                        <a href="#" class="method navigator-link" panel-name="suite-AutomatedTestingFrameworkOfLibrary" title="TestCase.ServiceTest.ReservationService" hash-for-method="reservationServiceTest">reservationServiceTest</a> <!-- method navigator-link -->
                      </span>
                      <br/>
                      <span>
                        <img width="3%" src="passed.png"/>
                        <a href="#" class="method navigator-link" panel-name="suite-AutomatedTestingFrameworkOfLibrary" title="TestCase.InfoTest.ResourceDynamics" hash-for-method="resourceDynamicsTest">resourceDynamicsTest</a> <!-- method navigator-link -->
                      </span>
                      <br/>
                      <span>
                        <img width="3%" src="passed.png"/>
                        <a href="#" class="method navigator-link" panel-name="suite-AutomatedTestingFrameworkOfLibrary" title="TestCase.ActivityTest.Salon" hash-for-method="salonTest">salonTest</a> <!-- method navigator-link -->
                      </span>
                      <br/>
                      <span>
                        <img width="3%" src="passed.png"/>
                        <a href="#" class="method navigator-link" panel-name="suite-AutomatedTestingFrameworkOfLibrary" title="TestCase.LearningCenterTest.StartPoint" hash-for-method="startPointTest">startPointTest</a> <!-- method navigator-link -->
                      </span>
                      <br/>
                      <span>
                        <img width="3%" src="passed.png"/>
                        <a href="#" class="method navigator-link" panel-name="suite-AutomatedTestingFrameworkOfLibrary" title="TestCase.ServiceTest.SubjectService" hash-for-method="subjectServiceTest">subjectServiceTest</a> <!-- method navigator-link -->
                      </span>
                      <br/>
                      <span>
                        <img width="3%" src="passed.png"/>
                        <a href="#" class="method navigator-link" panel-name="suite-AutomatedTestingFrameworkOfLibrary" title="TestCase.ServiceTest.TeachingAndTraining" hash-for-method="teachingAndTrainingTest">teachingAndTrainingTest</a> <!-- method navigator-link -->
                      </span>
                      <br/>
                      <span>
                        <img width="3%" src="passed.png"/>
                        <a href="#" class="method navigator-link" panel-name="suite-AutomatedTestingFrameworkOfLibrary" title="TestCase.RecommendationTest.ThemeRecommendation" hash-for-method="themeRecommendationTest">themeRecommendationTest</a> <!-- method navigator-link -->
                      </span>
                      <br/>
                    </div> <!-- method-list-content passed suite-AutomatedTestingFrameworkOfLibrary -->
                  </li>
                </ul>
              </div> <!-- suite-section-content -->
            </div> <!-- result-section -->
          </div> <!-- navigator-suite-content -->
        </div> <!-- rounded-window -->
      </div> <!-- suite -->
    </div> <!-- navigator-root -->
    <div class="wrapper">
      <div class="main-panel-root">
        <div panel-name="suite-AutomatedTestingFrameworkOfLibrary" class="panel AutomatedTestingFrameworkOfLibrary">
          <div class="suite-AutomatedTestingFrameworkOfLibrary-class-failed">
            <div class="main-panel-header rounded-window-top">
              <img src="failed.png"/>
              <span class="class-name">TestCase.LearningCenterTest.EddieCorsonReportingHall</span>
            </div> <!-- main-panel-header rounded-window-top -->
            <div class="main-panel-content rounded-window-bottom">
              <div class="method">
                <div class="method-content">
                  <a name="eddieCorsonReportingHallTest">
                  </a> <!-- eddieCorsonReportingHallTest -->
                  <span class="method-name">eddieCorsonReportingHallTest</span>
                  <div class="stack-trace">java.lang.AssertionError: 网页标题与预期不符合 expected [爱迪科森网上报告厅] but found [无法找到资源。]
	at org.testng.Assert.fail(Assert.java:96)
	at org.testng.Assert.failNotEquals(Assert.java:776)
	at org.testng.Assert.assertEqualsImpl(Assert.java:137)
	at org.testng.Assert.assertEquals(Assert.java:118)
	at org.testng.Assert.assertEquals(Assert.java:453)
	at Utils.ActionBot.titleAssert(ActionBot.java:294)
	at TestCase.LearningCenterTest.EddieCorsonReportingHall.eddieCorsonReportingHallTest(EddieCorsonReportingHall.java:25)
	at sun.reflect.NativeMethodAccessorImpl.invoke0(Native Method)
	at sun.reflect.NativeMethodAccessorImpl.invoke(NativeMethodAccessorImpl.java:62)
	at sun.reflect.DelegatingMethodAccessorImpl.invoke(DelegatingMethodAccessorImpl.java:43)
	at java.lang.reflect.Method.invoke(Method.java:497)
	at org.testng.internal.MethodInvocationHelper.invokeMethod(MethodInvocationHelper.java:124)
	at org.testng.internal.Invoker.invokeMethod(Invoker.java:583)
	at org.testng.internal.Invoker.invokeTestMethod(Invoker.java:719)
	at org.testng.internal.Invoker.invokeTestMethods(Invoker.java:989)
	at org.testng.internal.TestMethodWorker.invokeTestMethods(TestMethodWorker.java:125)
	at org.testng.internal.TestMethodWorker.run(TestMethodWorker.java:109)
	at org.testng.TestRunner.privateRun(TestRunner.java:648)
	at org.testng.TestRunner.run(TestRunner.java:505)
	at org.testng.SuiteRunner.runTest(SuiteRunner.java:455)
	at org.testng.SuiteRunner.runSequentially(SuiteRunner.java:450)
	at org.testng.SuiteRunner.privateRun(SuiteRunner.java:415)
	at org.testng.SuiteRunner.run(SuiteRunner.java:364)
	at org.testng.SuiteRunnerWorker.runSuite(SuiteRunnerWorker.java:52)
	at org.testng.SuiteRunnerWorker.run(SuiteRunnerWorker.java:84)
	at org.testng.TestNG.runSuitesSequentially(TestNG.java:1208)
	at org.testng.TestNG.runSuitesLocally(TestNG.java:1137)
	at org.testng.TestNG.runSuites(TestNG.java:1049)
	at org.testng.TestNG.run(TestNG.java:1017)
	at org.testng.IDEARemoteTestNG.run(IDEARemoteTestNG.java:72)
	at org.testng.RemoteTestNGStarter.main(RemoteTestNGStarter.java:123)

</div> <!-- stack-trace -->
                </div> <!-- method-content -->
              </div> <!-- method -->
            </div> <!-- main-panel-content rounded-window-bottom -->
          </div> <!-- suite-AutomatedTestingFrameworkOfLibrary-class-failed -->
          <div class="suite-AutomatedTestingFrameworkOfLibrary-class-failed">
            <div class="main-panel-header rounded-window-top">
              <img src="failed.png"/>
              <span class="class-name">TestCase.ResourceTest.CharacteristicResources</span>
            </div> <!-- main-panel-header rounded-window-top -->
            <div class="main-panel-content rounded-window-bottom">
              <div class="method">
                <div class="method-content">
                  <a name="characteristicResourcesTest">
                  </a> <!-- characteristicResourcesTest -->
                  <span class="method-name">characteristicResourcesTest</span>
                  <div class="stack-trace">org.openqa.selenium.TimeoutException: timeout
  (Session info: chrome=66.0.3359.181)
  (Driver info: chromedriver=2.38.552522 (437e6fbedfa8762dec75e2c5b3ddb86763dc9dcb),platform=Windows NT 10.0.16299 x86_64) (WARNING: The server did not provide any stacktrace information)
Command duration or timeout: 0 milliseconds
Build info: version: &apos;3.11.0&apos;, revision: &apos;e59cfb3&apos;, time: &apos;2018-03-11T20:26:55.152Z&apos;
System info: host: &apos;DESKTOP-9K58VOG&apos;, ip: &apos;10.184.5.128&apos;, os.name: &apos;Windows 10&apos;, os.arch: &apos;amd64&apos;, os.version: &apos;10.0&apos;, java.version: &apos;1.8.0_73&apos;
Driver info: org.openqa.selenium.chrome.ChromeDriver
Capabilities {acceptInsecureCerts: false, acceptSslCerts: false, applicationCacheEnabled: false, browserConnectionEnabled: false, browserName: chrome, chrome: {chromedriverVersion: 2.38.552522 (437e6fbedfa876..., userDataDir: C:\Users\GoldOil\AppData\Lo...}, cssSelectorsEnabled: true, databaseEnabled: false, handlesAlerts: true, hasTouchScreen: false, javascriptEnabled: true, locationContextEnabled: true, mobileEmulationEnabled: false, nativeEvents: true, networkConnectionEnabled: false, pageLoadStrategy: normal, platform: XP, platformName: XP, rotatable: false, setWindowRect: true, takesHeapSnapshot: true, takesScreenshot: true, unexpectedAlertBehaviour: , unhandledPromptBehavior: , version: 66.0.3359.181, webStorageEnabled: true}
Session ID: 35404233af27afa69b8e4b6c928c8f72
	at sun.reflect.NativeConstructorAccessorImpl.newInstance0(Native Method)
	at sun.reflect.NativeConstructorAccessorImpl.newInstance(NativeConstructorAccessorImpl.java:62)
	at sun.reflect.DelegatingConstructorAccessorImpl.newInstance(DelegatingConstructorAccessorImpl.java:45)
	at java.lang.reflect.Constructor.newInstance(Constructor.java:422)
	at org.openqa.selenium.remote.ErrorHandler.createThrowable(ErrorHandler.java:214)
	at org.openqa.selenium.remote.ErrorHandler.throwIfResponseFailed(ErrorHandler.java:166)
	at org.openqa.selenium.remote.http.JsonHttpResponseCodec.reconstructValue(JsonHttpResponseCodec.java:40)
	at org.openqa.selenium.remote.http.AbstractHttpResponseCodec.decode(AbstractHttpResponseCodec.java:80)
	at org.openqa.selenium.remote.http.AbstractHttpResponseCodec.decode(AbstractHttpResponseCodec.java:44)
	at org.openqa.selenium.remote.HttpCommandExecutor.execute(HttpCommandExecutor.java:158)
	at org.openqa.selenium.remote.service.DriverCommandExecutor.execute(DriverCommandExecutor.java:83)
	at org.openqa.selenium.remote.RemoteWebDriver.execute(RemoteWebDriver.java:545)
	at org.openqa.selenium.remote.RemoteWebDriver.execute(RemoteWebDriver.java:602)
	at org.openqa.selenium.remote.RemoteWebDriver.getTitle(RemoteWebDriver.java:277)
	at Utils.ActionBot.getTitle(ActionBot.java:209)
	at Utils.ActionBot.titleAssert(ActionBot.java:294)
	at TestCase.ResourceTest.CharacteristicResources.characteristicResourcesTest(CharacteristicResources.java:25)
	at sun.reflect.NativeMethodAccessorImpl.invoke0(Native Method)
	at sun.reflect.NativeMethodAccessorImpl.invoke(NativeMethodAccessorImpl.java:62)
	at sun.reflect.DelegatingMethodAccessorImpl.invoke(DelegatingMethodAccessorImpl.java:43)
	at java.lang.reflect.Method.invoke(Method.java:497)
	at org.testng.internal.MethodInvocationHelper.invokeMethod(MethodInvocationHelper.java:124)
	at org.testng.internal.Invoker.invokeMethod(Invoker.java:583)
	at org.testng.internal.Invoker.invokeTestMethod(Invoker.java:719)
	at org.testng.internal.Invoker.invokeTestMethods(Invoker.java:989)
	at org.testng.internal.TestMethodWorker.invokeTestMethods(TestMethodWorker.java:125)
	at org.testng.internal.TestMethodWorker.run(TestMethodWorker.java:109)
	at org.testng.TestRunner.privateRun(TestRunner.java:648)
	at org.testng.TestRunner.run(TestRunner.java:505)
	at org.testng.SuiteRunner.runTest(SuiteRunner.java:455)
	at org.testng.SuiteRunner.runSequentially(SuiteRunner.java:450)
	at org.testng.SuiteRunner.privateRun(SuiteRunner.java:415)
	at org.testng.SuiteRunner.run(SuiteRunner.java:364)
	at org.testng.SuiteRunnerWorker.runSuite(SuiteRunnerWorker.java:52)
	at org.testng.SuiteRunnerWorker.run(SuiteRunnerWorker.java:84)
	at org.testng.TestNG.runSuitesSequentially(TestNG.java:1208)
	at org.testng.TestNG.runSuitesLocally(TestNG.java:1137)
	at org.testng.TestNG.runSuites(TestNG.java:1049)
	at org.testng.TestNG.run(TestNG.java:1017)
	at org.testng.IDEARemoteTestNG.run(IDEARemoteTestNG.java:72)
	at org.testng.RemoteTestNGStarter.main(RemoteTestNGStarter.java:123)

</div> <!-- stack-trace -->
                </div> <!-- method-content -->
              </div> <!-- method -->
            </div> <!-- main-panel-content rounded-window-bottom -->
          </div> <!-- suite-AutomatedTestingFrameworkOfLibrary-class-failed -->
          <div class="suite-AutomatedTestingFrameworkOfLibrary-class-failed">
            <div class="main-panel-header rounded-window-top">
              <img src="failed.png"/>
              <span class="class-name">TestCase.ResourceTest.ChineseYearbook</span>
            </div> <!-- main-panel-header rounded-window-top -->
            <div class="main-panel-content rounded-window-bottom">
              <div class="method">
                <div class="method-content">
                  <a name="chineseYearbookTest">
                  </a> <!-- chineseYearbookTest -->
                  <span class="method-name">chineseYearbookTest</span>
                  <div class="stack-trace">org.openqa.selenium.NoSuchElementException: no such element: Unable to locate element: {&quot;method&quot;:&quot;link text&quot;,&quot;selector&quot;:&quot;中国知网年鉴数据库（2013年－2016年）&quot;}
  (Session info: chrome=66.0.3359.181)
  (Driver info: chromedriver=2.38.552522 (437e6fbedfa8762dec75e2c5b3ddb86763dc9dcb),platform=Windows NT 10.0.16299 x86_64) (WARNING: The server did not provide any stacktrace information)
Command duration or timeout: 0 milliseconds
For documentation on this error, please visit: http://seleniumhq.org/exceptions/no_such_element.html
Build info: version: &apos;3.11.0&apos;, revision: &apos;e59cfb3&apos;, time: &apos;2018-03-11T20:26:55.152Z&apos;
System info: host: &apos;DESKTOP-9K58VOG&apos;, ip: &apos;10.184.5.128&apos;, os.name: &apos;Windows 10&apos;, os.arch: &apos;amd64&apos;, os.version: &apos;10.0&apos;, java.version: &apos;1.8.0_73&apos;
Driver info: org.openqa.selenium.chrome.ChromeDriver
Capabilities {acceptInsecureCerts: false, acceptSslCerts: false, applicationCacheEnabled: false, browserConnectionEnabled: false, browserName: chrome, chrome: {chromedriverVersion: 2.38.552522 (437e6fbedfa876..., userDataDir: C:\Users\GoldOil\AppData\Lo...}, cssSelectorsEnabled: true, databaseEnabled: false, handlesAlerts: true, hasTouchScreen: false, javascriptEnabled: true, locationContextEnabled: true, mobileEmulationEnabled: false, nativeEvents: true, networkConnectionEnabled: false, pageLoadStrategy: normal, platform: XP, platformName: XP, rotatable: false, setWindowRect: true, takesHeapSnapshot: true, takesScreenshot: true, unexpectedAlertBehaviour: , unhandledPromptBehavior: , version: 66.0.3359.181, webStorageEnabled: true}
Session ID: 8e5aa8f5175f62f6e77032ae2a76a432
*** Element info: {Using=link text, value=中国知网年鉴数据库（2013年－2016年）}
	at sun.reflect.NativeConstructorAccessorImpl.newInstance0(Native Method)
	at sun.reflect.NativeConstructorAccessorImpl.newInstance(NativeConstructorAccessorImpl.java:62)
	at sun.reflect.DelegatingConstructorAccessorImpl.newInstance(DelegatingConstructorAccessorImpl.java:45)
	at java.lang.reflect.Constructor.newInstance(Constructor.java:422)
	at org.openqa.selenium.remote.ErrorHandler.createThrowable(ErrorHandler.java:214)
	at org.openqa.selenium.remote.ErrorHandler.throwIfResponseFailed(ErrorHandler.java:166)
	at org.openqa.selenium.remote.http.JsonHttpResponseCodec.reconstructValue(JsonHttpResponseCodec.java:40)
	at org.openqa.selenium.remote.http.AbstractHttpResponseCodec.decode(AbstractHttpResponseCodec.java:80)
	at org.openqa.selenium.remote.http.AbstractHttpResponseCodec.decode(AbstractHttpResponseCodec.java:44)
	at org.openqa.selenium.remote.HttpCommandExecutor.execute(HttpCommandExecutor.java:158)
	at org.openqa.selenium.remote.service.DriverCommandExecutor.execute(DriverCommandExecutor.java:83)
	at org.openqa.selenium.remote.RemoteWebDriver.execute(RemoteWebDriver.java:545)
	at org.openqa.selenium.remote.RemoteWebDriver.findElement(RemoteWebDriver.java:319)
	at org.openqa.selenium.remote.RemoteWebDriver.findElementByLinkText(RemoteWebDriver.java:373)
	at org.openqa.selenium.By$ByLinkText.findElement(By.java:246)
	at org.openqa.selenium.remote.RemoteWebDriver.findElement(RemoteWebDriver.java:311)
	at Utils.ActionBot.findElementByLinkText(ActionBot.java:48)
	at Utils.ActionBot.clickByLinkText(ActionBot.java:108)
	at PageObject.ResourcePage.goChineseYearbook(ResourcePage.java:39)
	at TestCase.ResourceTest.ChineseYearbook.chineseYearbookTest(ChineseYearbook.java:23)
	at sun.reflect.NativeMethodAccessorImpl.invoke0(Native Method)
	at sun.reflect.NativeMethodAccessorImpl.invoke(NativeMethodAccessorImpl.java:62)
	at sun.reflect.DelegatingMethodAccessorImpl.invoke(DelegatingMethodAccessorImpl.java:43)
	at java.lang.reflect.Method.invoke(Method.java:497)
	at org.testng.internal.MethodInvocationHelper.invokeMethod(MethodInvocationHelper.java:124)
	at org.testng.internal.Invoker.invokeMethod(Invoker.java:583)
	at org.testng.internal.Invoker.invokeTestMethod(Invoker.java:719)
	at org.testng.internal.Invoker.invokeTestMethods(Invoker.java:989)
	at org.testng.internal.TestMethodWorker.invokeTestMethods(TestMethodWorker.java:125)
	at org.testng.internal.TestMethodWorker.run(TestMethodWorker.java:109)
	at org.testng.TestRunner.privateRun(TestRunner.java:648)
	at org.testng.TestRunner.run(TestRunner.java:505)
	at org.testng.SuiteRunner.runTest(SuiteRunner.java:455)
	at org.testng.SuiteRunner.runSequentially(SuiteRunner.java:450)
	at org.testng.SuiteRunner.privateRun(SuiteRunner.java:415)
	at org.testng.SuiteRunner.run(SuiteRunner.java:364)
	at org.testng.SuiteRunnerWorker.runSuite(SuiteRunnerWorker.java:52)
	at org.testng.SuiteRunnerWorker.run(SuiteRunnerWorker.java:84)
	at org.testng.TestNG.runSuitesSequentially(TestNG.java:1208)
	at org.testng.TestNG.runSuitesLocally(TestNG.java:1137)
	at org.testng.TestNG.runSuites(TestNG.java:1049)
	at org.testng.TestNG.run(TestNG.java:1017)
	at org.testng.IDEARemoteTestNG.run(IDEARemoteTestNG.java:72)
	at org.testng.RemoteTestNGStarter.main(RemoteTestNGStarter.java:123)

</div> <!-- stack-trace -->
                </div> <!-- method-content -->
              </div> <!-- method -->
            </div> <!-- main-panel-content rounded-window-bottom -->
          </div> <!-- suite-AutomatedTestingFrameworkOfLibrary-class-failed -->
          <div class="suite-AutomatedTestingFrameworkOfLibrary-class-failed">
            <div class="main-panel-header rounded-window-top">
              <img src="failed.png"/>
              <span class="class-name">TestCase.ServiceTest.DocumentDelivery</span>
            </div> <!-- main-panel-header rounded-window-top -->
            <div class="main-panel-content rounded-window-bottom">
              <div class="method">
                <div class="method-content">
                  <a name="documentDeliveryTest">
                  </a> <!-- documentDeliveryTest -->
                  <span class="method-name">documentDeliveryTest</span>
                  <div class="stack-trace">org.openqa.selenium.NoSuchElementException: no such element: Unable to locate element: {&quot;method&quot;:&quot;xpath&quot;,&quot;selector&quot;:&quot;/html/body/div[3]/div[3]/div[2]/a[4]/img&quot;}
  (Session info: chrome=66.0.3359.181)
  (Driver info: chromedriver=2.38.552522 (437e6fbedfa8762dec75e2c5b3ddb86763dc9dcb),platform=Windows NT 10.0.16299 x86_64) (WARNING: The server did not provide any stacktrace information)
Command duration or timeout: 0 milliseconds
For documentation on this error, please visit: http://seleniumhq.org/exceptions/no_such_element.html
Build info: version: &apos;3.11.0&apos;, revision: &apos;e59cfb3&apos;, time: &apos;2018-03-11T20:26:55.152Z&apos;
System info: host: &apos;DESKTOP-9K58VOG&apos;, ip: &apos;10.184.5.128&apos;, os.name: &apos;Windows 10&apos;, os.arch: &apos;amd64&apos;, os.version: &apos;10.0&apos;, java.version: &apos;1.8.0_73&apos;
Driver info: org.openqa.selenium.chrome.ChromeDriver
Capabilities {acceptInsecureCerts: false, acceptSslCerts: false, applicationCacheEnabled: false, browserConnectionEnabled: false, browserName: chrome, chrome: {chromedriverVersion: 2.38.552522 (437e6fbedfa876..., userDataDir: C:\Users\GoldOil\AppData\Lo...}, cssSelectorsEnabled: true, databaseEnabled: false, handlesAlerts: true, hasTouchScreen: false, javascriptEnabled: true, locationContextEnabled: true, mobileEmulationEnabled: false, nativeEvents: true, networkConnectionEnabled: false, pageLoadStrategy: normal, platform: XP, platformName: XP, rotatable: false, setWindowRect: true, takesHeapSnapshot: true, takesScreenshot: true, unexpectedAlertBehaviour: , unhandledPromptBehavior: , version: 66.0.3359.181, webStorageEnabled: true}
Session ID: b4885127c4cf5d89d280fc41c58fd67e
*** Element info: {Using=xpath, value=/html/body/div[3]/div[3]/div[2]/a[4]/img}
	at sun.reflect.NativeConstructorAccessorImpl.newInstance0(Native Method)
	at sun.reflect.NativeConstructorAccessorImpl.newInstance(NativeConstructorAccessorImpl.java:62)
	at sun.reflect.DelegatingConstructorAccessorImpl.newInstance(DelegatingConstructorAccessorImpl.java:45)
	at java.lang.reflect.Constructor.newInstance(Constructor.java:422)
	at org.openqa.selenium.remote.ErrorHandler.createThrowable(ErrorHandler.java:214)
	at org.openqa.selenium.remote.ErrorHandler.throwIfResponseFailed(ErrorHandler.java:166)
	at org.openqa.selenium.remote.http.JsonHttpResponseCodec.reconstructValue(JsonHttpResponseCodec.java:40)
	at org.openqa.selenium.remote.http.AbstractHttpResponseCodec.decode(AbstractHttpResponseCodec.java:80)
	at org.openqa.selenium.remote.http.AbstractHttpResponseCodec.decode(AbstractHttpResponseCodec.java:44)
	at org.openqa.selenium.remote.HttpCommandExecutor.execute(HttpCommandExecutor.java:158)
	at org.openqa.selenium.remote.service.DriverCommandExecutor.execute(DriverCommandExecutor.java:83)
	at org.openqa.selenium.remote.RemoteWebDriver.execute(RemoteWebDriver.java:545)
	at org.openqa.selenium.remote.RemoteWebDriver.findElement(RemoteWebDriver.java:319)
	at org.openqa.selenium.remote.RemoteWebDriver.findElementByXPath(RemoteWebDriver.java:421)
	at org.openqa.selenium.By$ByXPath.findElement(By.java:361)
	at org.openqa.selenium.remote.RemoteWebDriver.findElement(RemoteWebDriver.java:311)
	at Utils.ActionBot.findElemetnByXpath(ActionBot.java:58)
	at Utils.ActionBot.clickByXpath(ActionBot.java:118)
	at PageObject.ServicePage.goDocumentDelivery(ServicePage.java:44)
	at TestCase.ServiceTest.DocumentDelivery.documentDeliveryTest(DocumentDelivery.java:23)
	at sun.reflect.NativeMethodAccessorImpl.invoke0(Native Method)
	at sun.reflect.NativeMethodAccessorImpl.invoke(NativeMethodAccessorImpl.java:62)
	at sun.reflect.DelegatingMethodAccessorImpl.invoke(DelegatingMethodAccessorImpl.java:43)
	at java.lang.reflect.Method.invoke(Method.java:497)
	at org.testng.internal.MethodInvocationHelper.invokeMethod(MethodInvocationHelper.java:124)
	at org.testng.internal.Invoker.invokeMethod(Invoker.java:583)
	at org.testng.internal.Invoker.invokeTestMethod(Invoker.java:719)
	at org.testng.internal.Invoker.invokeTestMethods(Invoker.java:989)
	at org.testng.internal.TestMethodWorker.invokeTestMethods(TestMethodWorker.java:125)
	at org.testng.internal.TestMethodWorker.run(TestMethodWorker.java:109)
	at org.testng.TestRunner.privateRun(TestRunner.java:648)
	at org.testng.TestRunner.run(TestRunner.java:505)
	at org.testng.SuiteRunner.runTest(SuiteRunner.java:455)
	at org.testng.SuiteRunner.runSequentially(SuiteRunner.java:450)
	at org.testng.SuiteRunner.privateRun(SuiteRunner.java:415)
	at org.testng.SuiteRunner.run(SuiteRunner.java:364)
	at org.testng.SuiteRunnerWorker.runSuite(SuiteRunnerWorker.java:52)
	at org.testng.SuiteRunnerWorker.run(SuiteRunnerWorker.java:84)
	at org.testng.TestNG.runSuitesSequentially(TestNG.java:1208)
	at org.testng.TestNG.runSuitesLocally(TestNG.java:1137)
	at org.testng.TestNG.runSuites(TestNG.java:1049)
	at org.testng.TestNG.run(TestNG.java:1017)
	at org.testng.IDEARemoteTestNG.run(IDEARemoteTestNG.java:72)
	at org.testng.RemoteTestNGStarter.main(RemoteTestNGStarter.java:123)

</div> <!-- stack-trace -->
                </div> <!-- method-content -->
              </div> <!-- method -->
            </div> <!-- main-panel-content rounded-window-bottom -->
          </div> <!-- suite-AutomatedTestingFrameworkOfLibrary-class-failed -->
          <div class="suite-AutomatedTestingFrameworkOfLibrary-class-failed">
            <div class="main-panel-header rounded-window-top">
              <img src="failed.png"/>
              <span class="class-name">TestCase.ServiceTest.InformationService</span>
            </div> <!-- main-panel-header rounded-window-top -->
            <div class="main-panel-content rounded-window-bottom">
              <div class="method">
                <div class="method-content">
                  <a name="informationServiceTest">
                  </a> <!-- informationServiceTest -->
                  <span class="method-name">informationServiceTest</span>
                  <div class="stack-trace">org.openqa.selenium.TimeoutException: timeout
  (Session info: chrome=66.0.3359.181)
  (Driver info: chromedriver=2.38.552522 (437e6fbedfa8762dec75e2c5b3ddb86763dc9dcb),platform=Windows NT 10.0.16299 x86_64) (WARNING: The server did not provide any stacktrace information)
Command duration or timeout: 0 milliseconds
Build info: version: &apos;3.11.0&apos;, revision: &apos;e59cfb3&apos;, time: &apos;2018-03-11T20:26:55.152Z&apos;
System info: host: &apos;DESKTOP-9K58VOG&apos;, ip: &apos;10.184.5.128&apos;, os.name: &apos;Windows 10&apos;, os.arch: &apos;amd64&apos;, os.version: &apos;10.0&apos;, java.version: &apos;1.8.0_73&apos;
Driver info: org.openqa.selenium.chrome.ChromeDriver
Capabilities {acceptInsecureCerts: false, acceptSslCerts: false, applicationCacheEnabled: false, browserConnectionEnabled: false, browserName: chrome, chrome: {chromedriverVersion: 2.38.552522 (437e6fbedfa876..., userDataDir: C:\Users\GoldOil\AppData\Lo...}, cssSelectorsEnabled: true, databaseEnabled: false, handlesAlerts: true, hasTouchScreen: false, javascriptEnabled: true, locationContextEnabled: true, mobileEmulationEnabled: false, nativeEvents: true, networkConnectionEnabled: false, pageLoadStrategy: normal, platform: XP, platformName: XP, rotatable: false, setWindowRect: true, takesHeapSnapshot: true, takesScreenshot: true, unexpectedAlertBehaviour: , unhandledPromptBehavior: , version: 66.0.3359.181, webStorageEnabled: true}
Session ID: ecb2fcf28ca7c7c5a06ce655cb7a6672
	at sun.reflect.NativeConstructorAccessorImpl.newInstance0(Native Method)
	at sun.reflect.NativeConstructorAccessorImpl.newInstance(NativeConstructorAccessorImpl.java:62)
	at sun.reflect.DelegatingConstructorAccessorImpl.newInstance(DelegatingConstructorAccessorImpl.java:45)
	at java.lang.reflect.Constructor.newInstance(Constructor.java:422)
	at org.openqa.selenium.remote.ErrorHandler.createThrowable(ErrorHandler.java:214)
	at org.openqa.selenium.remote.ErrorHandler.throwIfResponseFailed(ErrorHandler.java:166)
	at org.openqa.selenium.remote.http.JsonHttpResponseCodec.reconstructValue(JsonHttpResponseCodec.java:40)
	at org.openqa.selenium.remote.http.AbstractHttpResponseCodec.decode(AbstractHttpResponseCodec.java:80)
	at org.openqa.selenium.remote.http.AbstractHttpResponseCodec.decode(AbstractHttpResponseCodec.java:44)
	at org.openqa.selenium.remote.HttpCommandExecutor.execute(HttpCommandExecutor.java:158)
	at org.openqa.selenium.remote.service.DriverCommandExecutor.execute(DriverCommandExecutor.java:83)
	at org.openqa.selenium.remote.RemoteWebDriver.execute(RemoteWebDriver.java:545)
	at org.openqa.selenium.remote.RemoteWebElement.execute(RemoteWebElement.java:279)
	at org.openqa.selenium.remote.RemoteWebElement.click(RemoteWebElement.java:83)
	at Utils.ActionBot.clickByXpath(ActionBot.java:118)
	at PageObject.JointReferencePage.clickSimilarityDetectionInPaper(JointReferencePage.java:91)
	at TestCase.ServiceTest.InformationService.informationServiceTest(InformationService.java:50)
	at sun.reflect.NativeMethodAccessorImpl.invoke0(Native Method)
	at sun.reflect.NativeMethodAccessorImpl.invoke(NativeMethodAccessorImpl.java:62)
	at sun.reflect.DelegatingMethodAccessorImpl.invoke(DelegatingMethodAccessorImpl.java:43)
	at java.lang.reflect.Method.invoke(Method.java:497)
	at org.testng.internal.MethodInvocationHelper.invokeMethod(MethodInvocationHelper.java:124)
	at org.testng.internal.Invoker.invokeMethod(Invoker.java:583)
	at org.testng.internal.Invoker.invokeTestMethod(Invoker.java:719)
	at org.testng.internal.Invoker.invokeTestMethods(Invoker.java:989)
	at org.testng.internal.TestMethodWorker.invokeTestMethods(TestMethodWorker.java:125)
	at org.testng.internal.TestMethodWorker.run(TestMethodWorker.java:109)
	at org.testng.TestRunner.privateRun(TestRunner.java:648)
	at org.testng.TestRunner.run(TestRunner.java:505)
	at org.testng.SuiteRunner.runTest(SuiteRunner.java:455)
	at org.testng.SuiteRunner.runSequentially(SuiteRunner.java:450)
	at org.testng.SuiteRunner.privateRun(SuiteRunner.java:415)
	at org.testng.SuiteRunner.run(SuiteRunner.java:364)
	at org.testng.SuiteRunnerWorker.runSuite(SuiteRunnerWorker.java:52)
	at org.testng.SuiteRunnerWorker.run(SuiteRunnerWorker.java:84)
	at org.testng.TestNG.runSuitesSequentially(TestNG.java:1208)
	at org.testng.TestNG.runSuitesLocally(TestNG.java:1137)
	at org.testng.TestNG.runSuites(TestNG.java:1049)
	at org.testng.TestNG.run(TestNG.java:1017)
	at org.testng.IDEARemoteTestNG.run(IDEARemoteTestNG.java:72)
	at org.testng.RemoteTestNGStarter.main(RemoteTestNGStarter.java:123)

</div> <!-- stack-trace -->
                </div> <!-- method-content -->
              </div> <!-- method -->
            </div> <!-- main-panel-content rounded-window-bottom -->
          </div> <!-- suite-AutomatedTestingFrameworkOfLibrary-class-failed -->
          <div class="suite-AutomatedTestingFrameworkOfLibrary-class-skipped">
            <div class="main-panel-header rounded-window-top">
              <img src="skipped.png"/>
              <span class="class-name">TestCase.ResourceTest.ForeignElectronicPeriodicals</span>
            </div> <!-- main-panel-header rounded-window-top -->
            <div class="main-panel-content rounded-window-bottom">
              <div class="method">
                <div class="method-content">
                  <a name="foreignElectronicPeriodicalsTest">
                  </a> <!-- foreignElectronicPeriodicalsTest -->
                  <span class="method-name">foreignElectronicPeriodicalsTest</span>
                  <div class="stack-trace">org.openqa.selenium.NoSuchElementException: no such element: Unable to locate element: {&quot;method&quot;:&quot;xpath&quot;,&quot;selector&quot;:&quot;/html/body/div[1]/div/div[2]/img[1]&quot;}
  (Session info: chrome=66.0.3359.181)
  (Driver info: chromedriver=2.38.552522 (437e6fbedfa8762dec75e2c5b3ddb86763dc9dcb),platform=Windows NT 10.0.16299 x86_64) (WARNING: The server did not provide any stacktrace information)
Command duration or timeout: 0 milliseconds
For documentation on this error, please visit: http://seleniumhq.org/exceptions/no_such_element.html
Build info: version: &apos;3.11.0&apos;, revision: &apos;e59cfb3&apos;, time: &apos;2018-03-11T20:26:55.152Z&apos;
System info: host: &apos;DESKTOP-9K58VOG&apos;, ip: &apos;10.184.5.128&apos;, os.name: &apos;Windows 10&apos;, os.arch: &apos;amd64&apos;, os.version: &apos;10.0&apos;, java.version: &apos;1.8.0_73&apos;
Driver info: org.openqa.selenium.chrome.ChromeDriver
Capabilities {acceptInsecureCerts: false, acceptSslCerts: false, applicationCacheEnabled: false, browserConnectionEnabled: false, browserName: chrome, chrome: {chromedriverVersion: 2.38.552522 (437e6fbedfa876..., userDataDir: C:\Users\GoldOil\AppData\Lo...}, cssSelectorsEnabled: true, databaseEnabled: false, handlesAlerts: true, hasTouchScreen: false, javascriptEnabled: true, locationContextEnabled: true, mobileEmulationEnabled: false, nativeEvents: true, networkConnectionEnabled: false, pageLoadStrategy: normal, platform: XP, platformName: XP, rotatable: false, setWindowRect: true, takesHeapSnapshot: true, takesScreenshot: true, unexpectedAlertBehaviour: , unhandledPromptBehavior: , version: 66.0.3359.181, webStorageEnabled: true}
Session ID: a3b75f27e4392bf0d4f40663d7284436
*** Element info: {Using=xpath, value=/html/body/div[1]/div/div[2]/img[1]}
	at sun.reflect.NativeConstructorAccessorImpl.newInstance0(Native Method)
	at sun.reflect.NativeConstructorAccessorImpl.newInstance(NativeConstructorAccessorImpl.java:62)
	at sun.reflect.DelegatingConstructorAccessorImpl.newInstance(DelegatingConstructorAccessorImpl.java:45)
	at java.lang.reflect.Constructor.newInstance(Constructor.java:422)
	at org.openqa.selenium.remote.ErrorHandler.createThrowable(ErrorHandler.java:214)
	at org.openqa.selenium.remote.ErrorHandler.throwIfResponseFailed(ErrorHandler.java:166)
	at org.openqa.selenium.remote.http.JsonHttpResponseCodec.reconstructValue(JsonHttpResponseCodec.java:40)
	at org.openqa.selenium.remote.http.AbstractHttpResponseCodec.decode(AbstractHttpResponseCodec.java:80)
	at org.openqa.selenium.remote.http.AbstractHttpResponseCodec.decode(AbstractHttpResponseCodec.java:44)
	at org.openqa.selenium.remote.HttpCommandExecutor.execute(HttpCommandExecutor.java:158)
	at org.openqa.selenium.remote.service.DriverCommandExecutor.execute(DriverCommandExecutor.java:83)
	at org.openqa.selenium.remote.RemoteWebDriver.execute(RemoteWebDriver.java:545)
	at org.openqa.selenium.remote.RemoteWebDriver.findElement(RemoteWebDriver.java:319)
	at org.openqa.selenium.remote.RemoteWebDriver.findElementByXPath(RemoteWebDriver.java:421)
	at org.openqa.selenium.By$ByXPath.findElement(By.java:361)
	at org.openqa.selenium.remote.RemoteWebDriver.findElement(RemoteWebDriver.java:311)
	at Utils.ActionBot.findElemetnByXpath(ActionBot.java:58)
	at Utils.ActionBot.clickByXpath(ActionBot.java:118)
	at PageObject.HomePage.closePrompt(HomePage.java:205)
	at Base.BaseTest.init(BaseTest.java:39)
	at TestCase.ResourceTest.ForeignElectronicPeriodicals.beforeClass(ForeignElectronicPeriodicals.java:12)
	at sun.reflect.NativeMethodAccessorImpl.invoke0(Native Method)
	at sun.reflect.NativeMethodAccessorImpl.invoke(NativeMethodAccessorImpl.java:62)
	at sun.reflect.DelegatingMethodAccessorImpl.invoke(DelegatingMethodAccessorImpl.java:43)
	at java.lang.reflect.Method.invoke(Method.java:497)
	at org.testng.internal.MethodInvocationHelper.invokeMethod(MethodInvocationHelper.java:124)
	at org.testng.internal.MethodInvocationHelper.invokeMethodConsideringTimeout(MethodInvocationHelper.java:59)
	at org.testng.internal.Invoker.invokeConfigurationMethod(Invoker.java:458)
	at org.testng.internal.Invoker.invokeConfigurations(Invoker.java:222)
	at org.testng.internal.Invoker.invokeConfigurations(Invoker.java:142)
	at org.testng.internal.TestMethodWorker.invokeBeforeClassMethods(TestMethodWorker.java:168)
	at org.testng.internal.TestMethodWorker.run(TestMethodWorker.java:105)
	at org.testng.TestRunner.privateRun(TestRunner.java:648)
	at org.testng.TestRunner.run(TestRunner.java:505)
	at org.testng.SuiteRunner.runTest(SuiteRunner.java:455)
	at org.testng.SuiteRunner.runSequentially(SuiteRunner.java:450)
	at org.testng.SuiteRunner.privateRun(SuiteRunner.java:415)
	at org.testng.SuiteRunner.run(SuiteRunner.java:364)
	at org.testng.SuiteRunnerWorker.runSuite(SuiteRunnerWorker.java:52)
	at org.testng.SuiteRunnerWorker.run(SuiteRunnerWorker.java:84)
	at org.testng.TestNG.runSuitesSequentially(TestNG.java:1208)
	at org.testng.TestNG.runSuitesLocally(TestNG.java:1137)
	at org.testng.TestNG.runSuites(TestNG.java:1049)
	at org.testng.TestNG.run(TestNG.java:1017)
	at org.testng.IDEARemoteTestNG.run(IDEARemoteTestNG.java:72)
	at org.testng.RemoteTestNGStarter.main(RemoteTestNGStarter.java:123)

</div> <!-- stack-trace -->
                </div> <!-- method-content -->
              </div> <!-- method -->
            </div> <!-- main-panel-content rounded-window-bottom -->
          </div> <!-- suite-AutomatedTestingFrameworkOfLibrary-class-skipped -->
          <div class="suite-AutomatedTestingFrameworkOfLibrary-class-skipped">
            <div class="main-panel-header rounded-window-top">
              <img src="skipped.png"/>
              <span class="class-name">TestCase.ResourceTest.GlobalOpenCurriculumResources</span>
            </div> <!-- main-panel-header rounded-window-top -->
            <div class="main-panel-content rounded-window-bottom">
              <div class="method">
                <div class="method-content">
                  <a name="globalOpenCurriculumResourcesTest">
                  </a> <!-- globalOpenCurriculumResourcesTest -->
                  <span class="method-name">globalOpenCurriculumResourcesTest</span>
                  <div class="stack-trace">org.openqa.selenium.NoSuchElementException: no such element: Unable to locate element: {&quot;method&quot;:&quot;xpath&quot;,&quot;selector&quot;:&quot;/html/body/div[1]/div/div[2]/img[1]&quot;}
  (Session info: chrome=66.0.3359.181)
  (Driver info: chromedriver=2.38.552522 (437e6fbedfa8762dec75e2c5b3ddb86763dc9dcb),platform=Windows NT 10.0.16299 x86_64) (WARNING: The server did not provide any stacktrace information)
Command duration or timeout: 0 milliseconds
For documentation on this error, please visit: http://seleniumhq.org/exceptions/no_such_element.html
Build info: version: &apos;3.11.0&apos;, revision: &apos;e59cfb3&apos;, time: &apos;2018-03-11T20:26:55.152Z&apos;
System info: host: &apos;DESKTOP-9K58VOG&apos;, ip: &apos;10.184.5.128&apos;, os.name: &apos;Windows 10&apos;, os.arch: &apos;amd64&apos;, os.version: &apos;10.0&apos;, java.version: &apos;1.8.0_73&apos;
Driver info: org.openqa.selenium.chrome.ChromeDriver
Capabilities {acceptInsecureCerts: false, acceptSslCerts: false, applicationCacheEnabled: false, browserConnectionEnabled: false, browserName: chrome, chrome: {chromedriverVersion: 2.38.552522 (437e6fbedfa876..., userDataDir: C:\Users\GoldOil\AppData\Lo...}, cssSelectorsEnabled: true, databaseEnabled: false, handlesAlerts: true, hasTouchScreen: false, javascriptEnabled: true, locationContextEnabled: true, mobileEmulationEnabled: false, nativeEvents: true, networkConnectionEnabled: false, pageLoadStrategy: normal, platform: XP, platformName: XP, rotatable: false, setWindowRect: true, takesHeapSnapshot: true, takesScreenshot: true, unexpectedAlertBehaviour: , unhandledPromptBehavior: , version: 66.0.3359.181, webStorageEnabled: true}
Session ID: 91f5047953a98851f76fe83802acddb0
*** Element info: {Using=xpath, value=/html/body/div[1]/div/div[2]/img[1]}
	at sun.reflect.NativeConstructorAccessorImpl.newInstance0(Native Method)
	at sun.reflect.NativeConstructorAccessorImpl.newInstance(NativeConstructorAccessorImpl.java:62)
	at sun.reflect.DelegatingConstructorAccessorImpl.newInstance(DelegatingConstructorAccessorImpl.java:45)
	at java.lang.reflect.Constructor.newInstance(Constructor.java:422)
	at org.openqa.selenium.remote.ErrorHandler.createThrowable(ErrorHandler.java:214)
	at org.openqa.selenium.remote.ErrorHandler.throwIfResponseFailed(ErrorHandler.java:166)
	at org.openqa.selenium.remote.http.JsonHttpResponseCodec.reconstructValue(JsonHttpResponseCodec.java:40)
	at org.openqa.selenium.remote.http.AbstractHttpResponseCodec.decode(AbstractHttpResponseCodec.java:80)
	at org.openqa.selenium.remote.http.AbstractHttpResponseCodec.decode(AbstractHttpResponseCodec.java:44)
	at org.openqa.selenium.remote.HttpCommandExecutor.execute(HttpCommandExecutor.java:158)
	at org.openqa.selenium.remote.service.DriverCommandExecutor.execute(DriverCommandExecutor.java:83)
	at org.openqa.selenium.remote.RemoteWebDriver.execute(RemoteWebDriver.java:545)
	at org.openqa.selenium.remote.RemoteWebDriver.findElement(RemoteWebDriver.java:319)
	at org.openqa.selenium.remote.RemoteWebDriver.findElementByXPath(RemoteWebDriver.java:421)
	at org.openqa.selenium.By$ByXPath.findElement(By.java:361)
	at org.openqa.selenium.remote.RemoteWebDriver.findElement(RemoteWebDriver.java:311)
	at Utils.ActionBot.findElemetnByXpath(ActionBot.java:58)
	at Utils.ActionBot.clickByXpath(ActionBot.java:118)
	at PageObject.HomePage.closePrompt(HomePage.java:205)
	at Base.BaseTest.init(BaseTest.java:39)
	at TestCase.ResourceTest.GlobalOpenCurriculumResources.beforeClass(GlobalOpenCurriculumResources.java:12)
	at sun.reflect.NativeMethodAccessorImpl.invoke0(Native Method)
	at sun.reflect.NativeMethodAccessorImpl.invoke(NativeMethodAccessorImpl.java:62)
	at sun.reflect.DelegatingMethodAccessorImpl.invoke(DelegatingMethodAccessorImpl.java:43)
	at java.lang.reflect.Method.invoke(Method.java:497)
	at org.testng.internal.MethodInvocationHelper.invokeMethod(MethodInvocationHelper.java:124)
	at org.testng.internal.MethodInvocationHelper.invokeMethodConsideringTimeout(MethodInvocationHelper.java:59)
	at org.testng.internal.Invoker.invokeConfigurationMethod(Invoker.java:458)
	at org.testng.internal.Invoker.invokeConfigurations(Invoker.java:222)
	at org.testng.internal.Invoker.invokeConfigurations(Invoker.java:142)
	at org.testng.internal.TestMethodWorker.invokeBeforeClassMethods(TestMethodWorker.java:168)
	at org.testng.internal.TestMethodWorker.run(TestMethodWorker.java:105)
	at org.testng.TestRunner.privateRun(TestRunner.java:648)
	at org.testng.TestRunner.run(TestRunner.java:505)
	at org.testng.SuiteRunner.runTest(SuiteRunner.java:455)
	at org.testng.SuiteRunner.runSequentially(SuiteRunner.java:450)
	at org.testng.SuiteRunner.privateRun(SuiteRunner.java:415)
	at org.testng.SuiteRunner.run(SuiteRunner.java:364)
	at org.testng.SuiteRunnerWorker.runSuite(SuiteRunnerWorker.java:52)
	at org.testng.SuiteRunnerWorker.run(SuiteRunnerWorker.java:84)
	at org.testng.TestNG.runSuitesSequentially(TestNG.java:1208)
	at org.testng.TestNG.runSuitesLocally(TestNG.java:1137)
	at org.testng.TestNG.runSuites(TestNG.java:1049)
	at org.testng.TestNG.run(TestNG.java:1017)
	at org.testng.IDEARemoteTestNG.run(IDEARemoteTestNG.java:72)
	at org.testng.RemoteTestNGStarter.main(RemoteTestNGStarter.java:123)

</div> <!-- stack-trace -->
                </div> <!-- method-content -->
              </div> <!-- method -->
            </div> <!-- main-panel-content rounded-window-bottom -->
          </div> <!-- suite-AutomatedTestingFrameworkOfLibrary-class-skipped -->
          <div class="suite-AutomatedTestingFrameworkOfLibrary-class-skipped">
            <div class="main-panel-header rounded-window-top">
              <img src="skipped.png"/>
              <span class="class-name">TestCase.LearningCenterTest.MultimediaAccountingVideo</span>
            </div> <!-- main-panel-header rounded-window-top -->
            <div class="main-panel-content rounded-window-bottom">
              <div class="method">
                <div class="method-content">
                  <a name="multimediaAccountingVideoTest">
                  </a> <!-- multimediaAccountingVideoTest -->
                  <span class="method-name">multimediaAccountingVideoTest</span>
                  <div class="stack-trace">org.openqa.selenium.NoSuchElementException: no such element: Unable to locate element: {&quot;method&quot;:&quot;xpath&quot;,&quot;selector&quot;:&quot;/html/body/div[1]/div/div[2]/img[1]&quot;}
  (Session info: chrome=66.0.3359.181)
  (Driver info: chromedriver=2.38.552522 (437e6fbedfa8762dec75e2c5b3ddb86763dc9dcb),platform=Windows NT 10.0.16299 x86_64) (WARNING: The server did not provide any stacktrace information)
Command duration or timeout: 0 milliseconds
For documentation on this error, please visit: http://seleniumhq.org/exceptions/no_such_element.html
Build info: version: &apos;3.11.0&apos;, revision: &apos;e59cfb3&apos;, time: &apos;2018-03-11T20:26:55.152Z&apos;
System info: host: &apos;DESKTOP-9K58VOG&apos;, ip: &apos;10.184.5.128&apos;, os.name: &apos;Windows 10&apos;, os.arch: &apos;amd64&apos;, os.version: &apos;10.0&apos;, java.version: &apos;1.8.0_73&apos;
Driver info: org.openqa.selenium.chrome.ChromeDriver
Capabilities {acceptInsecureCerts: false, acceptSslCerts: false, applicationCacheEnabled: false, browserConnectionEnabled: false, browserName: chrome, chrome: {chromedriverVersion: 2.38.552522 (437e6fbedfa876..., userDataDir: C:\Users\GoldOil\AppData\Lo...}, cssSelectorsEnabled: true, databaseEnabled: false, handlesAlerts: true, hasTouchScreen: false, javascriptEnabled: true, locationContextEnabled: true, mobileEmulationEnabled: false, nativeEvents: true, networkConnectionEnabled: false, pageLoadStrategy: normal, platform: XP, platformName: XP, rotatable: false, setWindowRect: true, takesHeapSnapshot: true, takesScreenshot: true, unexpectedAlertBehaviour: , unhandledPromptBehavior: , version: 66.0.3359.181, webStorageEnabled: true}
Session ID: e94ae95ee1da2dd0eefa65549a603821
*** Element info: {Using=xpath, value=/html/body/div[1]/div/div[2]/img[1]}
	at sun.reflect.NativeConstructorAccessorImpl.newInstance0(Native Method)
	at sun.reflect.NativeConstructorAccessorImpl.newInstance(NativeConstructorAccessorImpl.java:62)
	at sun.reflect.DelegatingConstructorAccessorImpl.newInstance(DelegatingConstructorAccessorImpl.java:45)
	at java.lang.reflect.Constructor.newInstance(Constructor.java:422)
	at org.openqa.selenium.remote.ErrorHandler.createThrowable(ErrorHandler.java:214)
	at org.openqa.selenium.remote.ErrorHandler.throwIfResponseFailed(ErrorHandler.java:166)
	at org.openqa.selenium.remote.http.JsonHttpResponseCodec.reconstructValue(JsonHttpResponseCodec.java:40)
	at org.openqa.selenium.remote.http.AbstractHttpResponseCodec.decode(AbstractHttpResponseCodec.java:80)
	at org.openqa.selenium.remote.http.AbstractHttpResponseCodec.decode(AbstractHttpResponseCodec.java:44)
	at org.openqa.selenium.remote.HttpCommandExecutor.execute(HttpCommandExecutor.java:158)
	at org.openqa.selenium.remote.service.DriverCommandExecutor.execute(DriverCommandExecutor.java:83)
	at org.openqa.selenium.remote.RemoteWebDriver.execute(RemoteWebDriver.java:545)
	at org.openqa.selenium.remote.RemoteWebDriver.findElement(RemoteWebDriver.java:319)
	at org.openqa.selenium.remote.RemoteWebDriver.findElementByXPath(RemoteWebDriver.java:421)
	at org.openqa.selenium.By$ByXPath.findElement(By.java:361)
	at org.openqa.selenium.remote.RemoteWebDriver.findElement(RemoteWebDriver.java:311)
	at Utils.ActionBot.findElemetnByXpath(ActionBot.java:58)
	at Utils.ActionBot.clickByXpath(ActionBot.java:118)
	at PageObject.HomePage.closePrompt(HomePage.java:205)
	at Base.BaseTest.init(BaseTest.java:39)
	at TestCase.LearningCenterTest.MultimediaAccountingVideo.beforeClass(MultimediaAccountingVideo.java:12)
	at sun.reflect.NativeMethodAccessorImpl.invoke0(Native Method)
	at sun.reflect.NativeMethodAccessorImpl.invoke(NativeMethodAccessorImpl.java:62)
	at sun.reflect.DelegatingMethodAccessorImpl.invoke(DelegatingMethodAccessorImpl.java:43)
	at java.lang.reflect.Method.invoke(Method.java:497)
	at org.testng.internal.MethodInvocationHelper.invokeMethod(MethodInvocationHelper.java:124)
	at org.testng.internal.MethodInvocationHelper.invokeMethodConsideringTimeout(MethodInvocationHelper.java:59)
	at org.testng.internal.Invoker.invokeConfigurationMethod(Invoker.java:458)
	at org.testng.internal.Invoker.invokeConfigurations(Invoker.java:222)
	at org.testng.internal.Invoker.invokeConfigurations(Invoker.java:142)
	at org.testng.internal.TestMethodWorker.invokeBeforeClassMethods(TestMethodWorker.java:168)
	at org.testng.internal.TestMethodWorker.run(TestMethodWorker.java:105)
	at org.testng.TestRunner.privateRun(TestRunner.java:648)
	at org.testng.TestRunner.run(TestRunner.java:505)
	at org.testng.SuiteRunner.runTest(SuiteRunner.java:455)
	at org.testng.SuiteRunner.runSequentially(SuiteRunner.java:450)
	at org.testng.SuiteRunner.privateRun(SuiteRunner.java:415)
	at org.testng.SuiteRunner.run(SuiteRunner.java:364)
	at org.testng.SuiteRunnerWorker.runSuite(SuiteRunnerWorker.java:52)
	at org.testng.SuiteRunnerWorker.run(SuiteRunnerWorker.java:84)
	at org.testng.TestNG.runSuitesSequentially(TestNG.java:1208)
	at org.testng.TestNG.runSuitesLocally(TestNG.java:1137)
	at org.testng.TestNG.runSuites(TestNG.java:1049)
	at org.testng.TestNG.run(TestNG.java:1017)
	at org.testng.IDEARemoteTestNG.run(IDEARemoteTestNG.java:72)
	at org.testng.RemoteTestNGStarter.main(RemoteTestNGStarter.java:123)

</div> <!-- stack-trace -->
                </div> <!-- method-content -->
              </div> <!-- method -->
            </div> <!-- main-panel-content rounded-window-bottom -->
          </div> <!-- suite-AutomatedTestingFrameworkOfLibrary-class-skipped -->
          <div class="suite-AutomatedTestingFrameworkOfLibrary-class-skipped">
            <div class="main-panel-header rounded-window-top">
              <img src="skipped.png"/>
              <span class="class-name">TestCase.ResourceTest.FreeResources</span>
            </div> <!-- main-panel-header rounded-window-top -->
            <div class="main-panel-content rounded-window-bottom">
              <div class="method">
                <div class="method-content">
                  <a name="freeResourcesTest">
                  </a> <!-- freeResourcesTest -->
                  <span class="method-name">freeResourcesTest</span>
                  <div class="stack-trace">org.openqa.selenium.NoSuchElementException: no such element: Unable to locate element: {&quot;method&quot;:&quot;xpath&quot;,&quot;selector&quot;:&quot;/html/body/div[1]/div/div[2]/img[1]&quot;}
  (Session info: chrome=66.0.3359.181)
  (Driver info: chromedriver=2.38.552522 (437e6fbedfa8762dec75e2c5b3ddb86763dc9dcb),platform=Windows NT 10.0.16299 x86_64) (WARNING: The server did not provide any stacktrace information)
Command duration or timeout: 0 milliseconds
For documentation on this error, please visit: http://seleniumhq.org/exceptions/no_such_element.html
Build info: version: &apos;3.11.0&apos;, revision: &apos;e59cfb3&apos;, time: &apos;2018-03-11T20:26:55.152Z&apos;
System info: host: &apos;DESKTOP-9K58VOG&apos;, ip: &apos;10.184.5.128&apos;, os.name: &apos;Windows 10&apos;, os.arch: &apos;amd64&apos;, os.version: &apos;10.0&apos;, java.version: &apos;1.8.0_73&apos;
Driver info: org.openqa.selenium.chrome.ChromeDriver
Capabilities {acceptInsecureCerts: false, acceptSslCerts: false, applicationCacheEnabled: false, browserConnectionEnabled: false, browserName: chrome, chrome: {chromedriverVersion: 2.38.552522 (437e6fbedfa876..., userDataDir: C:\Users\GoldOil\AppData\Lo...}, cssSelectorsEnabled: true, databaseEnabled: false, handlesAlerts: true, hasTouchScreen: false, javascriptEnabled: true, locationContextEnabled: true, mobileEmulationEnabled: false, nativeEvents: true, networkConnectionEnabled: false, pageLoadStrategy: normal, platform: XP, platformName: XP, rotatable: false, setWindowRect: true, takesHeapSnapshot: true, takesScreenshot: true, unexpectedAlertBehaviour: , unhandledPromptBehavior: , version: 66.0.3359.181, webStorageEnabled: true}
Session ID: 9a75e92be0c89ad3f42387c0d5b4cb35
*** Element info: {Using=xpath, value=/html/body/div[1]/div/div[2]/img[1]}
	at sun.reflect.NativeConstructorAccessorImpl.newInstance0(Native Method)
	at sun.reflect.NativeConstructorAccessorImpl.newInstance(NativeConstructorAccessorImpl.java:62)
	at sun.reflect.DelegatingConstructorAccessorImpl.newInstance(DelegatingConstructorAccessorImpl.java:45)
	at java.lang.reflect.Constructor.newInstance(Constructor.java:422)
	at org.openqa.selenium.remote.ErrorHandler.createThrowable(ErrorHandler.java:214)
	at org.openqa.selenium.remote.ErrorHandler.throwIfResponseFailed(ErrorHandler.java:166)
	at org.openqa.selenium.remote.http.JsonHttpResponseCodec.reconstructValue(JsonHttpResponseCodec.java:40)
	at org.openqa.selenium.remote.http.AbstractHttpResponseCodec.decode(AbstractHttpResponseCodec.java:80)
	at org.openqa.selenium.remote.http.AbstractHttpResponseCodec.decode(AbstractHttpResponseCodec.java:44)
	at org.openqa.selenium.remote.HttpCommandExecutor.execute(HttpCommandExecutor.java:158)
	at org.openqa.selenium.remote.service.DriverCommandExecutor.execute(DriverCommandExecutor.java:83)
	at org.openqa.selenium.remote.RemoteWebDriver.execute(RemoteWebDriver.java:545)
	at org.openqa.selenium.remote.RemoteWebDriver.findElement(RemoteWebDriver.java:319)
	at org.openqa.selenium.remote.RemoteWebDriver.findElementByXPath(RemoteWebDriver.java:421)
	at org.openqa.selenium.By$ByXPath.findElement(By.java:361)
	at org.openqa.selenium.remote.RemoteWebDriver.findElement(RemoteWebDriver.java:311)
	at Utils.ActionBot.findElemetnByXpath(ActionBot.java:58)
	at Utils.ActionBot.clickByXpath(ActionBot.java:118)
	at PageObject.HomePage.closePrompt(HomePage.java:205)
	at Base.BaseTest.init(BaseTest.java:39)
	at TestCase.ResourceTest.FreeResources.beforeClass(FreeResources.java:12)
	at sun.reflect.NativeMethodAccessorImpl.invoke0(Native Method)
	at sun.reflect.NativeMethodAccessorImpl.invoke(NativeMethodAccessorImpl.java:62)
	at sun.reflect.DelegatingMethodAccessorImpl.invoke(DelegatingMethodAccessorImpl.java:43)
	at java.lang.reflect.Method.invoke(Method.java:497)
	at org.testng.internal.MethodInvocationHelper.invokeMethod(MethodInvocationHelper.java:124)
	at org.testng.internal.MethodInvocationHelper.invokeMethodConsideringTimeout(MethodInvocationHelper.java:59)
	at org.testng.internal.Invoker.invokeConfigurationMethod(Invoker.java:458)
	at org.testng.internal.Invoker.invokeConfigurations(Invoker.java:222)
	at org.testng.internal.Invoker.invokeConfigurations(Invoker.java:142)
	at org.testng.internal.TestMethodWorker.invokeBeforeClassMethods(TestMethodWorker.java:168)
	at org.testng.internal.TestMethodWorker.run(TestMethodWorker.java:105)
	at org.testng.TestRunner.privateRun(TestRunner.java:648)
	at org.testng.TestRunner.run(TestRunner.java:505)
	at org.testng.SuiteRunner.runTest(SuiteRunner.java:455)
	at org.testng.SuiteRunner.runSequentially(SuiteRunner.java:450)
	at org.testng.SuiteRunner.privateRun(SuiteRunner.java:415)
	at org.testng.SuiteRunner.run(SuiteRunner.java:364)
	at org.testng.SuiteRunnerWorker.runSuite(SuiteRunnerWorker.java:52)
	at org.testng.SuiteRunnerWorker.run(SuiteRunnerWorker.java:84)
	at org.testng.TestNG.runSuitesSequentially(TestNG.java:1208)
	at org.testng.TestNG.runSuitesLocally(TestNG.java:1137)
	at org.testng.TestNG.runSuites(TestNG.java:1049)
	at org.testng.TestNG.run(TestNG.java:1017)
	at org.testng.IDEARemoteTestNG.run(IDEARemoteTestNG.java:72)
	at org.testng.RemoteTestNGStarter.main(RemoteTestNGStarter.java:123)

</div> <!-- stack-trace -->
                </div> <!-- method-content -->
              </div> <!-- method -->
            </div> <!-- main-panel-content rounded-window-bottom -->
          </div> <!-- suite-AutomatedTestingFrameworkOfLibrary-class-skipped -->
          <div class="suite-AutomatedTestingFrameworkOfLibrary-class-passed">
            <div class="main-panel-header rounded-window-top">
              <img src="passed.png"/>
              <span class="class-name">TestCase.ResourceTest.DissertationsAndTheses</span>
            </div> <!-- main-panel-header rounded-window-top -->
            <div class="main-panel-content rounded-window-bottom">
              <div class="method">
                <div class="method-content">
                  <a name="dissertationsAndThesesTest">
                  </a> <!-- dissertationsAndThesesTest -->
                  <span class="method-name">dissertationsAndThesesTest</span>
                </div> <!-- method-content -->
              </div> <!-- method -->
            </div> <!-- main-panel-content rounded-window-bottom -->
          </div> <!-- suite-AutomatedTestingFrameworkOfLibrary-class-passed -->
          <div class="suite-AutomatedTestingFrameworkOfLibrary-class-passed">
            <div class="main-panel-header rounded-window-top">
              <img src="passed.png"/>
              <span class="class-name">TestCase.ResourceTest.OffcampusAccess</span>
            </div> <!-- main-panel-header rounded-window-top -->
            <div class="main-panel-content rounded-window-bottom">
              <div class="method">
                <div class="method-content">
                  <a name="offcampusAccessTest">
                  </a> <!-- offcampusAccessTest -->
                  <span class="method-name">offcampusAccessTest</span>
                </div> <!-- method-content -->
              </div> <!-- method -->
            </div> <!-- main-panel-content rounded-window-bottom -->
          </div> <!-- suite-AutomatedTestingFrameworkOfLibrary-class-passed -->
          <div class="suite-AutomatedTestingFrameworkOfLibrary-class-passed">
            <div class="main-panel-header rounded-window-top">
              <img src="passed.png"/>
              <span class="class-name">TestCase.RecommendationTest.NewArrivals</span>
            </div> <!-- main-panel-header rounded-window-top -->
            <div class="main-panel-content rounded-window-bottom">
              <div class="method">
                <div class="method-content">
                  <a name="newArrivalsTest">
                  </a> <!-- newArrivalsTest -->
                  <span class="method-name">newArrivalsTest</span>
                </div> <!-- method-content -->
              </div> <!-- method -->
            </div> <!-- main-panel-content rounded-window-bottom -->
          </div> <!-- suite-AutomatedTestingFrameworkOfLibrary-class-passed -->
          <div class="suite-AutomatedTestingFrameworkOfLibrary-class-passed">
            <div class="main-panel-header rounded-window-top">
              <img src="passed.png"/>
              <span class="class-name">TestCase.ActivityTest.Read</span>
            </div> <!-- main-panel-header rounded-window-top -->
            <div class="main-panel-content rounded-window-bottom">
              <div class="method">
                <div class="method-content">
                  <a name="readTest">
                  </a> <!-- readTest -->
                  <span class="method-name">readTest</span>
                </div> <!-- method-content -->
              </div> <!-- method -->
            </div> <!-- main-panel-content rounded-window-bottom -->
          </div> <!-- suite-AutomatedTestingFrameworkOfLibrary-class-passed -->
          <div class="suite-AutomatedTestingFrameworkOfLibrary-class-passed">
            <div class="main-panel-header rounded-window-top">
              <img src="passed.png"/>
              <span class="class-name">TestCase.ServiceTest.CheckAndCheck</span>
            </div> <!-- main-panel-header rounded-window-top -->
            <div class="main-panel-content rounded-window-bottom">
              <div class="method">
                <div class="method-content">
                  <a name="checkAndCheckTest">
                  </a> <!-- checkAndCheckTest -->
                  <span class="method-name">checkAndCheckTest</span>
                </div> <!-- method-content -->
              </div> <!-- method -->
            </div> <!-- main-panel-content rounded-window-bottom -->
          </div> <!-- suite-AutomatedTestingFrameworkOfLibrary-class-passed -->
          <div class="suite-AutomatedTestingFrameworkOfLibrary-class-passed">
            <div class="main-panel-header rounded-window-top">
              <img src="passed.png"/>
              <span class="class-name">TestCase.AccountRelatedTest.AccountInfo</span>
            </div> <!-- main-panel-header rounded-window-top -->
            <div class="main-panel-content rounded-window-bottom">
              <div class="method">
                <div class="method-content">
                  <a name="accountInfoTest">
                  </a> <!-- accountInfoTest -->
                  <span class="method-name">accountInfoTest</span>
                </div> <!-- method-content -->
              </div> <!-- method -->
            </div> <!-- main-panel-content rounded-window-bottom -->
          </div> <!-- suite-AutomatedTestingFrameworkOfLibrary-class-passed -->
          <div class="suite-AutomatedTestingFrameworkOfLibrary-class-passed">
            <div class="main-panel-header rounded-window-top">
              <img src="passed.png"/>
              <span class="class-name">TestCase.LearningCenterTest.Mooc</span>
            </div> <!-- main-panel-header rounded-window-top -->
            <div class="main-panel-content rounded-window-bottom">
              <div class="method">
                <div class="method-content">
                  <a name="moocTest">
                  </a> <!-- moocTest -->
                  <span class="method-name">moocTest</span>
                </div> <!-- method-content -->
              </div> <!-- method -->
            </div> <!-- main-panel-content rounded-window-bottom -->
          </div> <!-- suite-AutomatedTestingFrameworkOfLibrary-class-passed -->
          <div class="suite-AutomatedTestingFrameworkOfLibrary-class-passed">
            <div class="main-panel-header rounded-window-top">
              <img src="passed.png"/>
              <span class="class-name">TestCase.ServiceTest.ReservationService</span>
            </div> <!-- main-panel-header rounded-window-top -->
            <div class="main-panel-content rounded-window-bottom">
              <div class="method">
                <div class="method-content">
                  <a name="reservationServiceTest">
                  </a> <!-- reservationServiceTest -->
                  <span class="method-name">reservationServiceTest</span>
                </div> <!-- method-content -->
              </div> <!-- method -->
            </div> <!-- main-panel-content rounded-window-bottom -->
          </div> <!-- suite-AutomatedTestingFrameworkOfLibrary-class-passed -->
          <div class="suite-AutomatedTestingFrameworkOfLibrary-class-passed">
            <div class="main-panel-header rounded-window-top">
              <img src="passed.png"/>
              <span class="class-name">TestCase.InfoTest.ResourceDynamics</span>
            </div> <!-- main-panel-header rounded-window-top -->
            <div class="main-panel-content rounded-window-bottom">
              <div class="method">
                <div class="method-content">
                  <a name="resourceDynamicsTest">
                  </a> <!-- resourceDynamicsTest -->
                  <span class="method-name">resourceDynamicsTest</span>
                </div> <!-- method-content -->
              </div> <!-- method -->
            </div> <!-- main-panel-content rounded-window-bottom -->
          </div> <!-- suite-AutomatedTestingFrameworkOfLibrary-class-passed -->
          <div class="suite-AutomatedTestingFrameworkOfLibrary-class-passed">
            <div class="main-panel-header rounded-window-top">
              <img src="passed.png"/>
              <span class="class-name">TestCase.LearningCenterTest.Credit</span>
            </div> <!-- main-panel-header rounded-window-top -->
            <div class="main-panel-content rounded-window-bottom">
              <div class="method">
                <div class="method-content">
                  <a name="creditTest">
                  </a> <!-- creditTest -->
                  <span class="method-name">creditTest</span>
                </div> <!-- method-content -->
              </div> <!-- method -->
            </div> <!-- main-panel-content rounded-window-bottom -->
          </div> <!-- suite-AutomatedTestingFrameworkOfLibrary-class-passed -->
          <div class="suite-AutomatedTestingFrameworkOfLibrary-class-passed">
            <div class="main-panel-header rounded-window-top">
              <img src="passed.png"/>
              <span class="class-name">TestCase.LearningCenterTest.StartPoint</span>
            </div> <!-- main-panel-header rounded-window-top -->
            <div class="main-panel-content rounded-window-bottom">
              <div class="method">
                <div class="method-content">
                  <a name="startPointTest">
                  </a> <!-- startPointTest -->
                  <span class="method-name">startPointTest</span>
                </div> <!-- method-content -->
              </div> <!-- method -->
            </div> <!-- main-panel-content rounded-window-bottom -->
          </div> <!-- suite-AutomatedTestingFrameworkOfLibrary-class-passed -->
          <div class="suite-AutomatedTestingFrameworkOfLibrary-class-passed">
            <div class="main-panel-header rounded-window-top">
              <img src="passed.png"/>
              <span class="class-name">TestCase.InfoTest.RealTimeInfo</span>
            </div> <!-- main-panel-header rounded-window-top -->
            <div class="main-panel-content rounded-window-bottom">
              <div class="method">
                <div class="method-content">
                  <a name="realTimeInfoTest">
                  </a> <!-- realTimeInfoTest -->
                  <span class="method-name">realTimeInfoTest</span>
                </div> <!-- method-content -->
              </div> <!-- method -->
            </div> <!-- main-panel-content rounded-window-bottom -->
          </div> <!-- suite-AutomatedTestingFrameworkOfLibrary-class-passed -->
          <div class="suite-AutomatedTestingFrameworkOfLibrary-class-passed">
            <div class="main-panel-header rounded-window-top">
              <img src="passed.png"/>
              <span class="class-name">TestCase.ResourceTest.ElectronicBooks</span>
            </div> <!-- main-panel-header rounded-window-top -->
            <div class="main-panel-content rounded-window-bottom">
              <div class="method">
                <div class="method-content">
                  <a name="electronicBooksTest">
                  </a> <!-- electronicBooksTest -->
                  <span class="method-name">electronicBooksTest</span>
                </div> <!-- method-content -->
              </div> <!-- method -->
            </div> <!-- main-panel-content rounded-window-bottom -->
          </div> <!-- suite-AutomatedTestingFrameworkOfLibrary-class-passed -->
          <div class="suite-AutomatedTestingFrameworkOfLibrary-class-passed">
            <div class="main-panel-header rounded-window-top">
              <img src="passed.png"/>
              <span class="class-name">TestCase.ServiceTest.ReaderService</span>
            </div> <!-- main-panel-header rounded-window-top -->
            <div class="main-panel-content rounded-window-bottom">
              <div class="method">
                <div class="method-content">
                  <a name="readerServiceTest">
                  </a> <!-- readerServiceTest -->
                  <span class="method-name">readerServiceTest</span>
                </div> <!-- method-content -->
              </div> <!-- method -->
            </div> <!-- main-panel-content rounded-window-bottom -->
          </div> <!-- suite-AutomatedTestingFrameworkOfLibrary-class-passed -->
          <div class="suite-AutomatedTestingFrameworkOfLibrary-class-passed">
            <div class="main-panel-header rounded-window-top">
              <img src="passed.png"/>
              <span class="class-name">TestCase.InfoTest.Notice</span>
            </div> <!-- main-panel-header rounded-window-top -->
            <div class="main-panel-content rounded-window-bottom">
              <div class="method">
                <div class="method-content">
                  <a name="noticeTest">
                  </a> <!-- noticeTest -->
                  <span class="method-name">noticeTest</span>
                </div> <!-- method-content -->
              </div> <!-- method -->
            </div> <!-- main-panel-content rounded-window-bottom -->
          </div> <!-- suite-AutomatedTestingFrameworkOfLibrary-class-passed -->
          <div class="suite-AutomatedTestingFrameworkOfLibrary-class-passed">
            <div class="main-panel-header rounded-window-top">
              <img src="passed.png"/>
              <span class="class-name">TestCase.ServiceTest.TeachingAndTraining</span>
            </div> <!-- main-panel-header rounded-window-top -->
            <div class="main-panel-content rounded-window-bottom">
              <div class="method">
                <div class="method-content">
                  <a name="teachingAndTrainingTest">
                  </a> <!-- teachingAndTrainingTest -->
                  <span class="method-name">teachingAndTrainingTest</span>
                </div> <!-- method-content -->
              </div> <!-- method -->
            </div> <!-- main-panel-content rounded-window-bottom -->
          </div> <!-- suite-AutomatedTestingFrameworkOfLibrary-class-passed -->
          <div class="suite-AutomatedTestingFrameworkOfLibrary-class-passed">
            <div class="main-panel-header rounded-window-top">
              <img src="passed.png"/>
              <span class="class-name">TestCase.ServiceTest.PatentService</span>
            </div> <!-- main-panel-header rounded-window-top -->
            <div class="main-panel-content rounded-window-bottom">
              <div class="method">
                <div class="method-content">
                  <a name="patentServicekTest">
                  </a> <!-- patentServicekTest -->
                  <span class="method-name">patentServicekTest</span>
                </div> <!-- method-content -->
              </div> <!-- method -->
            </div> <!-- main-panel-content rounded-window-bottom -->
          </div> <!-- suite-AutomatedTestingFrameworkOfLibrary-class-passed -->
          <div class="suite-AutomatedTestingFrameworkOfLibrary-class-passed">
            <div class="main-panel-header rounded-window-top">
              <img src="passed.png"/>
              <span class="class-name">TestCase.ResourceTest.ChineseIndexOrLiterature</span>
            </div> <!-- main-panel-header rounded-window-top -->
            <div class="main-panel-content rounded-window-bottom">
              <div class="method">
                <div class="method-content">
                  <a name="chineseIndexOrLiteratureTest">
                  </a> <!-- chineseIndexOrLiteratureTest -->
                  <span class="method-name">chineseIndexOrLiteratureTest</span>
                </div> <!-- method-content -->
              </div> <!-- method -->
            </div> <!-- main-panel-content rounded-window-bottom -->
          </div> <!-- suite-AutomatedTestingFrameworkOfLibrary-class-passed -->
          <div class="suite-AutomatedTestingFrameworkOfLibrary-class-passed">
            <div class="main-panel-header rounded-window-top">
              <img src="passed.png"/>
              <span class="class-name">TestCase.ActivityTest.Activity</span>
            </div> <!-- main-panel-header rounded-window-top -->
            <div class="main-panel-content rounded-window-bottom">
              <div class="method">
                <div class="method-content">
                  <a name="activityTest">
                  </a> <!-- activityTest -->
                  <span class="method-name">activityTest</span>
                </div> <!-- method-content -->
              </div> <!-- method -->
            </div> <!-- main-panel-content rounded-window-bottom -->
          </div> <!-- suite-AutomatedTestingFrameworkOfLibrary-class-passed -->
          <div class="suite-AutomatedTestingFrameworkOfLibrary-class-passed">
            <div class="main-panel-header rounded-window-top">
              <img src="passed.png"/>
              <span class="class-name">TestCase.ResourceTest.ChinesePeriodicalNewspaper</span>
            </div> <!-- main-panel-header rounded-window-top -->
            <div class="main-panel-content rounded-window-bottom">
              <div class="method">
                <div class="method-content">
                  <a name="chinesePeriodicalNewspaperTest">
                  </a> <!-- chinesePeriodicalNewspaperTest -->
                  <span class="method-name">chinesePeriodicalNewspaperTest</span>
                </div> <!-- method-content -->
              </div> <!-- method -->
            </div> <!-- main-panel-content rounded-window-bottom -->
          </div> <!-- suite-AutomatedTestingFrameworkOfLibrary-class-passed -->
          <div class="suite-AutomatedTestingFrameworkOfLibrary-class-passed">
            <div class="main-panel-header rounded-window-top">
              <img src="passed.png"/>
              <span class="class-name">TestCase.ActivityTest.Appreciate</span>
            </div> <!-- main-panel-header rounded-window-top -->
            <div class="main-panel-content rounded-window-bottom">
              <div class="method">
                <div class="method-content">
                  <a name="appreciateTest">
                  </a> <!-- appreciateTest -->
                  <span class="method-name">appreciateTest</span>
                </div> <!-- method-content -->
              </div> <!-- method -->
            </div> <!-- main-panel-content rounded-window-bottom -->
          </div> <!-- suite-AutomatedTestingFrameworkOfLibrary-class-passed -->
          <div class="suite-AutomatedTestingFrameworkOfLibrary-class-passed">
            <div class="main-panel-header rounded-window-top">
              <img src="passed.png"/>
              <span class="class-name">TestCase.LearningCenterTest.PublicAwareness</span>
            </div> <!-- main-panel-header rounded-window-top -->
            <div class="main-panel-content rounded-window-bottom">
              <div class="method">
                <div class="method-content">
                  <a name="publicAwarenessTest">
                  </a> <!-- publicAwarenessTest -->
                  <span class="method-name">publicAwarenessTest</span>
                </div> <!-- method-content -->
              </div> <!-- method -->
            </div> <!-- main-panel-content rounded-window-bottom -->
          </div> <!-- suite-AutomatedTestingFrameworkOfLibrary-class-passed -->
          <div class="suite-AutomatedTestingFrameworkOfLibrary-class-passed">
            <div class="main-panel-header rounded-window-top">
              <img src="passed.png"/>
              <span class="class-name">TestCase.ServiceTest.QuestionAnswer</span>
            </div> <!-- main-panel-header rounded-window-top -->
            <div class="main-panel-content rounded-window-bottom">
              <div class="method">
                <div class="method-content">
                  <a name="questionAnswerTest">
                  </a> <!-- questionAnswerTest -->
                  <span class="method-name">questionAnswerTest</span>
                </div> <!-- method-content -->
              </div> <!-- method -->
            </div> <!-- main-panel-content rounded-window-bottom -->
          </div> <!-- suite-AutomatedTestingFrameworkOfLibrary-class-passed -->
          <div class="suite-AutomatedTestingFrameworkOfLibrary-class-passed">
            <div class="main-panel-header rounded-window-top">
              <img src="passed.png"/>
              <span class="class-name">TestCase.ActivityTest.Lecture</span>
            </div> <!-- main-panel-header rounded-window-top -->
            <div class="main-panel-content rounded-window-bottom">
              <div class="method">
                <div class="method-content">
                  <a name="lectureTest">
                  </a> <!-- lectureTest -->
                  <span class="method-name">lectureTest</span>
                </div> <!-- method-content -->
              </div> <!-- method -->
            </div> <!-- main-panel-content rounded-window-bottom -->
          </div> <!-- suite-AutomatedTestingFrameworkOfLibrary-class-passed -->
          <div class="suite-AutomatedTestingFrameworkOfLibrary-class-passed">
            <div class="main-panel-header rounded-window-top">
              <img src="passed.png"/>
              <span class="class-name">TestCase.ResourceTest.ChineseNumericValueOrFact</span>
            </div> <!-- main-panel-header rounded-window-top -->
            <div class="main-panel-content rounded-window-bottom">
              <div class="method">
                <div class="method-content">
                  <a name="chineseNumericValueOrFactTest">
                  </a> <!-- chineseNumericValueOrFactTest -->
                  <span class="method-name">chineseNumericValueOrFactTest</span>
                </div> <!-- method-content -->
              </div> <!-- method -->
            </div> <!-- main-panel-content rounded-window-bottom -->
          </div> <!-- suite-AutomatedTestingFrameworkOfLibrary-class-passed -->
          <div class="suite-AutomatedTestingFrameworkOfLibrary-class-passed">
            <div class="main-panel-header rounded-window-top">
              <img src="passed.png"/>
              <span class="class-name">TestCase.ActivityTest.Salon</span>
            </div> <!-- main-panel-header rounded-window-top -->
            <div class="main-panel-content rounded-window-bottom">
              <div class="method">
                <div class="method-content">
                  <a name="salonTest">
                  </a> <!-- salonTest -->
                  <span class="method-name">salonTest</span>
                </div> <!-- method-content -->
              </div> <!-- method -->
            </div> <!-- main-panel-content rounded-window-bottom -->
          </div> <!-- suite-AutomatedTestingFrameworkOfLibrary-class-passed -->
          <div class="suite-AutomatedTestingFrameworkOfLibrary-class-passed">
            <div class="main-panel-header rounded-window-top">
              <img src="passed.png"/>
              <span class="class-name">TestCase.ActivityTest.Other</span>
            </div> <!-- main-panel-header rounded-window-top -->
            <div class="main-panel-content rounded-window-bottom">
              <div class="method">
                <div class="method-content">
                  <a name="otherTest">
                  </a> <!-- otherTest -->
                  <span class="method-name">otherTest</span>
                </div> <!-- method-content -->
              </div> <!-- method -->
            </div> <!-- main-panel-content rounded-window-bottom -->
          </div> <!-- suite-AutomatedTestingFrameworkOfLibrary-class-passed -->
          <div class="suite-AutomatedTestingFrameworkOfLibrary-class-passed">
            <div class="main-panel-header rounded-window-top">
              <img src="passed.png"/>
              <span class="class-name">TestCase.ResourceTest.ChinesePatentAndStandard</span>
            </div> <!-- main-panel-header rounded-window-top -->
            <div class="main-panel-content rounded-window-bottom">
              <div class="method">
                <div class="method-content">
                  <a name="chinesePatentAndStandardTest">
                  </a> <!-- chinesePatentAndStandardTest -->
                  <span class="method-name">chinesePatentAndStandardTest</span>
                </div> <!-- method-content -->
              </div> <!-- method -->
            </div> <!-- main-panel-content rounded-window-bottom -->
          </div> <!-- suite-AutomatedTestingFrameworkOfLibrary-class-passed -->
          <div class="suite-AutomatedTestingFrameworkOfLibrary-class-passed">
            <div class="main-panel-header rounded-window-top">
              <img src="passed.png"/>
              <span class="class-name">TestCase.ServiceTest.SubjectService</span>
            </div> <!-- main-panel-header rounded-window-top -->
            <div class="main-panel-content rounded-window-bottom">
              <div class="method">
                <div class="method-content">
                  <a name="subjectServiceTest">
                  </a> <!-- subjectServiceTest -->
                  <span class="method-name">subjectServiceTest</span>
                </div> <!-- method-content -->
              </div> <!-- method -->
            </div> <!-- main-panel-content rounded-window-bottom -->
          </div> <!-- suite-AutomatedTestingFrameworkOfLibrary-class-passed -->
          <div class="suite-AutomatedTestingFrameworkOfLibrary-class-passed">
            <div class="main-panel-header rounded-window-top">
              <img src="passed.png"/>
              <span class="class-name">TestCase.LearningCenterTest.LearningCenterOL</span>
            </div> <!-- main-panel-header rounded-window-top -->
            <div class="main-panel-content rounded-window-bottom">
              <div class="method">
                <div class="method-content">
                  <a name="learningCenterOLTest">
                  </a> <!-- learningCenterOLTest -->
                  <span class="method-name">learningCenterOLTest</span>
                </div> <!-- method-content -->
              </div> <!-- method -->
            </div> <!-- main-panel-content rounded-window-bottom -->
          </div> <!-- suite-AutomatedTestingFrameworkOfLibrary-class-passed -->
          <div class="suite-AutomatedTestingFrameworkOfLibrary-class-passed">
            <div class="main-panel-header rounded-window-top">
              <img src="passed.png"/>
              <span class="class-name">TestCase.RecommendationTest.ThemeRecommendation</span>
            </div> <!-- main-panel-header rounded-window-top -->
            <div class="main-panel-content rounded-window-bottom">
              <div class="method">
                <div class="method-content">
                  <a name="themeRecommendationTest">
                  </a> <!-- themeRecommendationTest -->
                  <span class="method-name">themeRecommendationTest</span>
                </div> <!-- method-content -->
              </div> <!-- method -->
            </div> <!-- main-panel-content rounded-window-bottom -->
          </div> <!-- suite-AutomatedTestingFrameworkOfLibrary-class-passed -->
          <div class="suite-AutomatedTestingFrameworkOfLibrary-class-passed">
            <div class="main-panel-header rounded-window-top">
              <img src="passed.png"/>
              <span class="class-name">TestCase.ServiceTest.NoveltySearch</span>
            </div> <!-- main-panel-header rounded-window-top -->
            <div class="main-panel-content rounded-window-bottom">
              <div class="method">
                <div class="method-content">
                  <a name="noveltySearchTest">
                  </a> <!-- noveltySearchTest -->
                  <span class="method-name">noveltySearchTest</span>
                </div> <!-- method-content -->
              </div> <!-- method -->
            </div> <!-- main-panel-content rounded-window-bottom -->
          </div> <!-- suite-AutomatedTestingFrameworkOfLibrary-class-passed -->
          <div class="suite-AutomatedTestingFrameworkOfLibrary-class-passed">
            <div class="main-panel-header rounded-window-top">
              <img src="passed.png"/>
              <span class="class-name">TestCase.AccountRelatedTest.Login</span>
            </div> <!-- main-panel-header rounded-window-top -->
            <div class="main-panel-content rounded-window-bottom">
              <div class="method">
                <div class="method-content">
                  <a name="loginTest">
                  </a> <!-- loginTest -->
                  <span class="method-name">loginTest</span>
                </div> <!-- method-content -->
              </div> <!-- method -->
            </div> <!-- main-panel-content rounded-window-bottom -->
          </div> <!-- suite-AutomatedTestingFrameworkOfLibrary-class-passed -->
          <div class="suite-AutomatedTestingFrameworkOfLibrary-class-passed">
            <div class="main-panel-header rounded-window-top">
              <img src="passed.png"/>
              <span class="class-name">TestCase.ResourceTest.MultimediaLearningLibrary</span>
            </div> <!-- main-panel-header rounded-window-top -->
            <div class="main-panel-content rounded-window-bottom">
              <div class="method">
                <div class="method-content">
                  <a name="multimediaLearningLibraryTest">
                  </a> <!-- multimediaLearningLibraryTest -->
                  <span class="method-name">multimediaLearningLibraryTest</span>
                </div> <!-- method-content -->
              </div> <!-- method -->
            </div> <!-- main-panel-content rounded-window-bottom -->
          </div> <!-- suite-AutomatedTestingFrameworkOfLibrary-class-passed -->
          <div class="suite-AutomatedTestingFrameworkOfLibrary-class-passed">
            <div class="main-panel-header rounded-window-top">
              <img src="passed.png"/>
              <span class="class-name">TestCase.LearningCenterTest.EddieCorsonMedia</span>
            </div> <!-- main-panel-header rounded-window-top -->
            <div class="main-panel-content rounded-window-bottom">
              <div class="method">
                <div class="method-content">
                  <a name="eddieCorsonMediaTest">
                  </a> <!-- eddieCorsonMediaTest -->
                  <span class="method-name">eddieCorsonMediaTest</span>
                </div> <!-- method-content -->
              </div> <!-- method -->
            </div> <!-- main-panel-content rounded-window-bottom -->
          </div> <!-- suite-AutomatedTestingFrameworkOfLibrary-class-passed -->
        </div> <!-- panel AutomatedTestingFrameworkOfLibrary -->
        <div panel-name="test-xml-AutomatedTestingFrameworkOfLibrary" class="panel">
          <div class="main-panel-header rounded-window-top">
            <span class="header-content">C:\idea\IdeaProjects\AutomatedTestingFrameworkOfLibrary\testng.xml</span>
          </div> <!-- main-panel-header rounded-window-top -->
          <div class="main-panel-content rounded-window-bottom">
            <pre>
&lt;?xml version=&quot;1.0&quot; encoding=&quot;UTF-8&quot;?&gt;
&lt;!DOCTYPE suite SYSTEM &quot;http://testng.org/testng-1.0.dtd&quot;&gt;
&lt;suite guice-stage=&quot;DEVELOPMENT&quot; verbose=&quot;2&quot; name=&quot;AutomatedTestingFrameworkOfLibrary&quot;&gt;
  &lt;test thread-count=&quot;5&quot; verbose=&quot;2&quot; name=&quot;AccountRelatedTest&quot;&gt;
    &lt;classes&gt;
      &lt;class name=&quot;TestCase.AccountRelatedTest.AccountInfo&quot;/&gt;
      &lt;class name=&quot;TestCase.AccountRelatedTest.Login&quot;/&gt;
    &lt;/classes&gt;
  &lt;/test&gt; &lt;!-- AccountRelatedTest --&gt;
  &lt;test thread-count=&quot;5&quot; verbose=&quot;2&quot; name=&quot;ActivityTest&quot;&gt;
    &lt;classes&gt;
      &lt;class name=&quot;TestCase.ActivityTest.Activity&quot;/&gt;
      &lt;class name=&quot;TestCase.ActivityTest.Appreciate&quot;/&gt;
      &lt;class name=&quot;TestCase.ActivityTest.Lecture&quot;/&gt;
      &lt;class name=&quot;TestCase.ActivityTest.Other&quot;/&gt;
      &lt;class name=&quot;TestCase.ActivityTest.Read&quot;/&gt;
      &lt;class name=&quot;TestCase.ActivityTest.Salon&quot;/&gt;
    &lt;/classes&gt;
  &lt;/test&gt; &lt;!-- ActivityTest --&gt;
  &lt;test thread-count=&quot;5&quot; verbose=&quot;2&quot; name=&quot;InfoTest&quot;&gt;
    &lt;classes&gt;
      &lt;class name=&quot;TestCase.InfoTest.Notice&quot;/&gt;
      &lt;class name=&quot;TestCase.InfoTest.RealTimeInfo&quot;/&gt;
      &lt;class name=&quot;TestCase.InfoTest.ResourceDynamics&quot;/&gt;
    &lt;/classes&gt;
  &lt;/test&gt; &lt;!-- InfoTest --&gt;
  &lt;test thread-count=&quot;5&quot; verbose=&quot;2&quot; name=&quot;LearningCenterTest&quot;&gt;
    &lt;classes&gt;
      &lt;class name=&quot;TestCase.LearningCenterTest.Credit&quot;/&gt;
      &lt;class name=&quot;TestCase.LearningCenterTest.EddieCorsonMedia&quot;/&gt;
      &lt;class name=&quot;TestCase.LearningCenterTest.EddieCorsonReportingHall&quot;/&gt;
      &lt;class name=&quot;TestCase.LearningCenterTest.LearningCenterOL&quot;/&gt;
      &lt;class name=&quot;TestCase.LearningCenterTest.Mooc&quot;/&gt;
      &lt;class name=&quot;TestCase.LearningCenterTest.MultimediaAccountingVideo&quot;/&gt;
      &lt;class name=&quot;TestCase.LearningCenterTest.PublicAwareness&quot;/&gt;
      &lt;class name=&quot;TestCase.LearningCenterTest.StartPoint&quot;/&gt;
    &lt;/classes&gt;
  &lt;/test&gt; &lt;!-- LearningCenterTest --&gt;
  &lt;test thread-count=&quot;5&quot; verbose=&quot;2&quot; name=&quot;RecommendationTest&quot;&gt;
    &lt;classes&gt;
      &lt;class name=&quot;TestCase.RecommendationTest.NewArrivals&quot;/&gt;
      &lt;class name=&quot;TestCase.RecommendationTest.ThemeRecommendation&quot;/&gt;
    &lt;/classes&gt;
  &lt;/test&gt; &lt;!-- RecommendationTest --&gt;
  &lt;test thread-count=&quot;5&quot; verbose=&quot;2&quot; name=&quot;ResourceTest&quot;&gt;
    &lt;classes&gt;
      &lt;class name=&quot;TestCase.ResourceTest.CharacteristicResources&quot;/&gt;
      &lt;class name=&quot;TestCase.ResourceTest.ChineseIndexOrLiterature&quot;/&gt;
      &lt;class name=&quot;TestCase.ResourceTest.ChineseNumericValueOrFact&quot;/&gt;
      &lt;class name=&quot;TestCase.ResourceTest.ChinesePatentAndStandard&quot;/&gt;
      &lt;class name=&quot;TestCase.ResourceTest.ChinesePeriodicalNewspaper&quot;/&gt;
      &lt;class name=&quot;TestCase.ResourceTest.ChineseYearbook&quot;/&gt;
      &lt;class name=&quot;TestCase.ResourceTest.DissertationsAndTheses&quot;/&gt;
      &lt;class name=&quot;TestCase.ResourceTest.ElectronicBooks&quot;/&gt;
      &lt;class name=&quot;TestCase.ResourceTest.ForeignElectronicPeriodicals&quot;/&gt;
      &lt;class name=&quot;TestCase.ResourceTest.FreeResources&quot;/&gt;
      &lt;class name=&quot;TestCase.ResourceTest.GlobalOpenCurriculumResources&quot;/&gt;
      &lt;class name=&quot;TestCase.ResourceTest.MultimediaLearningLibrary&quot;/&gt;
      &lt;class name=&quot;TestCase.ResourceTest.OffcampusAccess&quot;/&gt;
    &lt;/classes&gt;
  &lt;/test&gt; &lt;!-- ResourceTest --&gt;
  &lt;test thread-count=&quot;5&quot; verbose=&quot;2&quot; name=&quot;ServiceTest&quot;&gt;
    &lt;classes&gt;
      &lt;class name=&quot;TestCase.ServiceTest.CheckAndCheck&quot;/&gt;
      &lt;class name=&quot;TestCase.ServiceTest.DocumentDelivery&quot;/&gt;
      &lt;class name=&quot;TestCase.ServiceTest.InformationService&quot;/&gt;
      &lt;class name=&quot;TestCase.ServiceTest.NoveltySearch&quot;/&gt;
      &lt;class name=&quot;TestCase.ServiceTest.PatentService&quot;/&gt;
      &lt;class name=&quot;TestCase.ServiceTest.QuestionAnswer&quot;/&gt;
      &lt;class name=&quot;TestCase.ServiceTest.ReaderService&quot;/&gt;
      &lt;class name=&quot;TestCase.ServiceTest.ReservationService&quot;/&gt;
      &lt;class name=&quot;TestCase.ServiceTest.SubjectService&quot;/&gt;
      &lt;class name=&quot;TestCase.ServiceTest.TeachingAndTraining&quot;/&gt;
    &lt;/classes&gt;
  &lt;/test&gt; &lt;!-- ServiceTest --&gt;
&lt;/suite&gt; &lt;!-- AutomatedTestingFrameworkOfLibrary --&gt;
            </pre>
          </div> <!-- main-panel-content rounded-window-bottom -->
        </div> <!-- panel -->
        <div panel-name="testlist-AutomatedTestingFrameworkOfLibrary" class="panel">
          <div class="main-panel-header rounded-window-top">
            <span class="header-content">Tests for AutomatedTestingFrameworkOfLibrary</span>
          </div> <!-- main-panel-header rounded-window-top -->
          <div class="main-panel-content rounded-window-bottom">
            <ul>
              <li>
                <span class="test-name">AccountRelatedTest (2 classes)</span>
              </li>
              <li>
                <span class="test-name">ActivityTest (6 classes)</span>
              </li>
              <li>
                <span class="test-name">InfoTest (3 classes)</span>
              </li>
              <li>
                <span class="test-name">LearningCenterTest (8 classes)</span>
              </li>
              <li>
                <span class="test-name">RecommendationTest (2 classes)</span>
              </li>
              <li>
                <span class="test-name">ResourceTest (13 classes)</span>
              </li>
              <li>
                <span class="test-name">ServiceTest (10 classes)</span>
              </li>
            </ul>
          </div> <!-- main-panel-content rounded-window-bottom -->
        </div> <!-- panel -->
        <div panel-name="group-AutomatedTestingFrameworkOfLibrary" class="panel">
          <div class="main-panel-header rounded-window-top">
            <span class="header-content">Groups for AutomatedTestingFrameworkOfLibrary</span>
          </div> <!-- main-panel-header rounded-window-top -->
          <div class="main-panel-content rounded-window-bottom">
          </div> <!-- main-panel-content rounded-window-bottom -->
        </div> <!-- panel -->
        <div panel-name="times-AutomatedTestingFrameworkOfLibrary" class="panel">
          <div class="main-panel-header rounded-window-top">
            <span class="header-content">Times for AutomatedTestingFrameworkOfLibrary</span>
          </div> <!-- main-panel-header rounded-window-top -->
          <div class="main-panel-content rounded-window-bottom">
            <div class="times-div">
              <script type="text/javascript">
suiteTableInitFunctions.push('tableData_AutomatedTestingFrameworkOfLibrary');
function tableData_AutomatedTestingFrameworkOfLibrary() {
var data = new google.visualization.DataTable();
data.addColumn('number', 'Number');
data.addColumn('string', 'Method');
data.addColumn('string', 'Class');
data.addColumn('number', 'Time (ms)');
data.addRows(44);
data.setCell(0, 0, 0)
data.setCell(0, 1, 'informationServiceTest')
data.setCell(0, 2, 'TestCase.ServiceTest.InformationService')
data.setCell(0, 3, 42614);
data.setCell(1, 0, 1)
data.setCell(1, 1, 'themeRecommendationTest')
data.setCell(1, 2, 'TestCase.RecommendationTest.ThemeRecommendation')
data.setCell(1, 3, 28594);
data.setCell(2, 0, 2)
data.setCell(2, 1, 'readerServiceTest')
data.setCell(2, 2, 'TestCase.ServiceTest.ReaderService')
data.setCell(2, 3, 28227);
data.setCell(3, 0, 3)
data.setCell(3, 1, 'characteristicResourcesTest')
data.setCell(3, 2, 'TestCase.ResourceTest.CharacteristicResources')
data.setCell(3, 3, 24938);
data.setCell(4, 0, 4)
data.setCell(4, 1, 'startPointTest')
data.setCell(4, 2, 'TestCase.LearningCenterTest.StartPoint')
data.setCell(4, 3, 22870);
data.setCell(5, 0, 5)
data.setCell(5, 1, 'accountInfoTest')
data.setCell(5, 2, 'TestCase.AccountRelatedTest.AccountInfo')
data.setCell(5, 3, 20159);
data.setCell(6, 0, 6)
data.setCell(6, 1, 'dissertationsAndThesesTest')
data.setCell(6, 2, 'TestCase.ResourceTest.DissertationsAndTheses')
data.setCell(6, 3, 10951);
data.setCell(7, 0, 7)
data.setCell(7, 1, 'subjectServiceTest')
data.setCell(7, 2, 'TestCase.ServiceTest.SubjectService')
data.setCell(7, 3, 10595);
data.setCell(8, 0, 8)
data.setCell(8, 1, 'realTimeInfoTest')
data.setCell(8, 2, 'TestCase.InfoTest.RealTimeInfo')
data.setCell(8, 3, 10536);
data.setCell(9, 0, 9)
data.setCell(9, 1, 'chineseYearbookTest')
data.setCell(9, 2, 'TestCase.ResourceTest.ChineseYearbook')
data.setCell(9, 3, 10167);
data.setCell(10, 0, 10)
data.setCell(10, 1, 'documentDeliveryTest')
data.setCell(10, 2, 'TestCase.ServiceTest.DocumentDelivery')
data.setCell(10, 3, 10138);
data.setCell(11, 0, 11)
data.setCell(11, 1, 'loginTest')
data.setCell(11, 2, 'TestCase.AccountRelatedTest.Login')
data.setCell(11, 3, 7547);
data.setCell(12, 0, 12)
data.setCell(12, 1, 'eddieCorsonMediaTest')
data.setCell(12, 2, 'TestCase.LearningCenterTest.EddieCorsonMedia')
data.setCell(12, 3, 6634);
data.setCell(13, 0, 13)
data.setCell(13, 1, 'noticeTest')
data.setCell(13, 2, 'TestCase.InfoTest.Notice')
data.setCell(13, 3, 6254);
data.setCell(14, 0, 14)
data.setCell(14, 1, 'resourceDynamicsTest')
data.setCell(14, 2, 'TestCase.InfoTest.ResourceDynamics')
data.setCell(14, 3, 5821);
data.setCell(15, 0, 15)
data.setCell(15, 1, 'readTest')
data.setCell(15, 2, 'TestCase.ActivityTest.Read')
data.setCell(15, 3, 4959);
data.setCell(16, 0, 16)
data.setCell(16, 1, 'chineseNumericValueOrFactTest')
data.setCell(16, 2, 'TestCase.ResourceTest.ChineseNumericValueOrFact')
data.setCell(16, 3, 4881);
data.setCell(17, 0, 17)
data.setCell(17, 1, 'creditTest')
data.setCell(17, 2, 'TestCase.LearningCenterTest.Credit')
data.setCell(17, 3, 4230);
data.setCell(18, 0, 18)
data.setCell(18, 1, 'eddieCorsonReportingHallTest')
data.setCell(18, 2, 'TestCase.LearningCenterTest.EddieCorsonReportingHall')
data.setCell(18, 3, 4219);
data.setCell(19, 0, 19)
data.setCell(19, 1, 'learningCenterOLTest')
data.setCell(19, 2, 'TestCase.LearningCenterTest.LearningCenterOL')
data.setCell(19, 3, 4172);
data.setCell(20, 0, 20)
data.setCell(20, 1, 'checkAndCheckTest')
data.setCell(20, 2, 'TestCase.ServiceTest.CheckAndCheck')
data.setCell(20, 3, 3878);
data.setCell(21, 0, 21)
data.setCell(21, 1, 'activityTest')
data.setCell(21, 2, 'TestCase.ActivityTest.Activity')
data.setCell(21, 3, 3863);
data.setCell(22, 0, 22)
data.setCell(22, 1, 'salonTest')
data.setCell(22, 2, 'TestCase.ActivityTest.Salon')
data.setCell(22, 3, 3826);
data.setCell(23, 0, 23)
data.setCell(23, 1, 'multimediaLearningLibraryTest')
data.setCell(23, 2, 'TestCase.ResourceTest.MultimediaLearningLibrary')
data.setCell(23, 3, 3822);
data.setCell(24, 0, 24)
data.setCell(24, 1, 'lectureTest')
data.setCell(24, 2, 'TestCase.ActivityTest.Lecture')
data.setCell(24, 3, 3814);
data.setCell(25, 0, 25)
data.setCell(25, 1, 'appreciateTest')
data.setCell(25, 2, 'TestCase.ActivityTest.Appreciate')
data.setCell(25, 3, 3660);
data.setCell(26, 0, 26)
data.setCell(26, 1, 'otherTest')
data.setCell(26, 2, 'TestCase.ActivityTest.Other')
data.setCell(26, 3, 3596);
data.setCell(27, 0, 27)
data.setCell(27, 1, 'chinesePatentAndStandardTest')
data.setCell(27, 2, 'TestCase.ResourceTest.ChinesePatentAndStandard')
data.setCell(27, 3, 3571);
data.setCell(28, 0, 28)
data.setCell(28, 1, 'moocTest')
data.setCell(28, 2, 'TestCase.LearningCenterTest.Mooc')
data.setCell(28, 3, 3398);
data.setCell(29, 0, 29)
data.setCell(29, 1, 'newArrivalsTest')
data.setCell(29, 2, 'TestCase.RecommendationTest.NewArrivals')
data.setCell(29, 3, 3081);
data.setCell(30, 0, 30)
data.setCell(30, 1, 'publicAwarenessTest')
data.setCell(30, 2, 'TestCase.LearningCenterTest.PublicAwareness')
data.setCell(30, 3, 2858);
data.setCell(31, 0, 31)
data.setCell(31, 1, 'reservationServiceTest')
data.setCell(31, 2, 'TestCase.ServiceTest.ReservationService')
data.setCell(31, 3, 2757);
data.setCell(32, 0, 32)
data.setCell(32, 1, 'noveltySearchTest')
data.setCell(32, 2, 'TestCase.ServiceTest.NoveltySearch')
data.setCell(32, 3, 2485);
data.setCell(33, 0, 33)
data.setCell(33, 1, 'teachingAndTrainingTest')
data.setCell(33, 2, 'TestCase.ServiceTest.TeachingAndTraining')
data.setCell(33, 3, 2134);
data.setCell(34, 0, 34)
data.setCell(34, 1, 'electronicBooksTest')
data.setCell(34, 2, 'TestCase.ResourceTest.ElectronicBooks')
data.setCell(34, 3, 1997);
data.setCell(35, 0, 35)
data.setCell(35, 1, 'questionAnswerTest')
data.setCell(35, 2, 'TestCase.ServiceTest.QuestionAnswer')
data.setCell(35, 3, 1884);
data.setCell(36, 0, 36)
data.setCell(36, 1, 'chinesePeriodicalNewspaperTest')
data.setCell(36, 2, 'TestCase.ResourceTest.ChinesePeriodicalNewspaper')
data.setCell(36, 3, 1753);
data.setCell(37, 0, 37)
data.setCell(37, 1, 'patentServicekTest')
data.setCell(37, 2, 'TestCase.ServiceTest.PatentService')
data.setCell(37, 3, 1580);
data.setCell(38, 0, 38)
data.setCell(38, 1, 'chineseIndexOrLiteratureTest')
data.setCell(38, 2, 'TestCase.ResourceTest.ChineseIndexOrLiterature')
data.setCell(38, 3, 1366);
data.setCell(39, 0, 39)
data.setCell(39, 1, 'offcampusAccessTest')
data.setCell(39, 2, 'TestCase.ResourceTest.OffcampusAccess')
data.setCell(39, 3, 1215);
data.setCell(40, 0, 40)
data.setCell(40, 1, 'multimediaAccountingVideoTest')
data.setCell(40, 2, 'TestCase.LearningCenterTest.MultimediaAccountingVideo')
data.setCell(40, 3, 0);
data.setCell(41, 0, 41)
data.setCell(41, 1, 'globalOpenCurriculumResourcesTest')
data.setCell(41, 2, 'TestCase.ResourceTest.GlobalOpenCurriculumResources')
data.setCell(41, 3, 0);
data.setCell(42, 0, 42)
data.setCell(42, 1, 'foreignElectronicPeriodicalsTest')
data.setCell(42, 2, 'TestCase.ResourceTest.ForeignElectronicPeriodicals')
data.setCell(42, 3, 0);
data.setCell(43, 0, 43)
data.setCell(43, 1, 'freeResourcesTest')
data.setCell(43, 2, 'TestCase.ResourceTest.FreeResources')
data.setCell(43, 3, 0);
window.suiteTableData['AutomatedTestingFrameworkOfLibrary']= { tableData: data, tableDiv: 'times-div-AutomatedTestingFrameworkOfLibrary'}
return data;
}
              </script>
              <span class="suite-total-time">Total running time: 5 minutes</span>
              <div id="times-div-AutomatedTestingFrameworkOfLibrary">
              </div> <!-- times-div-AutomatedTestingFrameworkOfLibrary -->
            </div> <!-- times-div -->
          </div> <!-- main-panel-content rounded-window-bottom -->
        </div> <!-- panel -->
        <div panel-name="reporter-AutomatedTestingFrameworkOfLibrary" class="panel">
          <div class="main-panel-header rounded-window-top">
            <span class="header-content">Reporter output for AutomatedTestingFrameworkOfLibrary</span>
          </div> <!-- main-panel-header rounded-window-top -->
          <div class="main-panel-content rounded-window-bottom">
          </div> <!-- main-panel-content rounded-window-bottom -->
        </div> <!-- panel -->
        <div panel-name="ignored-methods-AutomatedTestingFrameworkOfLibrary" class="panel">
          <div class="main-panel-header rounded-window-top">
            <span class="header-content">0 ignored methods</span>
          </div> <!-- main-panel-header rounded-window-top -->
          <div class="main-panel-content rounded-window-bottom">
          </div> <!-- main-panel-content rounded-window-bottom -->
        </div> <!-- panel -->
        <div panel-name="chronological-AutomatedTestingFrameworkOfLibrary" class="panel">
          <div class="main-panel-header rounded-window-top">
            <span class="header-content">Methods in chronological order</span>
          </div> <!-- main-panel-header rounded-window-top -->
          <div class="main-panel-content rounded-window-bottom">
            <div class="chronological-class">
              <div class="chronological-class-name">TestCase.AccountRelatedTest.AccountInfo</div> <!-- chronological-class-name -->
              <div class="configuration-class before">
                <span class="method-name">beforeClass</span>
                <span class="method-start">0 ms</span>
              </div> <!-- configuration-class before -->
              <div class="test-method">
                <span class="method-name">accountInfoTest</span>
                <span class="method-start">10640 ms</span>
              </div> <!-- test-method -->
              <div class="configuration-class after">
                <span class="method-name">afterClass</span>
                <span class="method-start">30799 ms</span>
              </div> <!-- configuration-class after -->
            </div> <!-- chronological-class -->
            <div class="chronological-class">
              <div class="chronological-class-name">TestCase.AccountRelatedTest.Login</div> <!-- chronological-class-name -->
              <div class="configuration-class before">
                <span class="method-name">beforeClass</span>
                <span class="method-start">31598 ms</span>
              </div> <!-- configuration-class before -->
              <div class="test-method">
                <span class="method-name">loginTest</span>
                <span class="method-start">33874 ms</span>
              </div> <!-- test-method -->
              <div class="configuration-class after">
                <span class="method-name">afterClass</span>
                <span class="method-start">41421 ms</span>
              </div> <!-- configuration-class after -->
            </div> <!-- chronological-class -->
            <div class="chronological-class">
              <div class="chronological-class-name">TestCase.ActivityTest.Activity</div> <!-- chronological-class-name -->
              <div class="configuration-class before">
                <span class="method-name">beforeClass</span>
                <span class="method-start">42217 ms</span>
              </div> <!-- configuration-class before -->
              <div class="test-method">
                <span class="method-name">activityTest</span>
                <span class="method-start">44723 ms</span>
              </div> <!-- test-method -->
              <div class="configuration-class after">
                <span class="method-name">afterClass</span>
                <span class="method-start">48586 ms</span>
              </div> <!-- configuration-class after -->
            </div> <!-- chronological-class -->
            <div class="chronological-class">
              <div class="chronological-class-name">TestCase.ActivityTest.Appreciate</div> <!-- chronological-class-name -->
              <div class="configuration-class before">
                <span class="method-name">beforeClass</span>
                <span class="method-start">49329 ms</span>
              </div> <!-- configuration-class before -->
              <div class="test-method">
                <span class="method-name">appreciateTest</span>
                <span class="method-start">51693 ms</span>
              </div> <!-- test-method -->
              <div class="configuration-class after">
                <span class="method-name">afterClass</span>
                <span class="method-start">55353 ms</span>
              </div> <!-- configuration-class after -->
            </div> <!-- chronological-class -->
            <div class="chronological-class">
              <div class="chronological-class-name">TestCase.ActivityTest.Lecture</div> <!-- chronological-class-name -->
              <div class="configuration-class before">
                <span class="method-name">beforeClass</span>
                <span class="method-start">56099 ms</span>
              </div> <!-- configuration-class before -->
              <div class="test-method">
                <span class="method-name">lectureTest</span>
                <span class="method-start">58788 ms</span>
              </div> <!-- test-method -->
              <div class="configuration-class after">
                <span class="method-name">afterClass</span>
                <span class="method-start">62602 ms</span>
              </div> <!-- configuration-class after -->
            </div> <!-- chronological-class -->
            <div class="chronological-class">
              <div class="chronological-class-name">TestCase.ActivityTest.Other</div> <!-- chronological-class-name -->
              <div class="configuration-class before">
                <span class="method-name">beforeClass</span>
                <span class="method-start">63336 ms</span>
              </div> <!-- configuration-class before -->
              <div class="test-method">
                <span class="method-name">otherTest</span>
                <span class="method-start">65680 ms</span>
              </div> <!-- test-method -->
              <div class="configuration-class after">
                <span class="method-name">afterClass</span>
                <span class="method-start">69276 ms</span>
              </div> <!-- configuration-class after -->
            </div> <!-- chronological-class -->
            <div class="chronological-class">
              <div class="chronological-class-name">TestCase.ActivityTest.Read</div> <!-- chronological-class-name -->
              <div class="configuration-class before">
                <span class="method-name">beforeClass</span>
                <span class="method-start">70026 ms</span>
              </div> <!-- configuration-class before -->
              <div class="test-method">
                <span class="method-name">readTest</span>
                <span class="method-start">72581 ms</span>
              </div> <!-- test-method -->
              <div class="configuration-class after">
                <span class="method-name">afterClass</span>
                <span class="method-start">77540 ms</span>
              </div> <!-- configuration-class after -->
            </div> <!-- chronological-class -->
            <div class="chronological-class">
              <div class="chronological-class-name">TestCase.ActivityTest.Salon</div> <!-- chronological-class-name -->
              <div class="configuration-class before">
                <span class="method-name">beforeClass</span>
                <span class="method-start">78302 ms</span>
              </div> <!-- configuration-class before -->
              <div class="test-method">
                <span class="method-name">salonTest</span>
                <span class="method-start">83099 ms</span>
              </div> <!-- test-method -->
              <div class="configuration-class after">
                <span class="method-name">afterClass</span>
                <span class="method-start">86926 ms</span>
              </div> <!-- configuration-class after -->
            </div> <!-- chronological-class -->
            <div class="chronological-class">
              <div class="chronological-class-name">TestCase.InfoTest.Notice</div> <!-- chronological-class-name -->
              <div class="configuration-class before">
                <span class="method-name">beforeClass</span>
                <span class="method-start">87697 ms</span>
              </div> <!-- configuration-class before -->
              <div class="test-method">
                <span class="method-name">noticeTest</span>
                <span class="method-start">92783 ms</span>
              </div> <!-- test-method -->
              <div class="configuration-class after">
                <span class="method-name">afterClass</span>
                <span class="method-start">99037 ms</span>
              </div> <!-- configuration-class after -->
            </div> <!-- chronological-class -->
            <div class="chronological-class">
              <div class="chronological-class-name">TestCase.InfoTest.RealTimeInfo</div> <!-- chronological-class-name -->
              <div class="configuration-class before">
                <span class="method-name">beforeClass</span>
                <span class="method-start">99774 ms</span>
              </div> <!-- configuration-class before -->
              <div class="test-method">
                <span class="method-name">realTimeInfoTest</span>
                <span class="method-start">109859 ms</span>
              </div> <!-- test-method -->
              <div class="configuration-class after">
                <span class="method-name">afterClass</span>
                <span class="method-start">120395 ms</span>
              </div> <!-- configuration-class after -->
            </div> <!-- chronological-class -->
            <div class="chronological-class">
              <div class="chronological-class-name">TestCase.InfoTest.ResourceDynamics</div> <!-- chronological-class-name -->
              <div class="configuration-class before">
                <span class="method-name">beforeClass</span>
                <span class="method-start">121144 ms</span>
              </div> <!-- configuration-class before -->
              <div class="test-method">
                <span class="method-name">resourceDynamicsTest</span>
                <span class="method-start">126772 ms</span>
              </div> <!-- test-method -->
              <div class="configuration-class after">
                <span class="method-name">afterClass</span>
                <span class="method-start">132593 ms</span>
              </div> <!-- configuration-class after -->
            </div> <!-- chronological-class -->
            <div class="chronological-class">
              <div class="chronological-class-name">TestCase.LearningCenterTest.Credit</div> <!-- chronological-class-name -->
              <div class="configuration-class before">
                <span class="method-name">beforeClass</span>
                <span class="method-start">133356 ms</span>
              </div> <!-- configuration-class before -->
              <div class="test-method">
                <span class="method-name">creditTest</span>
                <span class="method-start">138742 ms</span>
              </div> <!-- test-method -->
              <div class="configuration-class after">
                <span class="method-name">afterClass</span>
                <span class="method-start">142973 ms</span>
              </div> <!-- configuration-class after -->
            </div> <!-- chronological-class -->
            <div class="chronological-class">
              <div class="chronological-class-name">TestCase.LearningCenterTest.EddieCorsonMedia</div> <!-- chronological-class-name -->
              <div class="configuration-class before">
                <span class="method-name">beforeClass</span>
                <span class="method-start">143777 ms</span>
              </div> <!-- configuration-class before -->
              <div class="test-method">
                <span class="method-name">eddieCorsonMediaTest</span>
                <span class="method-start">149310 ms</span>
              </div> <!-- test-method -->
              <div class="configuration-class after">
                <span class="method-name">afterClass</span>
                <span class="method-start">155944 ms</span>
              </div> <!-- configuration-class after -->
            </div> <!-- chronological-class -->
            <div class="chronological-class">
              <div class="chronological-class-name">TestCase.LearningCenterTest.EddieCorsonReportingHall</div> <!-- chronological-class-name -->
              <div class="configuration-class before">
                <span class="method-name">beforeClass</span>
                <span class="method-start">156748 ms</span>
              </div> <!-- configuration-class before -->
              <div class="test-method">
                <img src="failed.png">
                </img>
                <span class="method-name">eddieCorsonReportingHallTest</span>
                <span class="method-start">161960 ms</span>
              </div> <!-- test-method -->
              <div class="configuration-class after">
                <span class="method-name">afterClass</span>
                <span class="method-start">166179 ms</span>
              </div> <!-- configuration-class after -->
            </div> <!-- chronological-class -->
            <div class="chronological-class">
              <div class="chronological-class-name">TestCase.LearningCenterTest.LearningCenterOL</div> <!-- chronological-class-name -->
              <div class="configuration-class before">
                <span class="method-name">beforeClass</span>
                <span class="method-start">166948 ms</span>
              </div> <!-- configuration-class before -->
              <div class="test-method">
                <span class="method-name">learningCenterOLTest</span>
                <span class="method-start">172029 ms</span>
              </div> <!-- test-method -->
              <div class="configuration-class after">
                <span class="method-name">afterClass</span>
                <span class="method-start">176201 ms</span>
              </div> <!-- configuration-class after -->
            </div> <!-- chronological-class -->
            <div class="chronological-class">
              <div class="chronological-class-name">TestCase.LearningCenterTest.Mooc</div> <!-- chronological-class-name -->
              <div class="configuration-class before">
                <span class="method-name">beforeClass</span>
                <span class="method-start">176956 ms</span>
              </div> <!-- configuration-class before -->
              <div class="test-method">
                <span class="method-name">moocTest</span>
                <span class="method-start">181130 ms</span>
              </div> <!-- test-method -->
              <div class="configuration-class after">
                <span class="method-name">afterClass</span>
                <span class="method-start">184528 ms</span>
              </div> <!-- configuration-class after -->
            </div> <!-- chronological-class -->
            <div class="chronological-class">
              <div class="chronological-class-name">TestCase.LearningCenterTest.MultimediaAccountingVideo</div> <!-- chronological-class-name -->
              <div class="configuration-class before">
                <img src="failed.png">
                </img>
                <span class="method-name">beforeClass</span>
                <span class="method-start">185286 ms</span>
              </div> <!-- configuration-class before -->
              <div class="configuration-class after">
                <span class="method-name">afterClass</span>
                <span class="method-start">256621 ms</span>
              </div> <!-- configuration-class after -->
            </div> <!-- chronological-class -->
            <div class="chronological-class">
              <div class="chronological-class-name">TestCase.LearningCenterTest.PublicAwareness</div> <!-- chronological-class-name -->
              <div class="configuration-class before">
                <span class="method-name">beforeClass</span>
                <span class="method-start">257356 ms</span>
              </div> <!-- configuration-class before -->
              <div class="test-method">
                <span class="method-name">publicAwarenessTest</span>
                <span class="method-start">264143 ms</span>
              </div> <!-- test-method -->
              <div class="configuration-class after">
                <span class="method-name">afterClass</span>
                <span class="method-start">267001 ms</span>
              </div> <!-- configuration-class after -->
            </div> <!-- chronological-class -->
            <div class="chronological-class">
              <div class="chronological-class-name">TestCase.LearningCenterTest.StartPoint</div> <!-- chronological-class-name -->
              <div class="configuration-class before">
                <span class="method-name">beforeClass</span>
                <span class="method-start">267770 ms</span>
              </div> <!-- configuration-class before -->
              <div class="test-method">
                <span class="method-name">startPointTest</span>
                <span class="method-start">281352 ms</span>
              </div> <!-- test-method -->
              <div class="configuration-class after">
                <span class="method-name">afterClass</span>
                <span class="method-start">304222 ms</span>
              </div> <!-- configuration-class after -->
            </div> <!-- chronological-class -->
            <div class="chronological-class">
              <div class="chronological-class-name">TestCase.RecommendationTest.NewArrivals</div> <!-- chronological-class-name -->
              <div class="configuration-class before">
                <span class="method-name">beforeClass</span>
                <span class="method-start">305118 ms</span>
              </div> <!-- configuration-class before -->
              <div class="test-method">
                <span class="method-name">newArrivalsTest</span>
                <span class="method-start">314142 ms</span>
              </div> <!-- test-method -->
              <div class="configuration-class after">
                <span class="method-name">afterClass</span>
                <span class="method-start">317223 ms</span>
              </div> <!-- configuration-class after -->
            </div> <!-- chronological-class -->
            <div class="chronological-class">
              <div class="chronological-class-name">TestCase.RecommendationTest.ThemeRecommendation</div> <!-- chronological-class-name -->
              <div class="configuration-class before">
                <span class="method-name">beforeClass</span>
                <span class="method-start">317972 ms</span>
              </div> <!-- configuration-class before -->
              <div class="test-method">
                <span class="method-name">themeRecommendationTest</span>
                <span class="method-start">328537 ms</span>
              </div> <!-- test-method -->
              <div class="configuration-class after">
                <span class="method-name">afterClass</span>
                <span class="method-start">357131 ms</span>
              </div> <!-- configuration-class after -->
            </div> <!-- chronological-class -->
            <div class="chronological-class">
              <div class="chronological-class-name">TestCase.ResourceTest.CharacteristicResources</div> <!-- chronological-class-name -->
              <div class="configuration-class before">
                <span class="method-name">beforeClass</span>
                <span class="method-start">357955 ms</span>
              </div> <!-- configuration-class before -->
              <div class="test-method">
                <img src="failed.png">
                </img>
                <span class="method-name">characteristicResourcesTest</span>
                <span class="method-start">362162 ms</span>
              </div> <!-- test-method -->
              <div class="configuration-class after">
                <span class="method-name">afterClass</span>
                <span class="method-start">387104 ms</span>
              </div> <!-- configuration-class after -->
            </div> <!-- chronological-class -->
            <div class="chronological-class">
              <div class="chronological-class-name">TestCase.ResourceTest.ChineseIndexOrLiterature</div> <!-- chronological-class-name -->
              <div class="configuration-class before">
                <span class="method-name">beforeClass</span>
                <span class="method-start">387851 ms</span>
              </div> <!-- configuration-class before -->
              <div class="test-method">
                <span class="method-name">chineseIndexOrLiteratureTest</span>
                <span class="method-start">397651 ms</span>
              </div> <!-- test-method -->
              <div class="configuration-class after">
                <span class="method-name">afterClass</span>
                <span class="method-start">399018 ms</span>
              </div> <!-- configuration-class after -->
            </div> <!-- chronological-class -->
            <div class="chronological-class">
              <div class="chronological-class-name">TestCase.ResourceTest.ChineseNumericValueOrFact</div> <!-- chronological-class-name -->
              <div class="configuration-class before">
                <span class="method-name">beforeClass</span>
                <span class="method-start">399763 ms</span>
              </div> <!-- configuration-class before -->
              <div class="test-method">
                <span class="method-name">chineseNumericValueOrFactTest</span>
                <span class="method-start">405088 ms</span>
              </div> <!-- test-method -->
              <div class="configuration-class after">
                <span class="method-name">afterClass</span>
                <span class="method-start">409970 ms</span>
              </div> <!-- configuration-class after -->
            </div> <!-- chronological-class -->
            <div class="chronological-class">
              <div class="chronological-class-name">TestCase.ResourceTest.ChinesePatentAndStandard</div> <!-- chronological-class-name -->
              <div class="configuration-class before">
                <span class="method-name">beforeClass</span>
                <span class="method-start">410728 ms</span>
              </div> <!-- configuration-class before -->
              <div class="test-method">
                <span class="method-name">chinesePatentAndStandardTest</span>
                <span class="method-start">420958 ms</span>
              </div> <!-- test-method -->
              <div class="configuration-class after">
                <span class="method-name">afterClass</span>
                <span class="method-start">424529 ms</span>
              </div> <!-- configuration-class after -->
            </div> <!-- chronological-class -->
            <div class="chronological-class">
              <div class="chronological-class-name">TestCase.ResourceTest.ChinesePeriodicalNewspaper</div> <!-- chronological-class-name -->
              <div class="configuration-class before">
                <span class="method-name">beforeClass</span>
                <span class="method-start">425284 ms</span>
              </div> <!-- configuration-class before -->
              <div class="test-method">
                <span class="method-name">chinesePeriodicalNewspaperTest</span>
                <span class="method-start">434510 ms</span>
              </div> <!-- test-method -->
              <div class="configuration-class after">
                <span class="method-name">afterClass</span>
                <span class="method-start">436263 ms</span>
              </div> <!-- configuration-class after -->
            </div> <!-- chronological-class -->
            <div class="chronological-class">
              <div class="chronological-class-name">TestCase.ResourceTest.ChineseYearbook</div> <!-- chronological-class-name -->
              <div class="configuration-class before">
                <span class="method-name">beforeClass</span>
                <span class="method-start">437018 ms</span>
              </div> <!-- configuration-class before -->
              <div class="test-method">
                <img src="failed.png">
                </img>
                <span class="method-name">chineseYearbookTest</span>
                <span class="method-start">449722 ms</span>
              </div> <!-- test-method -->
              <div class="configuration-class after">
                <span class="method-name">afterClass</span>
                <span class="method-start">459905 ms</span>
              </div> <!-- configuration-class after -->
            </div> <!-- chronological-class -->
            <div class="chronological-class">
              <div class="chronological-class-name">TestCase.ResourceTest.DissertationsAndTheses</div> <!-- chronological-class-name -->
              <div class="configuration-class before">
                <span class="method-name">beforeClass</span>
                <span class="method-start">460640 ms</span>
              </div> <!-- configuration-class before -->
              <div class="test-method">
                <span class="method-name">dissertationsAndThesesTest</span>
                <span class="method-start">470816 ms</span>
              </div> <!-- test-method -->
              <div class="configuration-class after">
                <span class="method-name">afterClass</span>
                <span class="method-start">481768 ms</span>
              </div> <!-- configuration-class after -->
            </div> <!-- chronological-class -->
            <div class="chronological-class">
              <div class="chronological-class-name">TestCase.ResourceTest.ElectronicBooks</div> <!-- chronological-class-name -->
              <div class="configuration-class before">
                <span class="method-name">beforeClass</span>
                <span class="method-start">482511 ms</span>
              </div> <!-- configuration-class before -->
              <div class="test-method">
                <span class="method-name">electronicBooksTest</span>
                <span class="method-start">492605 ms</span>
              </div> <!-- test-method -->
              <div class="configuration-class after">
                <span class="method-name">afterClass</span>
                <span class="method-start">494602 ms</span>
              </div> <!-- configuration-class after -->
            </div> <!-- chronological-class -->
            <div class="chronological-class">
              <div class="chronological-class-name">TestCase.ResourceTest.ForeignElectronicPeriodicals</div> <!-- chronological-class-name -->
              <div class="configuration-class before">
                <img src="failed.png">
                </img>
                <span class="method-name">beforeClass</span>
                <span class="method-start">495351 ms</span>
              </div> <!-- configuration-class before -->
              <div class="configuration-class after">
                <span class="method-name">afterClass</span>
                <span class="method-start">566685 ms</span>
              </div> <!-- configuration-class after -->
            </div> <!-- chronological-class -->
            <div class="chronological-class">
              <div class="chronological-class-name">TestCase.ResourceTest.FreeResources</div> <!-- chronological-class-name -->
              <div class="configuration-class before">
                <img src="failed.png">
                </img>
                <span class="method-name">beforeClass</span>
                <span class="method-start">567404 ms</span>
              </div> <!-- configuration-class before -->
              <div class="configuration-class after">
                <span class="method-name">afterClass</span>
                <span class="method-start">638731 ms</span>
              </div> <!-- configuration-class after -->
            </div> <!-- chronological-class -->
            <div class="chronological-class">
              <div class="chronological-class-name">TestCase.ResourceTest.GlobalOpenCurriculumResources</div> <!-- chronological-class-name -->
              <div class="configuration-class before">
                <img src="failed.png">
                </img>
                <span class="method-name">beforeClass</span>
                <span class="method-start">639449 ms</span>
              </div> <!-- configuration-class before -->
              <div class="configuration-class after">
                <span class="method-name">afterClass</span>
                <span class="method-start">710809 ms</span>
              </div> <!-- configuration-class after -->
            </div> <!-- chronological-class -->
            <div class="chronological-class">
              <div class="chronological-class-name">TestCase.ResourceTest.MultimediaLearningLibrary</div> <!-- chronological-class-name -->
              <div class="configuration-class before">
                <span class="method-name">beforeClass</span>
                <span class="method-start">711545 ms</span>
              </div> <!-- configuration-class before -->
              <div class="test-method">
                <span class="method-name">multimediaLearningLibraryTest</span>
                <span class="method-start">720111 ms</span>
              </div> <!-- test-method -->
              <div class="configuration-class after">
                <span class="method-name">afterClass</span>
                <span class="method-start">723934 ms</span>
              </div> <!-- configuration-class after -->
            </div> <!-- chronological-class -->
            <div class="chronological-class">
              <div class="chronological-class-name">TestCase.ResourceTest.OffcampusAccess</div> <!-- chronological-class-name -->
              <div class="configuration-class before">
                <span class="method-name">beforeClass</span>
                <span class="method-start">724719 ms</span>
              </div> <!-- configuration-class before -->
              <div class="test-method">
                <span class="method-name">offcampusAccessTest</span>
                <span class="method-start">734379 ms</span>
              </div> <!-- test-method -->
              <div class="configuration-class after">
                <span class="method-name">afterClass</span>
                <span class="method-start">735594 ms</span>
              </div> <!-- configuration-class after -->
            </div> <!-- chronological-class -->
            <div class="chronological-class">
              <div class="chronological-class-name">TestCase.ServiceTest.CheckAndCheck</div> <!-- chronological-class-name -->
              <div class="configuration-class before">
                <span class="method-name">beforeClass</span>
                <span class="method-start">736434 ms</span>
              </div> <!-- configuration-class before -->
              <div class="test-method">
                <span class="method-name">checkAndCheckTest</span>
                <span class="method-start">754318 ms</span>
              </div> <!-- test-method -->
              <div class="configuration-class after">
                <span class="method-name">afterClass</span>
                <span class="method-start">758196 ms</span>
              </div> <!-- configuration-class after -->
            </div> <!-- chronological-class -->
            <div class="chronological-class">
              <div class="chronological-class-name">TestCase.ServiceTest.DocumentDelivery</div> <!-- chronological-class-name -->
              <div class="configuration-class before">
                <span class="method-name">beforeClass</span>
                <span class="method-start">758987 ms</span>
              </div> <!-- configuration-class before -->
              <div class="test-method">
                <img src="failed.png">
                </img>
                <span class="method-name">documentDeliveryTest</span>
                <span class="method-start">765102 ms</span>
              </div> <!-- test-method -->
              <div class="configuration-class after">
                <span class="method-name">afterClass</span>
                <span class="method-start">775256 ms</span>
              </div> <!-- configuration-class after -->
            </div> <!-- chronological-class -->
            <div class="chronological-class">
              <div class="chronological-class-name">TestCase.ServiceTest.InformationService</div> <!-- chronological-class-name -->
              <div class="configuration-class before">
                <span class="method-name">beforeClass</span>
                <span class="method-start">776006 ms</span>
              </div> <!-- configuration-class before -->
              <div class="test-method">
                <img src="failed.png">
                </img>
                <span class="method-name">informationServiceTest</span>
                <span class="method-start">783889 ms</span>
              </div> <!-- test-method -->
              <div class="configuration-class after">
                <span class="method-name">afterClass</span>
                <span class="method-start">826507 ms</span>
              </div> <!-- configuration-class after -->
            </div> <!-- chronological-class -->
            <div class="chronological-class">
              <div class="chronological-class-name">TestCase.ServiceTest.NoveltySearch</div> <!-- chronological-class-name -->
              <div class="configuration-class before">
                <span class="method-name">beforeClass</span>
                <span class="method-start">827251 ms</span>
              </div> <!-- configuration-class before -->
              <div class="test-method">
                <span class="method-name">noveltySearchTest</span>
                <span class="method-start">840697 ms</span>
              </div> <!-- test-method -->
              <div class="configuration-class after">
                <span class="method-name">afterClass</span>
                <span class="method-start">843182 ms</span>
              </div> <!-- configuration-class after -->
            </div> <!-- chronological-class -->
            <div class="chronological-class">
              <div class="chronological-class-name">TestCase.ServiceTest.PatentService</div> <!-- chronological-class-name -->
              <div class="configuration-class before">
                <span class="method-name">beforeClass</span>
                <span class="method-start">843939 ms</span>
              </div> <!-- configuration-class before -->
              <div class="test-method">
                <span class="method-name">patentServicekTest</span>
                <span class="method-start">857350 ms</span>
              </div> <!-- test-method -->
              <div class="configuration-class after">
                <span class="method-name">afterClass</span>
                <span class="method-start">858930 ms</span>
              </div> <!-- configuration-class after -->
            </div> <!-- chronological-class -->
            <div class="chronological-class">
              <div class="chronological-class-name">TestCase.ServiceTest.QuestionAnswer</div> <!-- chronological-class-name -->
              <div class="configuration-class before">
                <span class="method-name">beforeClass</span>
                <span class="method-start">859675 ms</span>
              </div> <!-- configuration-class before -->
              <div class="test-method">
                <span class="method-name">questionAnswerTest</span>
                <span class="method-start">866049 ms</span>
              </div> <!-- test-method -->
              <div class="configuration-class after">
                <span class="method-name">afterClass</span>
                <span class="method-start">867933 ms</span>
              </div> <!-- configuration-class after -->
            </div> <!-- chronological-class -->
            <div class="chronological-class">
              <div class="chronological-class-name">TestCase.ServiceTest.ReaderService</div> <!-- chronological-class-name -->
              <div class="configuration-class before">
                <span class="method-name">beforeClass</span>
                <span class="method-start">868677 ms</span>
              </div> <!-- configuration-class before -->
              <div class="test-method">
                <span class="method-name">readerServiceTest</span>
                <span class="method-start">874554 ms</span>
              </div> <!-- test-method -->
              <div class="configuration-class after">
                <span class="method-name">afterClass</span>
                <span class="method-start">902781 ms</span>
              </div> <!-- configuration-class after -->
            </div> <!-- chronological-class -->
            <div class="chronological-class">
              <div class="chronological-class-name">TestCase.ServiceTest.ReservationService</div> <!-- chronological-class-name -->
              <div class="configuration-class before">
                <span class="method-name">beforeClass</span>
                <span class="method-start">903532 ms</span>
              </div> <!-- configuration-class before -->
              <div class="test-method">
                <span class="method-name">reservationServiceTest</span>
                <span class="method-start">921915 ms</span>
              </div> <!-- test-method -->
              <div class="configuration-class after">
                <span class="method-name">afterClass</span>
                <span class="method-start">924673 ms</span>
              </div> <!-- configuration-class after -->
            </div> <!-- chronological-class -->
            <div class="chronological-class">
              <div class="chronological-class-name">TestCase.ServiceTest.SubjectService</div> <!-- chronological-class-name -->
              <div class="configuration-class before">
                <span class="method-name">beforeClass</span>
                <span class="method-start">925462 ms</span>
              </div> <!-- configuration-class before -->
              <div class="test-method">
                <span class="method-name">subjectServiceTest</span>
                <span class="method-start">927746 ms</span>
              </div> <!-- test-method -->
              <div class="configuration-class after">
                <span class="method-name">afterClass</span>
                <span class="method-start">938341 ms</span>
              </div> <!-- configuration-class after -->
            </div> <!-- chronological-class -->
            <div class="chronological-class">
              <div class="chronological-class-name">TestCase.ServiceTest.TeachingAndTraining</div> <!-- chronological-class-name -->
              <div class="configuration-class before">
                <span class="method-name">beforeClass</span>
                <span class="method-start">939164 ms</span>
              </div> <!-- configuration-class before -->
              <div class="test-method">
                <span class="method-name">teachingAndTrainingTest</span>
                <span class="method-start">941668 ms</span>
              </div> <!-- test-method -->
              <div class="configuration-class after">
                <span class="method-name">afterClass</span>
                <span class="method-start">943802 ms</span>
              </div> <!-- configuration-class after -->
            </div> <!-- chronological-class -->
            <div class="chronological-class">
              <div class="chronological-class-name">TestCase.LearningCenterTest.MultimediaAccountingVideo</div> <!-- chronological-class-name -->
              <div class="test-method">
                <span class="method-name">multimediaAccountingVideoTest</span>
                <span class="method-start">-1526966477436 ms</span>
              </div> <!-- test-method -->
            </div> <!-- chronological-class -->
            <div class="chronological-class">
              <div class="chronological-class-name">TestCase.ResourceTest.ForeignElectronicPeriodicals</div> <!-- chronological-class-name -->
              <div class="test-method">
                <span class="method-name">foreignElectronicPeriodicalsTest</span>
                <span class="method-start">-1526966477436 ms</span>
              </div> <!-- test-method -->
            </div> <!-- chronological-class -->
            <div class="chronological-class">
              <div class="chronological-class-name">TestCase.ResourceTest.FreeResources</div> <!-- chronological-class-name -->
              <div class="test-method">
                <span class="method-name">freeResourcesTest</span>
                <span class="method-start">-1526966477436 ms</span>
              </div> <!-- test-method -->
            </div> <!-- chronological-class -->
            <div class="chronological-class">
              <div class="chronological-class-name">TestCase.ResourceTest.GlobalOpenCurriculumResources</div> <!-- chronological-class-name -->
              <div class="test-method">
                <span class="method-name">globalOpenCurriculumResourcesTest</span>
                <span class="method-start">-1526966477436 ms</span>
              </div> <!-- test-method -->
          </div> <!-- main-panel-content rounded-window-bottom -->
        </div> <!-- panel -->
      </div> <!-- main-panel-root -->
    </div> <!-- wrapper -->
  </body>
</html>
